mode: atomic
github.com/TykTechnologies/storage/persistent/internal/helper/certificates.go:14.67,17.6 3 4
github.com/TykTechnologies/storage/persistent/internal/helper/certificates.go:34.2,34.32 1 4
github.com/TykTechnologies/storage/persistent/internal/helper/certificates.go:40.2,40.19 1 2
github.com/TykTechnologies/storage/persistent/internal/helper/certificates.go:17.6,19.19 2 10
github.com/TykTechnologies/storage/persistent/internal/helper/certificates.go:22.3,22.34 1 6
github.com/TykTechnologies/storage/persistent/internal/helper/certificates.go:31.3,31.14 1 6
github.com/TykTechnologies/storage/persistent/internal/helper/certificates.go:19.19,20.9 1 4
github.com/TykTechnologies/storage/persistent/internal/helper/certificates.go:22.34,24.4 1 3
github.com/TykTechnologies/storage/persistent/internal/helper/certificates.go:24.9,26.18 2 3
github.com/TykTechnologies/storage/persistent/internal/helper/certificates.go:26.18,28.5 1 0
github.com/TykTechnologies/storage/persistent/internal/helper/certificates.go:34.32,36.3 1 1
github.com/TykTechnologies/storage/persistent/internal/helper/certificates.go:36.8,36.35 1 3
github.com/TykTechnologies/storage/persistent/internal/helper/certificates.go:36.35,38.3 1 1
github.com/TykTechnologies/storage/persistent/internal/helper/certificates.go:43.75,45.16 2 2
github.com/TykTechnologies/storage/persistent/internal/helper/certificates.go:49.2,49.35 1 1
github.com/TykTechnologies/storage/persistent/internal/helper/certificates.go:45.16,47.3 1 1
github.com/TykTechnologies/storage/persistent/internal/helper/certificates.go:52.61,53.60 1 7
github.com/TykTechnologies/storage/persistent/internal/helper/certificates.go:56.2,56.60 1 3
github.com/TykTechnologies/storage/persistent/internal/helper/certificates.go:64.2,64.57 1 2
github.com/TykTechnologies/storage/persistent/internal/helper/certificates.go:67.2,67.55 1 1
github.com/TykTechnologies/storage/persistent/internal/helper/certificates.go:53.60,55.3 1 4
github.com/TykTechnologies/storage/persistent/internal/helper/certificates.go:56.60,57.28 1 1
github.com/TykTechnologies/storage/persistent/internal/helper/certificates.go:58.43,59.19 1 1
github.com/TykTechnologies/storage/persistent/internal/helper/certificates.go:60.11,61.79 1 0
github.com/TykTechnologies/storage/persistent/internal/helper/certificates.go:64.57,66.3 1 1
