mode: atomic
github.com/TykTechnologies/storage/persistent/internal/helper/certificates.go:15.67,18.6 3 4
github.com/TykTechnologies/storage/persistent/internal/helper/certificates.go:35.2,35.32 1 4
github.com/TykTechnologies/storage/persistent/internal/helper/certificates.go:41.2,41.19 1 2
github.com/TykTechnologies/storage/persistent/internal/helper/certificates.go:18.6,20.19 2 10
github.com/TykTechnologies/storage/persistent/internal/helper/certificates.go:23.3,23.34 1 6
github.com/TykTechnologies/storage/persistent/internal/helper/certificates.go:32.3,32.14 1 6
github.com/TykTechnologies/storage/persistent/internal/helper/certificates.go:20.19,21.9 1 4
github.com/TykTechnologies/storage/persistent/internal/helper/certificates.go:23.34,25.4 1 3
github.com/TykTechnologies/storage/persistent/internal/helper/certificates.go:25.9,27.18 2 3
github.com/TykTechnologies/storage/persistent/internal/helper/certificates.go:27.18,29.5 1 0
github.com/TykTechnologies/storage/persistent/internal/helper/certificates.go:35.32,37.3 1 1
github.com/TykTechnologies/storage/persistent/internal/helper/certificates.go:37.8,37.35 1 3
github.com/TykTechnologies/storage/persistent/internal/helper/certificates.go:37.35,39.3 1 1
github.com/TykTechnologies/storage/persistent/internal/helper/certificates.go:44.75,46.16 2 2
github.com/TykTechnologies/storage/persistent/internal/helper/certificates.go:50.2,50.35 1 1
github.com/TykTechnologies/storage/persistent/internal/helper/certificates.go:46.16,48.3 1 1
github.com/TykTechnologies/storage/persistent/internal/helper/certificates.go:53.61,54.60 1 7
github.com/TykTechnologies/storage/persistent/internal/helper/certificates.go:57.2,57.60 1 3
github.com/TykTechnologies/storage/persistent/internal/helper/certificates.go:65.2,65.57 1 2
github.com/TykTechnologies/storage/persistent/internal/helper/certificates.go:68.2,68.55 1 1
github.com/TykTechnologies/storage/persistent/internal/helper/certificates.go:54.60,56.3 1 4
github.com/TykTechnologies/storage/persistent/internal/helper/certificates.go:57.60,58.28 1 1
github.com/TykTechnologies/storage/persistent/internal/helper/certificates.go:59.43,60.19 1 1
github.com/TykTechnologies/storage/persistent/internal/helper/certificates.go:61.11,62.79 1 0
github.com/TykTechnologies/storage/persistent/internal/helper/certificates.go:65.57,67.3 1 1
