mode: atomic
github.com/TykTechnologies/storage/persistent/internal/driver/mgo/life_cycle.go:26.60,28.16 2 99
github.com/TykTechnologies/storage/persistent/internal/driver/mgo/life_cycle.go:28.16,30.3 1 1
github.com/TykTechnologies/storage/persistent/internal/driver/mgo/life_cycle.go:32.2,33.33 2 98
github.com/TykTechnologies/storage/persistent/internal/driver/mgo/life_cycle.go:33.33,35.3 1 4
github.com/TykTechnologies/storage/persistent/internal/driver/mgo/life_cycle.go:37.2,39.17 2 98
github.com/TykTechnologies/storage/persistent/internal/driver/mgo/life_cycle.go:39.17,41.17 2 1
github.com/TykTechnologies/storage/persistent/internal/driver/mgo/life_cycle.go:41.17,43.4 1 1
github.com/TykTechnologies/storage/persistent/internal/driver/mgo/life_cycle.go:45.3,45.70 1 0
github.com/TykTechnologies/storage/persistent/internal/driver/mgo/life_cycle.go:45.70,47.4 1 0
github.com/TykTechnologies/storage/persistent/internal/driver/mgo/life_cycle.go:50.2,51.16 2 97
github.com/TykTechnologies/storage/persistent/internal/driver/mgo/life_cycle.go:51.16,53.3 1 4
github.com/TykTechnologies/storage/persistent/internal/driver/mgo/life_cycle.go:55.2,64.12 7 93
github.com/TykTechnologies/storage/persistent/internal/driver/mgo/life_cycle.go:68.36,69.23 1 11
github.com/TykTechnologies/storage/persistent/internal/driver/mgo/life_cycle.go:69.23,76.3 4 7
github.com/TykTechnologies/storage/persistent/internal/driver/mgo/life_cycle.go:78.2,78.54 1 4
github.com/TykTechnologies/storage/persistent/internal/driver/mgo/life_cycle.go:82.44,83.44 1 1
github.com/TykTechnologies/storage/persistent/internal/driver/mgo/life_cycle.go:83.44,85.3 1 0
github.com/TykTechnologies/storage/persistent/internal/driver/mgo/life_cycle.go:87.2,91.82 2 1
github.com/TykTechnologies/storage/persistent/internal/driver/mgo/life_cycle.go:91.82,93.3 1 0
github.com/TykTechnologies/storage/persistent/internal/driver/mgo/life_cycle.go:95.2,95.28 1 1
github.com/TykTechnologies/storage/persistent/internal/driver/mgo/life_cycle.go:98.68,99.33 1 96
github.com/TykTechnologies/storage/persistent/internal/driver/mgo/life_cycle.go:100.18,101.41 1 2
github.com/TykTechnologies/storage/persistent/internal/driver/mgo/life_cycle.go:102.19,103.42 1 2
github.com/TykTechnologies/storage/persistent/internal/driver/mgo/life_cycle.go:104.10,105.39 1 92
github.com/TykTechnologies/storage/persistent/internal/driver/mgo/mgo.go:30.63,37.16 4 87
github.com/TykTechnologies/storage/persistent/internal/driver/mgo/mgo.go:37.16,39.3 1 0
github.com/TykTechnologies/storage/persistent/internal/driver/mgo/mgo.go:41.2,43.23 2 87
github.com/TykTechnologies/storage/persistent/internal/driver/mgo/mgo.go:46.79,47.20 1 198
github.com/TykTechnologies/storage/persistent/internal/driver/mgo/mgo.go:47.20,49.3 1 1
github.com/TykTechnologies/storage/persistent/internal/driver/mgo/mgo.go:51.2,58.27 6 197
github.com/TykTechnologies/storage/persistent/internal/driver/mgo/mgo.go:58.27,59.30 1 199
github.com/TykTechnologies/storage/persistent/internal/driver/mgo/mgo.go:59.30,61.4 1 6
github.com/TykTechnologies/storage/persistent/internal/driver/mgo/mgo.go:63.3,63.19 1 199
github.com/TykTechnologies/storage/persistent/internal/driver/mgo/mgo.go:66.2,68.32 2 197
github.com/TykTechnologies/storage/persistent/internal/driver/mgo/mgo.go:71.97,72.22 1 13
github.com/TykTechnologies/storage/persistent/internal/driver/mgo/mgo.go:72.22,74.3 1 1
github.com/TykTechnologies/storage/persistent/internal/driver/mgo/mgo.go:76.2,76.23 1 12
github.com/TykTechnologies/storage/persistent/internal/driver/mgo/mgo.go:76.23,78.3 1 3
github.com/TykTechnologies/storage/persistent/internal/driver/mgo/mgo.go:80.2,87.36 5 12
github.com/TykTechnologies/storage/persistent/internal/driver/mgo/mgo.go:87.36,89.3 1 3
github.com/TykTechnologies/storage/persistent/internal/driver/mgo/mgo.go:91.2,91.32 1 9
github.com/TykTechnologies/storage/persistent/internal/driver/mgo/mgo.go:94.97,95.22 1 3
github.com/TykTechnologies/storage/persistent/internal/driver/mgo/mgo.go:95.22,97.3 1 0
github.com/TykTechnologies/storage/persistent/internal/driver/mgo/mgo.go:99.2,99.23 1 3
github.com/TykTechnologies/storage/persistent/internal/driver/mgo/mgo.go:99.23,101.3 1 3
github.com/TykTechnologies/storage/persistent/internal/driver/mgo/mgo.go:103.2,108.84 4 3
github.com/TykTechnologies/storage/persistent/internal/driver/mgo/mgo.go:111.102,112.20 1 6
github.com/TykTechnologies/storage/persistent/internal/driver/mgo/mgo.go:112.20,114.3 1 1
github.com/TykTechnologies/storage/persistent/internal/driver/mgo/mgo.go:116.2,116.48 1 5
github.com/TykTechnologies/storage/persistent/internal/driver/mgo/mgo.go:116.48,118.3 1 1
github.com/TykTechnologies/storage/persistent/internal/driver/mgo/mgo.go:120.2,127.22 6 4
github.com/TykTechnologies/storage/persistent/internal/driver/mgo/mgo.go:127.22,128.22 1 6
github.com/TykTechnologies/storage/persistent/internal/driver/mgo/mgo.go:128.22,131.12 2 4
github.com/TykTechnologies/storage/persistent/internal/driver/mgo/mgo.go:134.3,134.61 1 2
github.com/TykTechnologies/storage/persistent/internal/driver/mgo/mgo.go:137.2,138.37 2 4
github.com/TykTechnologies/storage/persistent/internal/driver/mgo/mgo.go:138.37,140.3 1 1
github.com/TykTechnologies/storage/persistent/internal/driver/mgo/mgo.go:142.2,142.32 1 3
github.com/TykTechnologies/storage/persistent/internal/driver/mgo/mgo.go:145.103,152.39 5 5
github.com/TykTechnologies/storage/persistent/internal/driver/mgo/mgo.go:152.39,154.3 1 1
github.com/TykTechnologies/storage/persistent/internal/driver/mgo/mgo.go:156.2,156.32 1 4
github.com/TykTechnologies/storage/persistent/internal/driver/mgo/mgo.go:159.103,160.22 1 6
github.com/TykTechnologies/storage/persistent/internal/driver/mgo/mgo.go:160.22,162.3 1 1
github.com/TykTechnologies/storage/persistent/internal/driver/mgo/mgo.go:164.2,165.23 2 5
github.com/TykTechnologies/storage/persistent/internal/driver/mgo/mgo.go:165.23,167.3 1 2
github.com/TykTechnologies/storage/persistent/internal/driver/mgo/mgo.go:169.2,176.35 5 5
github.com/TykTechnologies/storage/persistent/internal/driver/mgo/mgo.go:179.111,184.16 4 40
github.com/TykTechnologies/storage/persistent/internal/driver/mgo/mgo.go:184.16,186.3 1 0
github.com/TykTechnologies/storage/persistent/internal/driver/mgo/mgo.go:188.2,195.15 5 40
github.com/TykTechnologies/storage/persistent/internal/driver/mgo/mgo.go:195.15,197.3 1 4
github.com/TykTechnologies/storage/persistent/internal/driver/mgo/mgo.go:199.2,199.57 1 40
github.com/TykTechnologies/storage/persistent/internal/driver/mgo/mgo.go:199.57,201.3 1 3
github.com/TykTechnologies/storage/persistent/internal/driver/mgo/mgo.go:203.2,203.60 1 40
github.com/TykTechnologies/storage/persistent/internal/driver/mgo/mgo.go:203.60,205.3 1 2
github.com/TykTechnologies/storage/persistent/internal/driver/mgo/mgo.go:207.2,207.28 1 40
github.com/TykTechnologies/storage/persistent/internal/driver/mgo/mgo.go:207.28,209.3 1 35
github.com/TykTechnologies/storage/persistent/internal/driver/mgo/mgo.go:209.8,211.3 1 5
github.com/TykTechnologies/storage/persistent/internal/driver/mgo/mgo.go:213.2,213.32 1 40
github.com/TykTechnologies/storage/persistent/internal/driver/mgo/mgo.go:216.73,221.2 3 51
github.com/TykTechnologies/storage/persistent/internal/driver/mgo/mgo.go:223.62,224.22 1 3
github.com/TykTechnologies/storage/persistent/internal/driver/mgo/mgo.go:224.22,226.3 1 1
github.com/TykTechnologies/storage/persistent/internal/driver/mgo/mgo.go:228.2,228.15 1 2
github.com/TykTechnologies/storage/persistent/internal/driver/mgo/mgo.go:228.15,229.35 1 2
github.com/TykTechnologies/storage/persistent/internal/driver/mgo/mgo.go:229.35,231.4 1 1
github.com/TykTechnologies/storage/persistent/internal/driver/mgo/mgo.go:234.2,237.40 3 2
github.com/TykTechnologies/storage/persistent/internal/driver/mgo/mgo.go:240.101,241.22 1 11
github.com/TykTechnologies/storage/persistent/internal/driver/mgo/mgo.go:241.22,243.3 1 1
github.com/TykTechnologies/storage/persistent/internal/driver/mgo/mgo.go:245.2,245.15 1 10
github.com/TykTechnologies/storage/persistent/internal/driver/mgo/mgo.go:245.15,246.35 1 10
github.com/TykTechnologies/storage/persistent/internal/driver/mgo/mgo.go:246.35,248.4 1 1
github.com/TykTechnologies/storage/persistent/internal/driver/mgo/mgo.go:251.2,255.16 4 10
github.com/TykTechnologies/storage/persistent/internal/driver/mgo/mgo.go:255.16,257.3 1 0
github.com/TykTechnologies/storage/persistent/internal/driver/mgo/mgo.go:259.2,259.29 1 9
github.com/TykTechnologies/storage/persistent/internal/driver/mgo/mgo.go:259.29,260.25 1 6
github.com/TykTechnologies/storage/persistent/internal/driver/mgo/mgo.go:260.25,262.4 1 6
github.com/TykTechnologies/storage/persistent/internal/driver/mgo/mgo.go:265.2,265.19 1 3
github.com/TykTechnologies/storage/persistent/internal/driver/mgo/mgo.go:268.55,269.16 1 345
github.com/TykTechnologies/storage/persistent/internal/driver/mgo/mgo.go:269.16,271.3 1 330
github.com/TykTechnologies/storage/persistent/internal/driver/mgo/mgo.go:273.2,281.38 2 15
github.com/TykTechnologies/storage/persistent/internal/driver/mgo/mgo.go:281.38,282.44 1 72
github.com/TykTechnologies/storage/persistent/internal/driver/mgo/mgo.go:282.44,284.22 2 3
github.com/TykTechnologies/storage/persistent/internal/driver/mgo/mgo.go:284.22,286.5 1 3
github.com/TykTechnologies/storage/persistent/internal/driver/mgo/mgo.go:288.4,288.14 1 0
github.com/TykTechnologies/storage/persistent/internal/driver/mgo/mgo.go:292.2,292.12 1 12
github.com/TykTechnologies/storage/persistent/internal/driver/mgo/mgo.go:295.99,296.26 1 7
github.com/TykTechnologies/storage/persistent/internal/driver/mgo/mgo.go:296.26,298.3 1 1
github.com/TykTechnologies/storage/persistent/internal/driver/mgo/mgo.go:298.8,298.52 1 6
github.com/TykTechnologies/storage/persistent/internal/driver/mgo/mgo.go:298.52,300.3 1 1
github.com/TykTechnologies/storage/persistent/internal/driver/mgo/mgo.go:302.2,304.33 2 5
github.com/TykTechnologies/storage/persistent/internal/driver/mgo/mgo.go:304.33,305.25 1 7
github.com/TykTechnologies/storage/persistent/internal/driver/mgo/mgo.go:305.25,306.20 1 7
github.com/TykTechnologies/storage/persistent/internal/driver/mgo/mgo.go:307.27,308.22 1 6
github.com/TykTechnologies/storage/persistent/internal/driver/mgo/mgo.go:308.22,310.6 1 1
github.com/TykTechnologies/storage/persistent/internal/driver/mgo/mgo.go:310.11,312.6 1 5
github.com/TykTechnologies/storage/persistent/internal/driver/mgo/mgo.go:313.12,314.51 1 1
github.com/TykTechnologies/storage/persistent/internal/driver/mgo/mgo.go:319.2,329.22 5 5
github.com/TykTechnologies/storage/persistent/internal/driver/mgo/mgo.go:329.22,331.3 1 1
github.com/TykTechnologies/storage/persistent/internal/driver/mgo/mgo.go:333.2,333.54 1 5
github.com/TykTechnologies/storage/persistent/internal/driver/mgo/mgo.go:336.96,338.16 2 7
github.com/TykTechnologies/storage/persistent/internal/driver/mgo/mgo.go:338.16,340.3 1 0
github.com/TykTechnologies/storage/persistent/internal/driver/mgo/mgo.go:342.2,342.15 1 7
github.com/TykTechnologies/storage/persistent/internal/driver/mgo/mgo.go:342.15,344.3 1 2
github.com/TykTechnologies/storage/persistent/internal/driver/mgo/mgo.go:346.2,354.16 6 5
github.com/TykTechnologies/storage/persistent/internal/driver/mgo/mgo.go:354.16,356.3 1 0
github.com/TykTechnologies/storage/persistent/internal/driver/mgo/mgo.go:358.2,358.29 1 5
github.com/TykTechnologies/storage/persistent/internal/driver/mgo/mgo.go:358.29,361.45 2 10
github.com/TykTechnologies/storage/persistent/internal/driver/mgo/mgo.go:361.45,364.11 2 12
github.com/TykTechnologies/storage/persistent/internal/driver/mgo/mgo.go:365.40,366.35 1 1
github.com/TykTechnologies/storage/persistent/internal/driver/mgo/mgo.go:367.58,369.34 2 1
github.com/TykTechnologies/storage/persistent/internal/driver/mgo/mgo.go:370.12,371.30 1 10
github.com/TykTechnologies/storage/persistent/internal/driver/mgo/mgo.go:374.4,374.37 1 12
github.com/TykTechnologies/storage/persistent/internal/driver/mgo/mgo.go:377.3,382.37 2 10
github.com/TykTechnologies/storage/persistent/internal/driver/mgo/mgo.go:382.37,385.4 2 1
github.com/TykTechnologies/storage/persistent/internal/driver/mgo/mgo.go:387.3,387.38 1 10
github.com/TykTechnologies/storage/persistent/internal/driver/mgo/mgo.go:390.2,390.21 1 5
github.com/TykTechnologies/storage/persistent/internal/driver/mgo/mgo.go:393.98,397.45 3 3
github.com/TykTechnologies/storage/persistent/internal/driver/mgo/mgo.go:397.45,399.3 1 1
github.com/TykTechnologies/storage/persistent/internal/driver/mgo/mgo.go:401.2,401.27 1 2
github.com/TykTechnologies/storage/persistent/internal/driver/mgo/mgo.go:401.27,404.20 2 2
github.com/TykTechnologies/storage/persistent/internal/driver/mgo/mgo.go:404.20,408.18 3 1
github.com/TykTechnologies/storage/persistent/internal/driver/mgo/mgo.go:408.18,410.5 1 0
github.com/TykTechnologies/storage/persistent/internal/driver/mgo/mgo.go:412.4,412.12 1 1
github.com/TykTechnologies/storage/persistent/internal/driver/mgo/mgo.go:415.3,416.17 2 1
github.com/TykTechnologies/storage/persistent/internal/driver/mgo/mgo.go:416.17,418.4 1 0
github.com/TykTechnologies/storage/persistent/internal/driver/mgo/mgo.go:421.2,421.12 1 2
github.com/TykTechnologies/storage/persistent/internal/driver/mgo/mgo.go:424.61,429.2 3 21
github.com/TykTechnologies/storage/persistent/internal/driver/mgo/mgo.go:431.94,440.2 5 1
github.com/TykTechnologies/storage/persistent/internal/driver/mgo/mgo.go:442.112,453.6 8 0
github.com/TykTechnologies/storage/persistent/internal/driver/mgo/mgo.go:453.6,455.26 2 0
github.com/TykTechnologies/storage/persistent/internal/driver/mgo/mgo.go:455.26,456.9 1 0
github.com/TykTechnologies/storage/persistent/internal/driver/mgo/mgo.go:459.3,460.9 2 0
github.com/TykTechnologies/storage/persistent/internal/driver/mgo/mgo.go:460.9,462.4 1 0
github.com/TykTechnologies/storage/persistent/internal/driver/mgo/mgo.go:464.3,464.44 1 0
github.com/TykTechnologies/storage/persistent/internal/driver/mgo/mgo.go:467.2,467.23 1 0
github.com/TykTechnologies/storage/persistent/internal/driver/mgo/mgo.go:467.23,469.3 1 0
github.com/TykTechnologies/storage/persistent/internal/driver/mgo/mgo.go:471.2,471.25 1 0
github.com/TykTechnologies/storage/persistent/internal/driver/mgo/mgo.go:474.81,481.16 5 0
github.com/TykTechnologies/storage/persistent/internal/driver/mgo/mgo.go:481.16,483.3 1 0
github.com/TykTechnologies/storage/persistent/internal/driver/mgo/mgo.go:485.2,485.36 1 0
github.com/TykTechnologies/storage/persistent/internal/driver/mgo/mgo.go:485.36,487.27 2 0
github.com/TykTechnologies/storage/persistent/internal/driver/mgo/mgo.go:487.27,489.18 2 0
github.com/TykTechnologies/storage/persistent/internal/driver/mgo/mgo.go:489.18,491.5 1 0
github.com/TykTechnologies/storage/persistent/internal/driver/mgo/mgo.go:495.2,495.12 1 0
github.com/TykTechnologies/storage/persistent/internal/driver/mgo/mgo.go:498.100,511.2 5 0
github.com/TykTechnologies/storage/persistent/internal/driver/mgo/mgo.go:513.78,521.2 5 0
github.com/TykTechnologies/storage/persistent/internal/driver/mgo/mgo.go:523.70,525.2 1 0
github.com/TykTechnologies/storage/persistent/internal/driver/mgo/mgo.go:527.88,529.16 2 0
github.com/TykTechnologies/storage/persistent/internal/driver/mgo/mgo.go:529.16,531.3 1 0
github.com/TykTechnologies/storage/persistent/internal/driver/mgo/mgo.go:533.2,533.62 1 0
github.com/TykTechnologies/storage/persistent/internal/driver/mgo/migrations.go:5.63,8.41 2 1
github.com/TykTechnologies/storage/persistent/internal/driver/mgo/migrations.go:8.41,10.3 1 1
github.com/TykTechnologies/storage/persistent/internal/driver/mgo/migrations.go:12.2,12.42 1 1
github.com/TykTechnologies/storage/persistent/internal/driver/mgo/migrations.go:12.42,14.3 1 1
github.com/TykTechnologies/storage/persistent/internal/driver/mgo/migrations.go:16.2,16.41 1 1
github.com/TykTechnologies/storage/persistent/internal/driver/mgo/migrations.go:16.41,18.3 1 0
github.com/TykTechnologies/storage/persistent/internal/driver/mgo/migrations.go:20.2,20.49 1 1
github.com/TykTechnologies/storage/persistent/internal/driver/mgo/migrations.go:20.49,22.3 1 0
github.com/TykTechnologies/storage/persistent/internal/driver/mgo/migrations.go:24.2,24.47 1 1
github.com/TykTechnologies/storage/persistent/internal/driver/mgo/migrations.go:24.47,26.3 1 0
github.com/TykTechnologies/storage/persistent/internal/driver/mgo/migrations.go:28.2,28.37 1 1
github.com/TykTechnologies/storage/persistent/internal/driver/mgo/migrations.go:28.37,30.3 1 0
github.com/TykTechnologies/storage/persistent/internal/driver/mgo/migrations.go:32.2,32.52 1 1
github.com/TykTechnologies/storage/persistent/internal/driver/mgo/migrations.go:32.52,34.3 1 0
github.com/TykTechnologies/storage/persistent/internal/driver/mgo/migrations.go:36.2,36.53 1 1
github.com/TykTechnologies/storage/persistent/internal/driver/mgo/migrations.go:36.53,38.3 1 0
github.com/TykTechnologies/storage/persistent/internal/driver/mgo/migrations.go:40.2,40.50 1 1
github.com/TykTechnologies/storage/persistent/internal/driver/mgo/migrations.go:40.50,42.3 1 0
github.com/TykTechnologies/storage/persistent/internal/driver/mgo/migrations.go:44.2,44.23 1 1
github.com/TykTechnologies/storage/persistent/internal/driver/mgo/query.go:13.41,16.32 2 69
github.com/TykTechnologies/storage/persistent/internal/driver/mgo/query.go:16.32,17.14 1 51
github.com/TykTechnologies/storage/persistent/internal/driver/mgo/query.go:18.70,19.12 1 9
github.com/TykTechnologies/storage/persistent/internal/driver/mgo/query.go:20.14,21.44 1 14
github.com/TykTechnologies/storage/persistent/internal/driver/mgo/query.go:21.44,23.13 2 13
github.com/TykTechnologies/storage/persistent/internal/driver/mgo/query.go:26.4,26.40 1 1
github.com/TykTechnologies/storage/persistent/internal/driver/mgo/query.go:27.11,28.40 1 28
github.com/TykTechnologies/storage/persistent/internal/driver/mgo/query.go:32.2,32.15 1 69
github.com/TykTechnologies/storage/persistent/internal/driver/mgo/query.go:35.69,36.9 1 29
github.com/TykTechnologies/storage/persistent/internal/driver/mgo/query.go:37.28,38.40 1 17
github.com/TykTechnologies/storage/persistent/internal/driver/mgo/query.go:39.70,42.28 2 0
github.com/TykTechnologies/storage/persistent/internal/driver/mgo/query.go:42.28,44.33 2 0
github.com/TykTechnologies/storage/persistent/internal/driver/mgo/query.go:44.33,45.32 1 0
github.com/TykTechnologies/storage/persistent/internal/driver/mgo/query.go:45.32,47.6 1 0
github.com/TykTechnologies/storage/persistent/internal/driver/mgo/query.go:50.4,52.10 2 0
github.com/TykTechnologies/storage/persistent/internal/driver/mgo/query.go:55.3,55.37 1 0
github.com/TykTechnologies/storage/persistent/internal/driver/mgo/query.go:56.10,57.22 1 12
github.com/TykTechnologies/storage/persistent/internal/driver/mgo/query.go:61.44,64.2 2 29
github.com/TykTechnologies/storage/persistent/internal/driver/mgo/query.go:66.70,68.9 2 17
github.com/TykTechnologies/storage/persistent/internal/driver/mgo/query.go:68.9,70.3 1 0
github.com/TykTechnologies/storage/persistent/internal/driver/mgo/query.go:72.2,72.50 1 17
github.com/TykTechnologies/storage/persistent/internal/driver/mgo/query.go:72.50,73.20 1 17
github.com/TykTechnologies/storage/persistent/internal/driver/mgo/query.go:74.13,75.51 1 0
github.com/TykTechnologies/storage/persistent/internal/driver/mgo/query.go:75.51,78.5 2 0
github.com/TykTechnologies/storage/persistent/internal/driver/mgo/query.go:79.16,80.51 1 0
github.com/TykTechnologies/storage/persistent/internal/driver/mgo/query.go:80.51,82.5 1 0
github.com/TykTechnologies/storage/persistent/internal/driver/mgo/query.go:83.11,84.33 1 17
github.com/TykTechnologies/storage/persistent/internal/driver/mgo/query.go:84.33,86.5 1 17
github.com/TykTechnologies/storage/persistent/internal/driver/mgo/query.go:86.10,87.38 1 0
github.com/TykTechnologies/storage/persistent/internal/driver/mgo/query.go:87.38,90.6 2 0
github.com/TykTechnologies/storage/persistent/internal/driver/mgo/query.go:96.70,98.9 2 40
github.com/TykTechnologies/storage/persistent/internal/driver/mgo/query.go:98.9,99.17 1 40
github.com/TykTechnologies/storage/persistent/internal/driver/mgo/query.go:99.17,101.4 1 0
github.com/TykTechnologies/storage/persistent/internal/driver/mgo/query.go:103.3,103.28 1 40
github.com/TykTechnologies/storage/persistent/internal/driver/mgo/query.go:106.2,106.21 1 40
