mode: set
github.com/TykTechnologies/storage/temporal/connector/connector.go:14.86,15.18 1 1
github.com/TykTechnologies/storage/temporal/connector/connector.go:16.25,17.48 1 1
github.com/TykTechnologies/storage/temporal/connector/connector.go:18.10,19.41 1 1
github.com/TykTechnologies/storage/temporal/internal/driver/redisv8/connector.go:10.57,12.2 1 0
github.com/TykTechnologies/storage/temporal/internal/driver/redisv8/connector.go:14.51,16.2 1 1
github.com/TykTechnologies/storage/temporal/internal/driver/redisv8/connector.go:18.33,20.2 1 0
github.com/TykTechnologies/storage/temporal/internal/driver/redisv8/connector.go:25.42,26.45 1 0
github.com/TykTechnologies/storage/temporal/internal/driver/redisv8/connector.go:26.45,29.3 2 0
github.com/TykTechnologies/storage/temporal/internal/driver/redisv8/connector.go:31.2,31.14 1 0
github.com/TykTechnologies/storage/temporal/internal/driver/redisv8/flusher.go:10.55,11.35 1 0
github.com/TykTechnologies/storage/temporal/internal/driver/redisv8/flusher.go:12.28,13.94 1 0
github.com/TykTechnologies/storage/temporal/internal/driver/redisv8/flusher.go:13.94,15.4 1 0
github.com/TykTechnologies/storage/temporal/internal/driver/redisv8/flusher.go:16.21,17.38 1 0
github.com/TykTechnologies/storage/temporal/internal/driver/redisv8/flusher.go:18.10,19.36 1 0
github.com/TykTechnologies/storage/temporal/internal/driver/redisv8/keyvalue.go:15.72,16.15 1 0
github.com/TykTechnologies/storage/temporal/internal/driver/redisv8/keyvalue.go:16.15,18.3 1 0
github.com/TykTechnologies/storage/temporal/internal/driver/redisv8/keyvalue.go:20.2,21.16 2 0
github.com/TykTechnologies/storage/temporal/internal/driver/redisv8/keyvalue.go:21.16,22.32 1 0
github.com/TykTechnologies/storage/temporal/internal/driver/redisv8/keyvalue.go:22.32,24.4 1 0
github.com/TykTechnologies/storage/temporal/internal/driver/redisv8/keyvalue.go:26.3,26.17 1 0
github.com/TykTechnologies/storage/temporal/internal/driver/redisv8/keyvalue.go:29.2,29.20 1 0
github.com/TykTechnologies/storage/temporal/internal/driver/redisv8/keyvalue.go:33.95,34.15 1 0
github.com/TykTechnologies/storage/temporal/internal/driver/redisv8/keyvalue.go:34.15,36.3 1 0
github.com/TykTechnologies/storage/temporal/internal/driver/redisv8/keyvalue.go:38.2,38.56 1 0
github.com/TykTechnologies/storage/temporal/internal/driver/redisv8/keyvalue.go:42.65,43.15 1 0
github.com/TykTechnologies/storage/temporal/internal/driver/redisv8/keyvalue.go:43.15,45.3 1 0
github.com/TykTechnologies/storage/temporal/internal/driver/redisv8/keyvalue.go:47.2,49.12 2 0
github.com/TykTechnologies/storage/temporal/internal/driver/redisv8/keyvalue.go:53.77,54.15 1 0
github.com/TykTechnologies/storage/temporal/internal/driver/redisv8/keyvalue.go:54.15,56.3 1 0
github.com/TykTechnologies/storage/temporal/internal/driver/redisv8/keyvalue.go:58.2,59.97 2 0
github.com/TykTechnologies/storage/temporal/internal/driver/redisv8/keyvalue.go:59.97,61.3 1 0
github.com/TykTechnologies/storage/temporal/internal/driver/redisv8/keyvalue.go:63.2,63.17 1 0
github.com/TykTechnologies/storage/temporal/internal/driver/redisv8/keyvalue.go:67.77,68.15 1 0
github.com/TykTechnologies/storage/temporal/internal/driver/redisv8/keyvalue.go:68.15,70.3 1 0
github.com/TykTechnologies/storage/temporal/internal/driver/redisv8/keyvalue.go:72.2,73.97 2 0
github.com/TykTechnologies/storage/temporal/internal/driver/redisv8/keyvalue.go:73.97,75.3 1 0
github.com/TykTechnologies/storage/temporal/internal/driver/redisv8/keyvalue.go:77.2,77.17 1 0
github.com/TykTechnologies/storage/temporal/internal/driver/redisv8/keyvalue.go:81.73,82.15 1 0
github.com/TykTechnologies/storage/temporal/internal/driver/redisv8/keyvalue.go:82.15,84.3 1 0
github.com/TykTechnologies/storage/temporal/internal/driver/redisv8/keyvalue.go:86.2,88.24 2 0
github.com/TykTechnologies/storage/temporal/internal/driver/redisv8/keyvalue.go:92.91,93.15 1 0
github.com/TykTechnologies/storage/temporal/internal/driver/redisv8/keyvalue.go:93.15,95.3 1 0
github.com/TykTechnologies/storage/temporal/internal/driver/redisv8/keyvalue.go:97.2,97.52 1 0
github.com/TykTechnologies/storage/temporal/internal/driver/redisv8/keyvalue.go:101.71,102.15 1 0
github.com/TykTechnologies/storage/temporal/internal/driver/redisv8/keyvalue.go:102.15,104.3 1 0
github.com/TykTechnologies/storage/temporal/internal/driver/redisv8/keyvalue.go:106.2,107.16 2 0
github.com/TykTechnologies/storage/temporal/internal/driver/redisv8/keyvalue.go:107.16,109.3 1 0
github.com/TykTechnologies/storage/temporal/internal/driver/redisv8/keyvalue.go:111.2,111.39 1 0
github.com/TykTechnologies/storage/temporal/internal/driver/redisv8/keyvalue.go:115.81,116.20 1 0
github.com/TykTechnologies/storage/temporal/internal/driver/redisv8/keyvalue.go:116.20,118.3 1 0
github.com/TykTechnologies/storage/temporal/internal/driver/redisv8/keyvalue.go:120.2,120.30 1 0
github.com/TykTechnologies/storage/temporal/internal/driver/redisv8/keyvalue.go:121.28,122.43 1 0
github.com/TykTechnologies/storage/temporal/internal/driver/redisv8/keyvalue.go:123.21,124.38 1 0
github.com/TykTechnologies/storage/temporal/internal/driver/redisv8/keyvalue.go:125.10,126.39 1 0
github.com/TykTechnologies/storage/temporal/internal/driver/redisv8/keyvalue.go:131.118,134.27 2 0
github.com/TykTechnologies/storage/temporal/internal/driver/redisv8/keyvalue.go:134.27,138.54 2 0
github.com/TykTechnologies/storage/temporal/internal/driver/redisv8/keyvalue.go:138.54,140.4 1 0
github.com/TykTechnologies/storage/temporal/internal/driver/redisv8/keyvalue.go:143.3,144.17 2 0
github.com/TykTechnologies/storage/temporal/internal/driver/redisv8/keyvalue.go:144.17,146.4 1 0
github.com/TykTechnologies/storage/temporal/internal/driver/redisv8/keyvalue.go:148.3,148.26 1 0
github.com/TykTechnologies/storage/temporal/internal/driver/redisv8/keyvalue.go:151.2,151.26 1 0
github.com/TykTechnologies/storage/temporal/internal/driver/redisv8/keyvalue.go:155.87,158.35 2 0
github.com/TykTechnologies/storage/temporal/internal/driver/redisv8/keyvalue.go:159.28,160.90 1 0
github.com/TykTechnologies/storage/temporal/internal/driver/redisv8/keyvalue.go:160.90,162.18 2 0
github.com/TykTechnologies/storage/temporal/internal/driver/redisv8/keyvalue.go:162.18,164.5 1 0
github.com/TykTechnologies/storage/temporal/internal/driver/redisv8/keyvalue.go:166.4,167.14 2 0
github.com/TykTechnologies/storage/temporal/internal/driver/redisv8/keyvalue.go:169.3,169.17 1 0
github.com/TykTechnologies/storage/temporal/internal/driver/redisv8/keyvalue.go:169.17,171.4 1 0
github.com/TykTechnologies/storage/temporal/internal/driver/redisv8/keyvalue.go:173.21,177.17 3 0
github.com/TykTechnologies/storage/temporal/internal/driver/redisv8/keyvalue.go:177.17,179.4 1 0
github.com/TykTechnologies/storage/temporal/internal/driver/redisv8/keyvalue.go:181.10,182.50 1 0
github.com/TykTechnologies/storage/temporal/internal/driver/redisv8/keyvalue.go:185.2,185.26 1 0
github.com/TykTechnologies/storage/temporal/internal/driver/redisv8/keyvalue.go:189.119,196.16 5 0
github.com/TykTechnologies/storage/temporal/internal/driver/redisv8/keyvalue.go:196.16,198.3 1 0
github.com/TykTechnologies/storage/temporal/internal/driver/redisv8/keyvalue.go:200.2,200.19 1 0
github.com/TykTechnologies/storage/temporal/internal/driver/redisv8/keyvalue.go:200.19,202.17 2 0
github.com/TykTechnologies/storage/temporal/internal/driver/redisv8/keyvalue.go:202.17,204.4 1 0
github.com/TykTechnologies/storage/temporal/internal/driver/redisv8/keyvalue.go:206.3,206.25 1 0
github.com/TykTechnologies/storage/temporal/internal/driver/redisv8/keyvalue.go:209.2,209.28 1 0
github.com/TykTechnologies/storage/temporal/internal/driver/redisv8/keyvalue.go:213.79,216.35 2 0
github.com/TykTechnologies/storage/temporal/internal/driver/redisv8/keyvalue.go:217.28,218.90 1 0
github.com/TykTechnologies/storage/temporal/internal/driver/redisv8/keyvalue.go:218.90,220.18 2 0
github.com/TykTechnologies/storage/temporal/internal/driver/redisv8/keyvalue.go:220.18,222.5 1 0
github.com/TykTechnologies/storage/temporal/internal/driver/redisv8/keyvalue.go:224.4,225.14 2 0
github.com/TykTechnologies/storage/temporal/internal/driver/redisv8/keyvalue.go:227.3,227.17 1 0
github.com/TykTechnologies/storage/temporal/internal/driver/redisv8/keyvalue.go:227.17,229.4 1 0
github.com/TykTechnologies/storage/temporal/internal/driver/redisv8/keyvalue.go:231.21,233.17 2 0
github.com/TykTechnologies/storage/temporal/internal/driver/redisv8/keyvalue.go:233.17,235.4 1 0
github.com/TykTechnologies/storage/temporal/internal/driver/redisv8/keyvalue.go:237.3,237.25 1 0
github.com/TykTechnologies/storage/temporal/internal/driver/redisv8/keyvalue.go:239.10,240.41 1 0
github.com/TykTechnologies/storage/temporal/internal/driver/redisv8/keyvalue.go:243.2,243.22 1 0
github.com/TykTechnologies/storage/temporal/internal/driver/redisv8/keyvalue.go:247.87,248.35 1 0
github.com/TykTechnologies/storage/temporal/internal/driver/redisv8/keyvalue.go:249.28,252.28 2 0
github.com/TykTechnologies/storage/temporal/internal/driver/redisv8/keyvalue.go:252.28,254.36 2 0
github.com/TykTechnologies/storage/temporal/internal/driver/redisv8/keyvalue.go:254.36,255.34 1 0
github.com/TykTechnologies/storage/temporal/internal/driver/redisv8/keyvalue.go:255.34,258.6 1 0
github.com/TykTechnologies/storage/temporal/internal/driver/redisv8/keyvalue.go:258.11,260.6 1 0
github.com/TykTechnologies/storage/temporal/internal/driver/redisv8/keyvalue.go:261.10,263.18 2 0
github.com/TykTechnologies/storage/temporal/internal/driver/redisv8/keyvalue.go:263.18,265.6 1 0
github.com/TykTechnologies/storage/temporal/internal/driver/redisv8/keyvalue.go:265.11,267.6 1 0
github.com/TykTechnologies/storage/temporal/internal/driver/redisv8/keyvalue.go:271.3,271.21 1 0
github.com/TykTechnologies/storage/temporal/internal/driver/redisv8/keyvalue.go:273.21,275.23 2 0
github.com/TykTechnologies/storage/temporal/internal/driver/redisv8/keyvalue.go:275.23,277.4 1 0
github.com/TykTechnologies/storage/temporal/internal/driver/redisv8/keyvalue.go:279.3,279.24 1 0
github.com/TykTechnologies/storage/temporal/internal/driver/redisv8/keyvalue.go:281.10,282.41 1 0
github.com/TykTechnologies/storage/temporal/internal/driver/redisv8/keyvalue.go:289.35,291.16 2 0
github.com/TykTechnologies/storage/temporal/internal/driver/redisv8/keyvalue.go:291.16,293.3 1 0
github.com/TykTechnologies/storage/temporal/internal/driver/redisv8/keyvalue.go:295.2,297.20 2 0
github.com/TykTechnologies/storage/temporal/internal/driver/redisv8/keyvalue.go:297.20,299.3 1 0
github.com/TykTechnologies/storage/temporal/internal/driver/redisv8/keyvalue.go:301.2,302.16 2 0
github.com/TykTechnologies/storage/temporal/internal/driver/redisv8/keyvalue.go:302.16,304.3 1 0
github.com/TykTechnologies/storage/temporal/internal/driver/redisv8/keyvalue.go:306.2,306.27 1 0
github.com/TykTechnologies/storage/temporal/internal/driver/redisv8/keyvalue.go:306.27,308.3 1 0
github.com/TykTechnologies/storage/temporal/internal/driver/redisv8/keyvalue.go:310.2,310.20 1 0
github.com/TykTechnologies/storage/temporal/internal/driver/redisv8/keyvalue.go:318.33,321.35 2 0
github.com/TykTechnologies/storage/temporal/internal/driver/redisv8/keyvalue.go:322.28,323.90 1 0
github.com/TykTechnologies/storage/temporal/internal/driver/redisv8/keyvalue.go:323.90,325.18 2 0
github.com/TykTechnologies/storage/temporal/internal/driver/redisv8/keyvalue.go:325.18,327.5 1 0
github.com/TykTechnologies/storage/temporal/internal/driver/redisv8/keyvalue.go:329.4,331.14 3 0
github.com/TykTechnologies/storage/temporal/internal/driver/redisv8/keyvalue.go:333.3,333.17 1 0
github.com/TykTechnologies/storage/temporal/internal/driver/redisv8/keyvalue.go:333.17,334.39 1 0
github.com/TykTechnologies/storage/temporal/internal/driver/redisv8/keyvalue.go:334.39,336.5 1 0
github.com/TykTechnologies/storage/temporal/internal/driver/redisv8/keyvalue.go:338.4,338.22 1 0
github.com/TykTechnologies/storage/temporal/internal/driver/redisv8/keyvalue.go:341.21,345.17 3 0
github.com/TykTechnologies/storage/temporal/internal/driver/redisv8/keyvalue.go:345.17,346.39 1 0
github.com/TykTechnologies/storage/temporal/internal/driver/redisv8/keyvalue.go:346.39,348.5 1 0
github.com/TykTechnologies/storage/temporal/internal/driver/redisv8/keyvalue.go:350.4,350.22 1 0
github.com/TykTechnologies/storage/temporal/internal/driver/redisv8/keyvalue.go:353.10,354.44 1 0
github.com/TykTechnologies/storage/temporal/internal/driver/redisv8/keyvalue.go:357.2,357.20 1 0
github.com/TykTechnologies/storage/temporal/internal/driver/redisv8/keyvalue.go:366.33,373.35 4 0
github.com/TykTechnologies/storage/temporal/internal/driver/redisv8/keyvalue.go:373.35,375.3 1 0
github.com/TykTechnologies/storage/temporal/internal/driver/redisv8/keyvalue.go:377.2,379.20 2 0
github.com/TykTechnologies/storage/temporal/internal/driver/redisv8/list.go:15.108,17.2 1 0
github.com/TykTechnologies/storage/temporal/internal/driver/redisv8/list.go:23.95,25.2 1 0
github.com/TykTechnologies/storage/temporal/internal/driver/redisv8/list.go:31.74,33.2 1 0
github.com/TykTechnologies/storage/temporal/internal/driver/redisv8/list.go:39.100,40.15 1 0
github.com/TykTechnologies/storage/temporal/internal/driver/redisv8/list.go:40.15,44.32 3 0
github.com/TykTechnologies/storage/temporal/internal/driver/redisv8/list.go:44.32,46.4 1 0
github.com/TykTechnologies/storage/temporal/internal/driver/redisv8/list.go:48.3,50.13 2 0
github.com/TykTechnologies/storage/temporal/internal/driver/redisv8/list.go:53.2,53.31 1 0
github.com/TykTechnologies/storage/temporal/internal/driver/redisv8/list.go:53.31,54.63 1 0
github.com/TykTechnologies/storage/temporal/internal/driver/redisv8/list.go:54.63,56.4 1 0
github.com/TykTechnologies/storage/temporal/internal/driver/redisv8/list.go:59.2,59.12 1 0
github.com/TykTechnologies/storage/temporal/internal/driver/redisv8/list.go:66.99,67.15 1 0
github.com/TykTechnologies/storage/temporal/internal/driver/redisv8/list.go:67.15,71.32 3 0
github.com/TykTechnologies/storage/temporal/internal/driver/redisv8/list.go:71.32,73.4 1 0
github.com/TykTechnologies/storage/temporal/internal/driver/redisv8/list.go:75.3,77.13 2 0
github.com/TykTechnologies/storage/temporal/internal/driver/redisv8/list.go:80.2,80.31 1 0
github.com/TykTechnologies/storage/temporal/internal/driver/redisv8/list.go:80.31,81.63 1 0
github.com/TykTechnologies/storage/temporal/internal/driver/redisv8/list.go:81.63,83.4 1 0
github.com/TykTechnologies/storage/temporal/internal/driver/redisv8/list.go:86.2,86.12 1 0
github.com/TykTechnologies/storage/temporal/internal/driver/redisv8/list.go:91.86,94.71 2 0
github.com/TykTechnologies/storage/temporal/internal/driver/redisv8/list.go:94.71,96.17 2 0
github.com/TykTechnologies/storage/temporal/internal/driver/redisv8/list.go:96.17,98.4 1 0
github.com/TykTechnologies/storage/temporal/internal/driver/redisv8/list.go:99.3,101.17 2 0
github.com/TykTechnologies/storage/temporal/internal/driver/redisv8/list.go:101.17,103.4 1 0
github.com/TykTechnologies/storage/temporal/internal/driver/redisv8/list.go:103.9,105.4 1 0
github.com/TykTechnologies/storage/temporal/internal/driver/redisv8/list.go:107.3,107.13 1 0
github.com/TykTechnologies/storage/temporal/internal/driver/redisv8/list.go:109.2,109.16 1 0
github.com/TykTechnologies/storage/temporal/internal/driver/redisv8/list.go:109.16,111.3 1 0
github.com/TykTechnologies/storage/temporal/internal/driver/redisv8/list.go:113.2,113.21 1 0
github.com/TykTechnologies/storage/temporal/internal/driver/redisv8/queue.go:26.72,28.2 1 0
github.com/TykTechnologies/storage/temporal/internal/driver/redisv8/queue.go:31.57,33.2 1 0
github.com/TykTechnologies/storage/temporal/internal/driver/redisv8/queue.go:36.40,37.22 1 0
github.com/TykTechnologies/storage/temporal/internal/driver/redisv8/queue.go:38.22,39.34 1 0
github.com/TykTechnologies/storage/temporal/internal/driver/redisv8/queue.go:40.27,41.39 1 0
github.com/TykTechnologies/storage/temporal/internal/driver/redisv8/queue.go:42.10,43.44 1 0
github.com/TykTechnologies/storage/temporal/internal/driver/redisv8/queue.go:48.52,49.29 1 0
github.com/TykTechnologies/storage/temporal/internal/driver/redisv8/queue.go:50.22,51.26 1 0
github.com/TykTechnologies/storage/temporal/internal/driver/redisv8/queue.go:52.27,53.26 1 0
github.com/TykTechnologies/storage/temporal/internal/driver/redisv8/queue.go:54.10,55.40 1 0
github.com/TykTechnologies/storage/temporal/internal/driver/redisv8/queue.go:60.52,61.29 1 0
github.com/TykTechnologies/storage/temporal/internal/driver/redisv8/queue.go:62.22,63.26 1 0
github.com/TykTechnologies/storage/temporal/internal/driver/redisv8/queue.go:64.27,65.23 1 0
github.com/TykTechnologies/storage/temporal/internal/driver/redisv8/queue.go:66.10,67.40 1 0
github.com/TykTechnologies/storage/temporal/internal/driver/redisv8/queue.go:72.83,74.16 2 0
github.com/TykTechnologies/storage/temporal/internal/driver/redisv8/queue.go:74.16,75.38 1 0
github.com/TykTechnologies/storage/temporal/internal/driver/redisv8/queue.go:75.38,77.4 1 0
github.com/TykTechnologies/storage/temporal/internal/driver/redisv8/queue.go:79.3,79.18 1 0
github.com/TykTechnologies/storage/temporal/internal/driver/redisv8/queue.go:82.2,82.36 1 0
github.com/TykTechnologies/storage/temporal/internal/driver/redisv8/queue.go:86.45,88.2 1 0
github.com/TykTechnologies/storage/temporal/internal/driver/redisv8/queue.go:91.88,93.16 2 0
github.com/TykTechnologies/storage/temporal/internal/driver/redisv8/queue.go:93.16,94.38 1 0
github.com/TykTechnologies/storage/temporal/internal/driver/redisv8/queue.go:94.38,96.4 1 0
github.com/TykTechnologies/storage/temporal/internal/driver/redisv8/queue.go:99.2,99.17 1 0
github.com/TykTechnologies/storage/temporal/internal/driver/redisv8/queue.go:103.89,109.2 3 0
github.com/TykTechnologies/storage/temporal/internal/driver/redisv8/redisv8.go:25.68,27.30 2 1
github.com/TykTechnologies/storage/temporal/internal/driver/redisv8/redisv8.go:27.30,29.3 1 1
github.com/TykTechnologies/storage/temporal/internal/driver/redisv8/redisv8.go:31.2,32.17 2 1
github.com/TykTechnologies/storage/temporal/internal/driver/redisv8/redisv8.go:32.17,34.3 1 1
github.com/TykTechnologies/storage/temporal/internal/driver/redisv8/redisv8.go:37.2,38.24 2 1
github.com/TykTechnologies/storage/temporal/internal/driver/redisv8/redisv8.go:38.24,40.3 1 0
github.com/TykTechnologies/storage/temporal/internal/driver/redisv8/redisv8.go:42.2,43.23 2 1
github.com/TykTechnologies/storage/temporal/internal/driver/redisv8/redisv8.go:43.23,45.3 1 0
github.com/TykTechnologies/storage/temporal/internal/driver/redisv8/redisv8.go:47.2,48.17 2 1
github.com/TykTechnologies/storage/temporal/internal/driver/redisv8/redisv8.go:48.17,52.3 1 0
github.com/TykTechnologies/storage/temporal/internal/driver/redisv8/redisv8.go:53.2,72.35 4 1
github.com/TykTechnologies/storage/temporal/internal/driver/redisv8/redisv8.go:72.35,78.3 4 1
github.com/TykTechnologies/storage/temporal/internal/driver/redisv8/redisv8.go:80.2,80.33 1 1
github.com/TykTechnologies/storage/temporal/internal/driver/redisv8/redisv8.go:80.33,83.79 2 1
github.com/TykTechnologies/storage/temporal/internal/driver/redisv8/redisv8.go:83.79,85.4 1 1
github.com/TykTechnologies/storage/temporal/internal/driver/redisv8/redisv8.go:88.2,88.9 1 1
github.com/TykTechnologies/storage/temporal/internal/driver/redisv8/redisv8.go:89.29,90.61 1 0
github.com/TykTechnologies/storage/temporal/internal/driver/redisv8/redisv8.go:91.26,92.59 1 0
github.com/TykTechnologies/storage/temporal/internal/driver/redisv8/redisv8.go:93.10,94.51 1 1
github.com/TykTechnologies/storage/temporal/internal/driver/redisv8/redisv8.go:97.2,99.20 2 1
github.com/TykTechnologies/storage/temporal/internal/driver/redisv8/redisv8.go:103.71,105.38 2 0
github.com/TykTechnologies/storage/temporal/internal/driver/redisv8/redisv8.go:105.38,107.3 1 0
github.com/TykTechnologies/storage/temporal/internal/driver/redisv8/redisv8.go:109.2,109.55 1 0
github.com/TykTechnologies/storage/temporal/internal/driver/redisv8/set.go:10.78,11.15 1 0
github.com/TykTechnologies/storage/temporal/internal/driver/redisv8/set.go:11.15,13.3 1 0
github.com/TykTechnologies/storage/temporal/internal/driver/redisv8/set.go:15.2,15.45 1 0
github.com/TykTechnologies/storage/temporal/internal/driver/redisv8/set.go:22.76,23.15 1 0
github.com/TykTechnologies/storage/temporal/internal/driver/redisv8/set.go:23.15,25.3 1 0
github.com/TykTechnologies/storage/temporal/internal/driver/redisv8/set.go:27.2,27.46 1 0
github.com/TykTechnologies/storage/temporal/internal/driver/redisv8/set.go:33.79,34.15 1 0
github.com/TykTechnologies/storage/temporal/internal/driver/redisv8/set.go:34.15,36.3 1 0
github.com/TykTechnologies/storage/temporal/internal/driver/redisv8/set.go:38.2,38.46 1 0
github.com/TykTechnologies/storage/temporal/internal/driver/redisv8/set.go:42.83,43.15 1 0
github.com/TykTechnologies/storage/temporal/internal/driver/redisv8/set.go:43.15,45.3 1 0
github.com/TykTechnologies/storage/temporal/internal/driver/redisv8/set.go:47.2,47.54 1 0
github.com/TykTechnologies/storage/temporal/internal/driver/redisv8/sortedset.go:11.106,13.2 1 0
github.com/TykTechnologies/storage/temporal/internal/driver/redisv8/sortedset.go:18.119,20.16 2 0
github.com/TykTechnologies/storage/temporal/internal/driver/redisv8/sortedset.go:20.16,22.3 1 0
github.com/TykTechnologies/storage/temporal/internal/driver/redisv8/sortedset.go:24.2,27.28 3 0
github.com/TykTechnologies/storage/temporal/internal/driver/redisv8/sortedset.go:27.28,30.3 2 0
github.com/TykTechnologies/storage/temporal/internal/driver/redisv8/sortedset.go:32.2,32.29 1 0
github.com/TykTechnologies/storage/temporal/internal/driver/redisv8/sortedset.go:37.103,39.2 1 0
github.com/TykTechnologies/storage/temporal/internal/helper/redis.go:10.63,11.26 1 1
github.com/TykTechnologies/storage/temporal/internal/helper/redis.go:11.26,13.3 1 1
github.com/TykTechnologies/storage/temporal/internal/helper/redis.go:13.8,14.32 1 0
github.com/TykTechnologies/storage/temporal/internal/helper/redis.go:14.32,17.4 2 0
github.com/TykTechnologies/storage/temporal/internal/helper/redis.go:20.2,20.39 1 1
github.com/TykTechnologies/storage/temporal/internal/helper/redis.go:20.39,23.3 2 0
github.com/TykTechnologies/storage/temporal/internal/helper/redis.go:25.2,25.14 1 1
github.com/TykTechnologies/storage/temporal/model/options.go:13.40,15.2 1 1
github.com/TykTechnologies/storage/temporal/model/options.go:18.51,20.30 1 1
github.com/TykTechnologies/storage/temporal/model/options.go:20.30,22.4 1 1
github.com/TykTechnologies/storage/temporal/model/options.go:27.30,29.30 1 1
github.com/TykTechnologies/storage/temporal/model/options.go:29.31,31.4 0 1
github.com/TykTechnologies/storage/temporal/model/options.go:36.47,38.30 1 1
github.com/TykTechnologies/storage/temporal/model/options.go:38.30,40.4 1 1
github.com/TykTechnologies/storage/temporal/model/options.go:46.66,48.30 1 1
github.com/TykTechnologies/storage/temporal/model/options.go:48.30,50.4 1 1
github.com/TykTechnologies/storage/temporal/connector/connector.go:14.86,15.18 1 1
github.com/TykTechnologies/storage/temporal/connector/connector.go:16.25,17.48 1 1
github.com/TykTechnologies/storage/temporal/connector/connector.go:18.10,19.41 1 0
github.com/TykTechnologies/storage/temporal/flusher/flusher.go:11.56,12.21 1 1
github.com/TykTechnologies/storage/temporal/flusher/flusher.go:13.25,14.48 1 1
github.com/TykTechnologies/storage/temporal/flusher/flusher.go:15.10,16.41 1 0
github.com/TykTechnologies/storage/temporal/internal/driver/redisv8/connector.go:10.57,12.2 1 1
github.com/TykTechnologies/storage/temporal/internal/driver/redisv8/connector.go:14.51,16.2 1 1
github.com/TykTechnologies/storage/temporal/internal/driver/redisv8/connector.go:18.33,20.2 1 1
github.com/TykTechnologies/storage/temporal/internal/driver/redisv8/connector.go:25.42,26.45 1 1
github.com/TykTechnologies/storage/temporal/internal/driver/redisv8/connector.go:26.45,29.3 2 1
github.com/TykTechnologies/storage/temporal/internal/driver/redisv8/connector.go:31.2,31.14 1 0
github.com/TykTechnologies/storage/temporal/internal/driver/redisv8/flusher.go:10.55,11.35 1 1
github.com/TykTechnologies/storage/temporal/internal/driver/redisv8/flusher.go:12.28,13.94 1 1
github.com/TykTechnologies/storage/temporal/internal/driver/redisv8/flusher.go:13.94,15.4 1 1
github.com/TykTechnologies/storage/temporal/internal/driver/redisv8/flusher.go:16.21,17.38 1 0
github.com/TykTechnologies/storage/temporal/internal/driver/redisv8/flusher.go:18.10,19.36 1 0
github.com/TykTechnologies/storage/temporal/internal/driver/redisv8/keyvalue.go:15.72,16.15 1 0
github.com/TykTechnologies/storage/temporal/internal/driver/redisv8/keyvalue.go:16.15,18.3 1 0
github.com/TykTechnologies/storage/temporal/internal/driver/redisv8/keyvalue.go:20.2,21.16 2 0
github.com/TykTechnologies/storage/temporal/internal/driver/redisv8/keyvalue.go:21.16,22.32 1 0
github.com/TykTechnologies/storage/temporal/internal/driver/redisv8/keyvalue.go:22.32,24.4 1 0
github.com/TykTechnologies/storage/temporal/internal/driver/redisv8/keyvalue.go:26.3,26.17 1 0
github.com/TykTechnologies/storage/temporal/internal/driver/redisv8/keyvalue.go:29.2,29.20 1 0
github.com/TykTechnologies/storage/temporal/internal/driver/redisv8/keyvalue.go:33.95,34.15 1 0
github.com/TykTechnologies/storage/temporal/internal/driver/redisv8/keyvalue.go:34.15,36.3 1 0
github.com/TykTechnologies/storage/temporal/internal/driver/redisv8/keyvalue.go:38.2,38.56 1 0
github.com/TykTechnologies/storage/temporal/internal/driver/redisv8/keyvalue.go:42.65,43.15 1 0
github.com/TykTechnologies/storage/temporal/internal/driver/redisv8/keyvalue.go:43.15,45.3 1 0
github.com/TykTechnologies/storage/temporal/internal/driver/redisv8/keyvalue.go:47.2,49.12 2 0
github.com/TykTechnologies/storage/temporal/internal/driver/redisv8/keyvalue.go:53.77,54.15 1 0
github.com/TykTechnologies/storage/temporal/internal/driver/redisv8/keyvalue.go:54.15,56.3 1 0
github.com/TykTechnologies/storage/temporal/internal/driver/redisv8/keyvalue.go:58.2,59.97 2 0
github.com/TykTechnologies/storage/temporal/internal/driver/redisv8/keyvalue.go:59.97,61.3 1 0
github.com/TykTechnologies/storage/temporal/internal/driver/redisv8/keyvalue.go:63.2,63.17 1 0
github.com/TykTechnologies/storage/temporal/internal/driver/redisv8/keyvalue.go:67.77,68.15 1 0
github.com/TykTechnologies/storage/temporal/internal/driver/redisv8/keyvalue.go:68.15,70.3 1 0
github.com/TykTechnologies/storage/temporal/internal/driver/redisv8/keyvalue.go:72.2,73.97 2 0
github.com/TykTechnologies/storage/temporal/internal/driver/redisv8/keyvalue.go:73.97,75.3 1 0
github.com/TykTechnologies/storage/temporal/internal/driver/redisv8/keyvalue.go:77.2,77.17 1 0
github.com/TykTechnologies/storage/temporal/internal/driver/redisv8/keyvalue.go:81.73,82.15 1 0
github.com/TykTechnologies/storage/temporal/internal/driver/redisv8/keyvalue.go:82.15,84.3 1 0
github.com/TykTechnologies/storage/temporal/internal/driver/redisv8/keyvalue.go:86.2,88.24 2 0
github.com/TykTechnologies/storage/temporal/internal/driver/redisv8/keyvalue.go:92.91,93.15 1 0
github.com/TykTechnologies/storage/temporal/internal/driver/redisv8/keyvalue.go:93.15,95.3 1 0
github.com/TykTechnologies/storage/temporal/internal/driver/redisv8/keyvalue.go:97.2,97.52 1 0
github.com/TykTechnologies/storage/temporal/internal/driver/redisv8/keyvalue.go:101.71,102.15 1 0
github.com/TykTechnologies/storage/temporal/internal/driver/redisv8/keyvalue.go:102.15,104.3 1 0
github.com/TykTechnologies/storage/temporal/internal/driver/redisv8/keyvalue.go:106.2,107.16 2 0
github.com/TykTechnologies/storage/temporal/internal/driver/redisv8/keyvalue.go:107.16,109.3 1 0
github.com/TykTechnologies/storage/temporal/internal/driver/redisv8/keyvalue.go:111.2,111.39 1 0
github.com/TykTechnologies/storage/temporal/internal/driver/redisv8/keyvalue.go:115.81,116.20 1 0
github.com/TykTechnologies/storage/temporal/internal/driver/redisv8/keyvalue.go:116.20,118.3 1 0
github.com/TykTechnologies/storage/temporal/internal/driver/redisv8/keyvalue.go:120.2,120.30 1 0
github.com/TykTechnologies/storage/temporal/internal/driver/redisv8/keyvalue.go:121.28,122.43 1 0
github.com/TykTechnologies/storage/temporal/internal/driver/redisv8/keyvalue.go:123.21,124.38 1 0
github.com/TykTechnologies/storage/temporal/internal/driver/redisv8/keyvalue.go:125.10,126.39 1 0
github.com/TykTechnologies/storage/temporal/internal/driver/redisv8/keyvalue.go:131.118,134.27 2 0
github.com/TykTechnologies/storage/temporal/internal/driver/redisv8/keyvalue.go:134.27,138.54 2 0
github.com/TykTechnologies/storage/temporal/internal/driver/redisv8/keyvalue.go:138.54,140.4 1 0
github.com/TykTechnologies/storage/temporal/internal/driver/redisv8/keyvalue.go:143.3,144.17 2 0
github.com/TykTechnologies/storage/temporal/internal/driver/redisv8/keyvalue.go:144.17,146.4 1 0
github.com/TykTechnologies/storage/temporal/internal/driver/redisv8/keyvalue.go:148.3,148.26 1 0
github.com/TykTechnologies/storage/temporal/internal/driver/redisv8/keyvalue.go:151.2,151.26 1 0
github.com/TykTechnologies/storage/temporal/internal/driver/redisv8/keyvalue.go:155.87,158.35 2 0
github.com/TykTechnologies/storage/temporal/internal/driver/redisv8/keyvalue.go:159.28,160.90 1 0
github.com/TykTechnologies/storage/temporal/internal/driver/redisv8/keyvalue.go:160.90,162.18 2 0
github.com/TykTechnologies/storage/temporal/internal/driver/redisv8/keyvalue.go:162.18,164.5 1 0
github.com/TykTechnologies/storage/temporal/internal/driver/redisv8/keyvalue.go:166.4,167.14 2 0
github.com/TykTechnologies/storage/temporal/internal/driver/redisv8/keyvalue.go:169.3,169.17 1 0
github.com/TykTechnologies/storage/temporal/internal/driver/redisv8/keyvalue.go:169.17,171.4 1 0
github.com/TykTechnologies/storage/temporal/internal/driver/redisv8/keyvalue.go:173.21,177.17 3 0
github.com/TykTechnologies/storage/temporal/internal/driver/redisv8/keyvalue.go:177.17,179.4 1 0
github.com/TykTechnologies/storage/temporal/internal/driver/redisv8/keyvalue.go:181.10,182.50 1 0
github.com/TykTechnologies/storage/temporal/internal/driver/redisv8/keyvalue.go:185.2,185.26 1 0
github.com/TykTechnologies/storage/temporal/internal/driver/redisv8/keyvalue.go:189.119,196.16 5 0
github.com/TykTechnologies/storage/temporal/internal/driver/redisv8/keyvalue.go:196.16,198.3 1 0
github.com/TykTechnologies/storage/temporal/internal/driver/redisv8/keyvalue.go:200.2,200.19 1 0
github.com/TykTechnologies/storage/temporal/internal/driver/redisv8/keyvalue.go:200.19,202.17 2 0
github.com/TykTechnologies/storage/temporal/internal/driver/redisv8/keyvalue.go:202.17,204.4 1 0
github.com/TykTechnologies/storage/temporal/internal/driver/redisv8/keyvalue.go:206.3,206.25 1 0
github.com/TykTechnologies/storage/temporal/internal/driver/redisv8/keyvalue.go:209.2,209.28 1 0
github.com/TykTechnologies/storage/temporal/internal/driver/redisv8/keyvalue.go:213.79,216.35 2 0
github.com/TykTechnologies/storage/temporal/internal/driver/redisv8/keyvalue.go:217.28,218.90 1 0
github.com/TykTechnologies/storage/temporal/internal/driver/redisv8/keyvalue.go:218.90,220.18 2 0
github.com/TykTechnologies/storage/temporal/internal/driver/redisv8/keyvalue.go:220.18,222.5 1 0
github.com/TykTechnologies/storage/temporal/internal/driver/redisv8/keyvalue.go:224.4,225.14 2 0
github.com/TykTechnologies/storage/temporal/internal/driver/redisv8/keyvalue.go:227.3,227.17 1 0
github.com/TykTechnologies/storage/temporal/internal/driver/redisv8/keyvalue.go:227.17,229.4 1 0
github.com/TykTechnologies/storage/temporal/internal/driver/redisv8/keyvalue.go:231.21,233.17 2 0
github.com/TykTechnologies/storage/temporal/internal/driver/redisv8/keyvalue.go:233.17,235.4 1 0
github.com/TykTechnologies/storage/temporal/internal/driver/redisv8/keyvalue.go:237.3,237.25 1 0
github.com/TykTechnologies/storage/temporal/internal/driver/redisv8/keyvalue.go:239.10,240.41 1 0
github.com/TykTechnologies/storage/temporal/internal/driver/redisv8/keyvalue.go:243.2,243.22 1 0
github.com/TykTechnologies/storage/temporal/internal/driver/redisv8/keyvalue.go:247.87,248.35 1 0
github.com/TykTechnologies/storage/temporal/internal/driver/redisv8/keyvalue.go:249.28,252.28 2 0
github.com/TykTechnologies/storage/temporal/internal/driver/redisv8/keyvalue.go:252.28,254.36 2 0
github.com/TykTechnologies/storage/temporal/internal/driver/redisv8/keyvalue.go:254.36,255.34 1 0
github.com/TykTechnologies/storage/temporal/internal/driver/redisv8/keyvalue.go:255.34,258.6 1 0
github.com/TykTechnologies/storage/temporal/internal/driver/redisv8/keyvalue.go:258.11,260.6 1 0
github.com/TykTechnologies/storage/temporal/internal/driver/redisv8/keyvalue.go:261.10,263.18 2 0
github.com/TykTechnologies/storage/temporal/internal/driver/redisv8/keyvalue.go:263.18,265.6 1 0
github.com/TykTechnologies/storage/temporal/internal/driver/redisv8/keyvalue.go:265.11,267.6 1 0
github.com/TykTechnologies/storage/temporal/internal/driver/redisv8/keyvalue.go:271.3,271.21 1 0
github.com/TykTechnologies/storage/temporal/internal/driver/redisv8/keyvalue.go:273.21,275.23 2 0
github.com/TykTechnologies/storage/temporal/internal/driver/redisv8/keyvalue.go:275.23,277.4 1 0
github.com/TykTechnologies/storage/temporal/internal/driver/redisv8/keyvalue.go:279.3,279.24 1 0
github.com/TykTechnologies/storage/temporal/internal/driver/redisv8/keyvalue.go:281.10,282.41 1 0
github.com/TykTechnologies/storage/temporal/internal/driver/redisv8/keyvalue.go:289.35,291.16 2 0
github.com/TykTechnologies/storage/temporal/internal/driver/redisv8/keyvalue.go:291.16,293.3 1 0
github.com/TykTechnologies/storage/temporal/internal/driver/redisv8/keyvalue.go:295.2,297.20 2 0
github.com/TykTechnologies/storage/temporal/internal/driver/redisv8/keyvalue.go:297.20,299.3 1 0
github.com/TykTechnologies/storage/temporal/internal/driver/redisv8/keyvalue.go:301.2,302.16 2 0
github.com/TykTechnologies/storage/temporal/internal/driver/redisv8/keyvalue.go:302.16,304.3 1 0
github.com/TykTechnologies/storage/temporal/internal/driver/redisv8/keyvalue.go:306.2,306.27 1 0
github.com/TykTechnologies/storage/temporal/internal/driver/redisv8/keyvalue.go:306.27,308.3 1 0
github.com/TykTechnologies/storage/temporal/internal/driver/redisv8/keyvalue.go:310.2,310.20 1 0
github.com/TykTechnologies/storage/temporal/internal/driver/redisv8/keyvalue.go:318.33,321.35 2 0
github.com/TykTechnologies/storage/temporal/internal/driver/redisv8/keyvalue.go:322.28,323.90 1 0
github.com/TykTechnologies/storage/temporal/internal/driver/redisv8/keyvalue.go:323.90,325.18 2 0
github.com/TykTechnologies/storage/temporal/internal/driver/redisv8/keyvalue.go:325.18,327.5 1 0
github.com/TykTechnologies/storage/temporal/internal/driver/redisv8/keyvalue.go:329.4,331.14 3 0
github.com/TykTechnologies/storage/temporal/internal/driver/redisv8/keyvalue.go:333.3,333.17 1 0
github.com/TykTechnologies/storage/temporal/internal/driver/redisv8/keyvalue.go:333.17,334.39 1 0
github.com/TykTechnologies/storage/temporal/internal/driver/redisv8/keyvalue.go:334.39,336.5 1 0
github.com/TykTechnologies/storage/temporal/internal/driver/redisv8/keyvalue.go:338.4,338.22 1 0
github.com/TykTechnologies/storage/temporal/internal/driver/redisv8/keyvalue.go:341.21,345.17 3 0
github.com/TykTechnologies/storage/temporal/internal/driver/redisv8/keyvalue.go:345.17,346.39 1 0
github.com/TykTechnologies/storage/temporal/internal/driver/redisv8/keyvalue.go:346.39,348.5 1 0
github.com/TykTechnologies/storage/temporal/internal/driver/redisv8/keyvalue.go:350.4,350.22 1 0
github.com/TykTechnologies/storage/temporal/internal/driver/redisv8/keyvalue.go:353.10,354.44 1 0
github.com/TykTechnologies/storage/temporal/internal/driver/redisv8/keyvalue.go:357.2,357.20 1 0
github.com/TykTechnologies/storage/temporal/internal/driver/redisv8/keyvalue.go:366.33,373.35 4 0
github.com/TykTechnologies/storage/temporal/internal/driver/redisv8/keyvalue.go:373.35,375.3 1 0
github.com/TykTechnologies/storage/temporal/internal/driver/redisv8/keyvalue.go:377.2,379.20 2 0
github.com/TykTechnologies/storage/temporal/internal/driver/redisv8/list.go:15.108,17.2 1 0
github.com/TykTechnologies/storage/temporal/internal/driver/redisv8/list.go:23.95,25.2 1 0
github.com/TykTechnologies/storage/temporal/internal/driver/redisv8/list.go:31.74,33.2 1 0
github.com/TykTechnologies/storage/temporal/internal/driver/redisv8/list.go:39.100,40.15 1 0
github.com/TykTechnologies/storage/temporal/internal/driver/redisv8/list.go:40.15,44.32 3 0
github.com/TykTechnologies/storage/temporal/internal/driver/redisv8/list.go:44.32,46.4 1 0
github.com/TykTechnologies/storage/temporal/internal/driver/redisv8/list.go:48.3,50.13 2 0
github.com/TykTechnologies/storage/temporal/internal/driver/redisv8/list.go:53.2,53.31 1 0
github.com/TykTechnologies/storage/temporal/internal/driver/redisv8/list.go:53.31,54.63 1 0
github.com/TykTechnologies/storage/temporal/internal/driver/redisv8/list.go:54.63,56.4 1 0
github.com/TykTechnologies/storage/temporal/internal/driver/redisv8/list.go:59.2,59.12 1 0
github.com/TykTechnologies/storage/temporal/internal/driver/redisv8/list.go:66.99,67.15 1 0
github.com/TykTechnologies/storage/temporal/internal/driver/redisv8/list.go:67.15,71.32 3 0
github.com/TykTechnologies/storage/temporal/internal/driver/redisv8/list.go:71.32,73.4 1 0
github.com/TykTechnologies/storage/temporal/internal/driver/redisv8/list.go:75.3,77.13 2 0
github.com/TykTechnologies/storage/temporal/internal/driver/redisv8/list.go:80.2,80.31 1 0
github.com/TykTechnologies/storage/temporal/internal/driver/redisv8/list.go:80.31,81.63 1 0
github.com/TykTechnologies/storage/temporal/internal/driver/redisv8/list.go:81.63,83.4 1 0
github.com/TykTechnologies/storage/temporal/internal/driver/redisv8/list.go:86.2,86.12 1 0
github.com/TykTechnologies/storage/temporal/internal/driver/redisv8/list.go:91.86,94.71 2 0
github.com/TykTechnologies/storage/temporal/internal/driver/redisv8/list.go:94.71,96.17 2 0
github.com/TykTechnologies/storage/temporal/internal/driver/redisv8/list.go:96.17,98.4 1 0
github.com/TykTechnologies/storage/temporal/internal/driver/redisv8/list.go:99.3,101.17 2 0
github.com/TykTechnologies/storage/temporal/internal/driver/redisv8/list.go:101.17,103.4 1 0
github.com/TykTechnologies/storage/temporal/internal/driver/redisv8/list.go:103.9,105.4 1 0
github.com/TykTechnologies/storage/temporal/internal/driver/redisv8/list.go:107.3,107.13 1 0
github.com/TykTechnologies/storage/temporal/internal/driver/redisv8/list.go:109.2,109.16 1 0
github.com/TykTechnologies/storage/temporal/internal/driver/redisv8/list.go:109.16,111.3 1 0
github.com/TykTechnologies/storage/temporal/internal/driver/redisv8/list.go:113.2,113.21 1 0
github.com/TykTechnologies/storage/temporal/internal/driver/redisv8/queue.go:26.72,28.2 1 0
github.com/TykTechnologies/storage/temporal/internal/driver/redisv8/queue.go:31.57,33.2 1 0
github.com/TykTechnologies/storage/temporal/internal/driver/redisv8/queue.go:36.40,37.22 1 0
github.com/TykTechnologies/storage/temporal/internal/driver/redisv8/queue.go:38.22,39.34 1 0
github.com/TykTechnologies/storage/temporal/internal/driver/redisv8/queue.go:40.27,41.39 1 0
github.com/TykTechnologies/storage/temporal/internal/driver/redisv8/queue.go:42.10,43.44 1 0
github.com/TykTechnologies/storage/temporal/internal/driver/redisv8/queue.go:48.52,49.29 1 0
github.com/TykTechnologies/storage/temporal/internal/driver/redisv8/queue.go:50.22,51.26 1 0
github.com/TykTechnologies/storage/temporal/internal/driver/redisv8/queue.go:52.27,53.26 1 0
github.com/TykTechnologies/storage/temporal/internal/driver/redisv8/queue.go:54.10,55.40 1 0
github.com/TykTechnologies/storage/temporal/internal/driver/redisv8/queue.go:60.52,61.29 1 0
github.com/TykTechnologies/storage/temporal/internal/driver/redisv8/queue.go:62.22,63.26 1 0
github.com/TykTechnologies/storage/temporal/internal/driver/redisv8/queue.go:64.27,65.23 1 0
github.com/TykTechnologies/storage/temporal/internal/driver/redisv8/queue.go:66.10,67.40 1 0
github.com/TykTechnologies/storage/temporal/internal/driver/redisv8/queue.go:72.83,74.16 2 0
github.com/TykTechnologies/storage/temporal/internal/driver/redisv8/queue.go:74.16,75.38 1 0
github.com/TykTechnologies/storage/temporal/internal/driver/redisv8/queue.go:75.38,77.4 1 0
github.com/TykTechnologies/storage/temporal/internal/driver/redisv8/queue.go:79.3,79.18 1 0
github.com/TykTechnologies/storage/temporal/internal/driver/redisv8/queue.go:82.2,82.36 1 0
github.com/TykTechnologies/storage/temporal/internal/driver/redisv8/queue.go:86.45,88.2 1 0
github.com/TykTechnologies/storage/temporal/internal/driver/redisv8/queue.go:91.88,93.16 2 0
github.com/TykTechnologies/storage/temporal/internal/driver/redisv8/queue.go:93.16,94.38 1 0
github.com/TykTechnologies/storage/temporal/internal/driver/redisv8/queue.go:94.38,96.4 1 0
github.com/TykTechnologies/storage/temporal/internal/driver/redisv8/queue.go:99.2,99.17 1 0
github.com/TykTechnologies/storage/temporal/internal/driver/redisv8/queue.go:103.89,109.2 3 0
github.com/TykTechnologies/storage/temporal/internal/driver/redisv8/redisv8.go:25.68,27.30 2 1
github.com/TykTechnologies/storage/temporal/internal/driver/redisv8/redisv8.go:27.30,29.3 1 1
github.com/TykTechnologies/storage/temporal/internal/driver/redisv8/redisv8.go:31.2,32.17 2 1
github.com/TykTechnologies/storage/temporal/internal/driver/redisv8/redisv8.go:32.17,34.3 1 0
github.com/TykTechnologies/storage/temporal/internal/driver/redisv8/redisv8.go:37.2,38.24 2 1
github.com/TykTechnologies/storage/temporal/internal/driver/redisv8/redisv8.go:38.24,40.3 1 0
github.com/TykTechnologies/storage/temporal/internal/driver/redisv8/redisv8.go:42.2,43.23 2 1
github.com/TykTechnologies/storage/temporal/internal/driver/redisv8/redisv8.go:43.23,45.3 1 0
github.com/TykTechnologies/storage/temporal/internal/driver/redisv8/redisv8.go:47.2,48.17 2 1
github.com/TykTechnologies/storage/temporal/internal/driver/redisv8/redisv8.go:48.17,52.3 1 0
github.com/TykTechnologies/storage/temporal/internal/driver/redisv8/redisv8.go:53.2,72.35 4 1
github.com/TykTechnologies/storage/temporal/internal/driver/redisv8/redisv8.go:72.35,78.3 4 0
github.com/TykTechnologies/storage/temporal/internal/driver/redisv8/redisv8.go:80.2,80.33 1 1
github.com/TykTechnologies/storage/temporal/internal/driver/redisv8/redisv8.go:80.33,83.79 2 0
github.com/TykTechnologies/storage/temporal/internal/driver/redisv8/redisv8.go:83.79,85.4 1 0
github.com/TykTechnologies/storage/temporal/internal/driver/redisv8/redisv8.go:88.2,88.9 1 1
github.com/TykTechnologies/storage/temporal/internal/driver/redisv8/redisv8.go:89.29,90.61 1 0
github.com/TykTechnologies/storage/temporal/internal/driver/redisv8/redisv8.go:91.26,92.59 1 1
github.com/TykTechnologies/storage/temporal/internal/driver/redisv8/redisv8.go:93.10,94.51 1 0
github.com/TykTechnologies/storage/temporal/internal/driver/redisv8/redisv8.go:97.2,99.20 2 1
github.com/TykTechnologies/storage/temporal/internal/driver/redisv8/redisv8.go:103.71,105.38 2 1
github.com/TykTechnologies/storage/temporal/internal/driver/redisv8/redisv8.go:105.38,107.3 1 0
github.com/TykTechnologies/storage/temporal/internal/driver/redisv8/redisv8.go:109.2,109.55 1 1
github.com/TykTechnologies/storage/temporal/internal/driver/redisv8/set.go:10.78,11.15 1 0
github.com/TykTechnologies/storage/temporal/internal/driver/redisv8/set.go:11.15,13.3 1 0
github.com/TykTechnologies/storage/temporal/internal/driver/redisv8/set.go:15.2,15.45 1 0
github.com/TykTechnologies/storage/temporal/internal/driver/redisv8/set.go:22.76,23.15 1 0
github.com/TykTechnologies/storage/temporal/internal/driver/redisv8/set.go:23.15,25.3 1 0
github.com/TykTechnologies/storage/temporal/internal/driver/redisv8/set.go:27.2,27.46 1 0
github.com/TykTechnologies/storage/temporal/internal/driver/redisv8/set.go:33.79,34.15 1 0
github.com/TykTechnologies/storage/temporal/internal/driver/redisv8/set.go:34.15,36.3 1 0
github.com/TykTechnologies/storage/temporal/internal/driver/redisv8/set.go:38.2,38.46 1 0
github.com/TykTechnologies/storage/temporal/internal/driver/redisv8/set.go:42.83,43.15 1 0
github.com/TykTechnologies/storage/temporal/internal/driver/redisv8/set.go:43.15,45.3 1 0
github.com/TykTechnologies/storage/temporal/internal/driver/redisv8/set.go:47.2,47.54 1 0
github.com/TykTechnologies/storage/temporal/internal/driver/redisv8/sortedset.go:11.106,13.2 1 0
github.com/TykTechnologies/storage/temporal/internal/driver/redisv8/sortedset.go:18.119,20.16 2 0
github.com/TykTechnologies/storage/temporal/internal/driver/redisv8/sortedset.go:20.16,22.3 1 0
github.com/TykTechnologies/storage/temporal/internal/driver/redisv8/sortedset.go:24.2,27.28 3 0
github.com/TykTechnologies/storage/temporal/internal/driver/redisv8/sortedset.go:27.28,30.3 2 0
github.com/TykTechnologies/storage/temporal/internal/driver/redisv8/sortedset.go:32.2,32.29 1 0
github.com/TykTechnologies/storage/temporal/internal/driver/redisv8/sortedset.go:37.103,39.2 1 0
github.com/TykTechnologies/storage/temporal/internal/helper/redis.go:10.63,11.26 1 1
github.com/TykTechnologies/storage/temporal/internal/helper/redis.go:11.26,13.3 1 1
github.com/TykTechnologies/storage/temporal/internal/helper/redis.go:13.8,14.32 1 0
github.com/TykTechnologies/storage/temporal/internal/helper/redis.go:14.32,17.4 2 0
github.com/TykTechnologies/storage/temporal/internal/helper/redis.go:20.2,20.39 1 1
github.com/TykTechnologies/storage/temporal/internal/helper/redis.go:20.39,23.3 2 0
github.com/TykTechnologies/storage/temporal/internal/helper/redis.go:25.2,25.14 1 1
github.com/TykTechnologies/storage/temporal/internal/testutil/testutil.go:16.39,18.2 1 0
github.com/TykTechnologies/storage/temporal/internal/testutil/testutil.go:20.60,22.2 1 0
github.com/TykTechnologies/storage/temporal/internal/testutil/testutil.go:24.63,26.2 1 0
github.com/TykTechnologies/storage/temporal/internal/testutil/testutil.go:28.57,30.2 1 0
github.com/TykTechnologies/storage/temporal/internal/testutil/testutil.go:32.48,34.2 1 0
github.com/TykTechnologies/storage/temporal/internal/testutil/testutil.go:38.53,49.2 5 1
github.com/TykTechnologies/storage/temporal/internal/testutil/testutil.go:51.54,57.20 4 1
github.com/TykTechnologies/storage/temporal/internal/testutil/testutil.go:57.20,61.3 2 0
github.com/TykTechnologies/storage/temporal/internal/testutil/testutil.go:63.2,68.28 4 1
github.com/TykTechnologies/storage/temporal/internal/testutil/testutil.go:68.28,72.3 2 1
github.com/TykTechnologies/storage/temporal/internal/testutil/testutil.go:74.2,78.23 3 1
github.com/TykTechnologies/storage/temporal/internal/testutil/testutil.go:81.66,84.39 2 1
github.com/TykTechnologies/storage/temporal/internal/testutil/testutil.go:84.39,85.62 1 1
github.com/TykTechnologies/storage/temporal/internal/testutil/testutil.go:85.62,87.12 1 0
github.com/TykTechnologies/storage/temporal/internal/testutil/testutil.go:89.3,90.21 2 1
github.com/TykTechnologies/storage/temporal/model/options.go:13.40,15.2 1 1
github.com/TykTechnologies/storage/temporal/model/options.go:18.51,20.30 1 1
github.com/TykTechnologies/storage/temporal/model/options.go:20.30,22.4 1 1
github.com/TykTechnologies/storage/temporal/model/options.go:27.30,29.30 1 0
github.com/TykTechnologies/storage/temporal/model/options.go:29.31,31.4 0 0
github.com/TykTechnologies/storage/temporal/model/options.go:36.47,38.30 1 0
github.com/TykTechnologies/storage/temporal/model/options.go:38.30,40.4 1 0
github.com/TykTechnologies/storage/temporal/model/options.go:46.66,48.30 1 0
github.com/TykTechnologies/storage/temporal/model/options.go:48.30,50.4 1 0
github.com/TykTechnologies/storage/temporal/internal/helper/redis.go:10.63,11.26 1 1
github.com/TykTechnologies/storage/temporal/internal/helper/redis.go:11.26,13.3 1 1
github.com/TykTechnologies/storage/temporal/internal/helper/redis.go:13.8,14.32 1 1
github.com/TykTechnologies/storage/temporal/internal/helper/redis.go:14.32,17.4 2 1
github.com/TykTechnologies/storage/temporal/internal/helper/redis.go:20.2,20.39 1 1
github.com/TykTechnologies/storage/temporal/internal/helper/redis.go:20.39,23.3 2 1
github.com/TykTechnologies/storage/temporal/internal/helper/redis.go:25.2,25.14 1 1
github.com/TykTechnologies/storage/temporal/model/options.go:13.40,15.2 1 0
github.com/TykTechnologies/storage/temporal/model/options.go:18.51,20.30 1 0
github.com/TykTechnologies/storage/temporal/model/options.go:20.30,22.4 1 0
github.com/TykTechnologies/storage/temporal/model/options.go:27.30,29.30 1 0
github.com/TykTechnologies/storage/temporal/model/options.go:29.31,31.4 0 0
github.com/TykTechnologies/storage/temporal/model/options.go:36.47,38.30 1 0
github.com/TykTechnologies/storage/temporal/model/options.go:38.30,40.4 1 0
github.com/TykTechnologies/storage/temporal/model/options.go:46.66,48.30 1 0
github.com/TykTechnologies/storage/temporal/model/options.go:48.30,50.4 1 0
github.com/TykTechnologies/storage/temporal/connector/connector.go:14.86,15.18 1 0
github.com/TykTechnologies/storage/temporal/connector/connector.go:16.25,17.48 1 0
github.com/TykTechnologies/storage/temporal/connector/connector.go:18.10,19.41 1 0
github.com/TykTechnologies/storage/temporal/internal/driver/redisv8/connector.go:10.57,12.2 1 0
github.com/TykTechnologies/storage/temporal/internal/driver/redisv8/connector.go:14.51,16.2 1 0
github.com/TykTechnologies/storage/temporal/internal/driver/redisv8/connector.go:18.33,20.2 1 0
github.com/TykTechnologies/storage/temporal/internal/driver/redisv8/connector.go:25.42,26.45 1 0
github.com/TykTechnologies/storage/temporal/internal/driver/redisv8/connector.go:26.45,29.3 2 0
github.com/TykTechnologies/storage/temporal/internal/driver/redisv8/connector.go:31.2,31.14 1 0
github.com/TykTechnologies/storage/temporal/internal/driver/redisv8/flusher.go:10.55,11.35 1 0
github.com/TykTechnologies/storage/temporal/internal/driver/redisv8/flusher.go:12.28,13.94 1 0
github.com/TykTechnologies/storage/temporal/internal/driver/redisv8/flusher.go:13.94,15.4 1 0
github.com/TykTechnologies/storage/temporal/internal/driver/redisv8/flusher.go:16.21,17.38 1 0
github.com/TykTechnologies/storage/temporal/internal/driver/redisv8/flusher.go:18.10,19.36 1 0
github.com/TykTechnologies/storage/temporal/internal/driver/redisv8/keyvalue.go:15.72,16.15 1 0
github.com/TykTechnologies/storage/temporal/internal/driver/redisv8/keyvalue.go:16.15,18.3 1 0
github.com/TykTechnologies/storage/temporal/internal/driver/redisv8/keyvalue.go:20.2,21.16 2 0
github.com/TykTechnologies/storage/temporal/internal/driver/redisv8/keyvalue.go:21.16,22.32 1 0
github.com/TykTechnologies/storage/temporal/internal/driver/redisv8/keyvalue.go:22.32,24.4 1 0
github.com/TykTechnologies/storage/temporal/internal/driver/redisv8/keyvalue.go:26.3,26.17 1 0
github.com/TykTechnologies/storage/temporal/internal/driver/redisv8/keyvalue.go:29.2,29.20 1 0
github.com/TykTechnologies/storage/temporal/internal/driver/redisv8/keyvalue.go:33.95,34.15 1 0
github.com/TykTechnologies/storage/temporal/internal/driver/redisv8/keyvalue.go:34.15,36.3 1 0
github.com/TykTechnologies/storage/temporal/internal/driver/redisv8/keyvalue.go:38.2,38.56 1 0
github.com/TykTechnologies/storage/temporal/internal/driver/redisv8/keyvalue.go:42.65,43.15 1 0
github.com/TykTechnologies/storage/temporal/internal/driver/redisv8/keyvalue.go:43.15,45.3 1 0
github.com/TykTechnologies/storage/temporal/internal/driver/redisv8/keyvalue.go:47.2,49.12 2 0
github.com/TykTechnologies/storage/temporal/internal/driver/redisv8/keyvalue.go:53.77,54.15 1 0
github.com/TykTechnologies/storage/temporal/internal/driver/redisv8/keyvalue.go:54.15,56.3 1 0
github.com/TykTechnologies/storage/temporal/internal/driver/redisv8/keyvalue.go:58.2,59.97 2 0
github.com/TykTechnologies/storage/temporal/internal/driver/redisv8/keyvalue.go:59.97,61.3 1 0
github.com/TykTechnologies/storage/temporal/internal/driver/redisv8/keyvalue.go:63.2,63.17 1 0
github.com/TykTechnologies/storage/temporal/internal/driver/redisv8/keyvalue.go:67.77,68.15 1 0
github.com/TykTechnologies/storage/temporal/internal/driver/redisv8/keyvalue.go:68.15,70.3 1 0
github.com/TykTechnologies/storage/temporal/internal/driver/redisv8/keyvalue.go:72.2,73.97 2 0
github.com/TykTechnologies/storage/temporal/internal/driver/redisv8/keyvalue.go:73.97,75.3 1 0
github.com/TykTechnologies/storage/temporal/internal/driver/redisv8/keyvalue.go:77.2,77.17 1 0
github.com/TykTechnologies/storage/temporal/internal/driver/redisv8/keyvalue.go:81.73,82.15 1 0
github.com/TykTechnologies/storage/temporal/internal/driver/redisv8/keyvalue.go:82.15,84.3 1 0
github.com/TykTechnologies/storage/temporal/internal/driver/redisv8/keyvalue.go:86.2,88.24 2 0
github.com/TykTechnologies/storage/temporal/internal/driver/redisv8/keyvalue.go:92.91,93.15 1 0
github.com/TykTechnologies/storage/temporal/internal/driver/redisv8/keyvalue.go:93.15,95.3 1 0
github.com/TykTechnologies/storage/temporal/internal/driver/redisv8/keyvalue.go:97.2,97.52 1 0
github.com/TykTechnologies/storage/temporal/internal/driver/redisv8/keyvalue.go:101.71,102.15 1 0
github.com/TykTechnologies/storage/temporal/internal/driver/redisv8/keyvalue.go:102.15,104.3 1 0
github.com/TykTechnologies/storage/temporal/internal/driver/redisv8/keyvalue.go:106.2,107.16 2 0
github.com/TykTechnologies/storage/temporal/internal/driver/redisv8/keyvalue.go:107.16,109.3 1 0
github.com/TykTechnologies/storage/temporal/internal/driver/redisv8/keyvalue.go:111.2,111.39 1 0
github.com/TykTechnologies/storage/temporal/internal/driver/redisv8/keyvalue.go:115.81,116.20 1 0
github.com/TykTechnologies/storage/temporal/internal/driver/redisv8/keyvalue.go:116.20,118.3 1 0
github.com/TykTechnologies/storage/temporal/internal/driver/redisv8/keyvalue.go:120.2,120.30 1 0
github.com/TykTechnologies/storage/temporal/internal/driver/redisv8/keyvalue.go:121.28,122.43 1 0
github.com/TykTechnologies/storage/temporal/internal/driver/redisv8/keyvalue.go:123.21,124.38 1 0
github.com/TykTechnologies/storage/temporal/internal/driver/redisv8/keyvalue.go:125.10,126.39 1 0
github.com/TykTechnologies/storage/temporal/internal/driver/redisv8/keyvalue.go:131.118,134.27 2 0
github.com/TykTechnologies/storage/temporal/internal/driver/redisv8/keyvalue.go:134.27,138.54 2 0
github.com/TykTechnologies/storage/temporal/internal/driver/redisv8/keyvalue.go:138.54,140.4 1 0
github.com/TykTechnologies/storage/temporal/internal/driver/redisv8/keyvalue.go:143.3,144.17 2 0
github.com/TykTechnologies/storage/temporal/internal/driver/redisv8/keyvalue.go:144.17,146.4 1 0
github.com/TykTechnologies/storage/temporal/internal/driver/redisv8/keyvalue.go:148.3,148.26 1 0
github.com/TykTechnologies/storage/temporal/internal/driver/redisv8/keyvalue.go:151.2,151.26 1 0
github.com/TykTechnologies/storage/temporal/internal/driver/redisv8/keyvalue.go:155.87,158.35 2 0
github.com/TykTechnologies/storage/temporal/internal/driver/redisv8/keyvalue.go:159.28,160.90 1 0
github.com/TykTechnologies/storage/temporal/internal/driver/redisv8/keyvalue.go:160.90,162.18 2 0
github.com/TykTechnologies/storage/temporal/internal/driver/redisv8/keyvalue.go:162.18,164.5 1 0
github.com/TykTechnologies/storage/temporal/internal/driver/redisv8/keyvalue.go:166.4,167.14 2 0
github.com/TykTechnologies/storage/temporal/internal/driver/redisv8/keyvalue.go:169.3,169.17 1 0
github.com/TykTechnologies/storage/temporal/internal/driver/redisv8/keyvalue.go:169.17,171.4 1 0
github.com/TykTechnologies/storage/temporal/internal/driver/redisv8/keyvalue.go:173.21,177.17 3 0
github.com/TykTechnologies/storage/temporal/internal/driver/redisv8/keyvalue.go:177.17,179.4 1 0
github.com/TykTechnologies/storage/temporal/internal/driver/redisv8/keyvalue.go:181.10,182.50 1 0
github.com/TykTechnologies/storage/temporal/internal/driver/redisv8/keyvalue.go:185.2,185.26 1 0
github.com/TykTechnologies/storage/temporal/internal/driver/redisv8/keyvalue.go:189.119,196.16 5 0
github.com/TykTechnologies/storage/temporal/internal/driver/redisv8/keyvalue.go:196.16,198.3 1 0
github.com/TykTechnologies/storage/temporal/internal/driver/redisv8/keyvalue.go:200.2,200.19 1 0
github.com/TykTechnologies/storage/temporal/internal/driver/redisv8/keyvalue.go:200.19,202.17 2 0
github.com/TykTechnologies/storage/temporal/internal/driver/redisv8/keyvalue.go:202.17,204.4 1 0
github.com/TykTechnologies/storage/temporal/internal/driver/redisv8/keyvalue.go:206.3,206.25 1 0
github.com/TykTechnologies/storage/temporal/internal/driver/redisv8/keyvalue.go:209.2,209.28 1 0
github.com/TykTechnologies/storage/temporal/internal/driver/redisv8/keyvalue.go:213.79,216.35 2 0
github.com/TykTechnologies/storage/temporal/internal/driver/redisv8/keyvalue.go:217.28,218.90 1 0
github.com/TykTechnologies/storage/temporal/internal/driver/redisv8/keyvalue.go:218.90,220.18 2 0
github.com/TykTechnologies/storage/temporal/internal/driver/redisv8/keyvalue.go:220.18,222.5 1 0
github.com/TykTechnologies/storage/temporal/internal/driver/redisv8/keyvalue.go:224.4,225.14 2 0
github.com/TykTechnologies/storage/temporal/internal/driver/redisv8/keyvalue.go:227.3,227.17 1 0
github.com/TykTechnologies/storage/temporal/internal/driver/redisv8/keyvalue.go:227.17,229.4 1 0
github.com/TykTechnologies/storage/temporal/internal/driver/redisv8/keyvalue.go:231.21,233.17 2 0
github.com/TykTechnologies/storage/temporal/internal/driver/redisv8/keyvalue.go:233.17,235.4 1 0
github.com/TykTechnologies/storage/temporal/internal/driver/redisv8/keyvalue.go:237.3,237.25 1 0
github.com/TykTechnologies/storage/temporal/internal/driver/redisv8/keyvalue.go:239.10,240.41 1 0
github.com/TykTechnologies/storage/temporal/internal/driver/redisv8/keyvalue.go:243.2,243.22 1 0
github.com/TykTechnologies/storage/temporal/internal/driver/redisv8/keyvalue.go:247.87,248.35 1 0
github.com/TykTechnologies/storage/temporal/internal/driver/redisv8/keyvalue.go:249.28,252.28 2 0
github.com/TykTechnologies/storage/temporal/internal/driver/redisv8/keyvalue.go:252.28,254.36 2 0
github.com/TykTechnologies/storage/temporal/internal/driver/redisv8/keyvalue.go:254.36,255.34 1 0
github.com/TykTechnologies/storage/temporal/internal/driver/redisv8/keyvalue.go:255.34,258.6 1 0
github.com/TykTechnologies/storage/temporal/internal/driver/redisv8/keyvalue.go:258.11,260.6 1 0
github.com/TykTechnologies/storage/temporal/internal/driver/redisv8/keyvalue.go:261.10,263.18 2 0
github.com/TykTechnologies/storage/temporal/internal/driver/redisv8/keyvalue.go:263.18,265.6 1 0
github.com/TykTechnologies/storage/temporal/internal/driver/redisv8/keyvalue.go:265.11,267.6 1 0
github.com/TykTechnologies/storage/temporal/internal/driver/redisv8/keyvalue.go:271.3,271.21 1 0
github.com/TykTechnologies/storage/temporal/internal/driver/redisv8/keyvalue.go:273.21,275.23 2 0
github.com/TykTechnologies/storage/temporal/internal/driver/redisv8/keyvalue.go:275.23,277.4 1 0
github.com/TykTechnologies/storage/temporal/internal/driver/redisv8/keyvalue.go:279.3,279.24 1 0
github.com/TykTechnologies/storage/temporal/internal/driver/redisv8/keyvalue.go:281.10,282.41 1 0
github.com/TykTechnologies/storage/temporal/internal/driver/redisv8/keyvalue.go:289.35,291.16 2 0
github.com/TykTechnologies/storage/temporal/internal/driver/redisv8/keyvalue.go:291.16,293.3 1 0
github.com/TykTechnologies/storage/temporal/internal/driver/redisv8/keyvalue.go:295.2,297.20 2 0
github.com/TykTechnologies/storage/temporal/internal/driver/redisv8/keyvalue.go:297.20,299.3 1 0
github.com/TykTechnologies/storage/temporal/internal/driver/redisv8/keyvalue.go:301.2,302.16 2 0
github.com/TykTechnologies/storage/temporal/internal/driver/redisv8/keyvalue.go:302.16,304.3 1 0
github.com/TykTechnologies/storage/temporal/internal/driver/redisv8/keyvalue.go:306.2,306.27 1 0
github.com/TykTechnologies/storage/temporal/internal/driver/redisv8/keyvalue.go:306.27,308.3 1 0
github.com/TykTechnologies/storage/temporal/internal/driver/redisv8/keyvalue.go:310.2,310.20 1 0
github.com/TykTechnologies/storage/temporal/internal/driver/redisv8/keyvalue.go:318.33,321.35 2 0
github.com/TykTechnologies/storage/temporal/internal/driver/redisv8/keyvalue.go:322.28,323.90 1 0
github.com/TykTechnologies/storage/temporal/internal/driver/redisv8/keyvalue.go:323.90,325.18 2 0
github.com/TykTechnologies/storage/temporal/internal/driver/redisv8/keyvalue.go:325.18,327.5 1 0
github.com/TykTechnologies/storage/temporal/internal/driver/redisv8/keyvalue.go:329.4,331.14 3 0
github.com/TykTechnologies/storage/temporal/internal/driver/redisv8/keyvalue.go:333.3,333.17 1 0
github.com/TykTechnologies/storage/temporal/internal/driver/redisv8/keyvalue.go:333.17,334.39 1 0
github.com/TykTechnologies/storage/temporal/internal/driver/redisv8/keyvalue.go:334.39,336.5 1 0
github.com/TykTechnologies/storage/temporal/internal/driver/redisv8/keyvalue.go:338.4,338.22 1 0
github.com/TykTechnologies/storage/temporal/internal/driver/redisv8/keyvalue.go:341.21,345.17 3 0
github.com/TykTechnologies/storage/temporal/internal/driver/redisv8/keyvalue.go:345.17,346.39 1 0
github.com/TykTechnologies/storage/temporal/internal/driver/redisv8/keyvalue.go:346.39,348.5 1 0
github.com/TykTechnologies/storage/temporal/internal/driver/redisv8/keyvalue.go:350.4,350.22 1 0
github.com/TykTechnologies/storage/temporal/internal/driver/redisv8/keyvalue.go:353.10,354.44 1 0
github.com/TykTechnologies/storage/temporal/internal/driver/redisv8/keyvalue.go:357.2,357.20 1 0
github.com/TykTechnologies/storage/temporal/internal/driver/redisv8/keyvalue.go:366.33,373.35 4 0
github.com/TykTechnologies/storage/temporal/internal/driver/redisv8/keyvalue.go:373.35,375.3 1 0
github.com/TykTechnologies/storage/temporal/internal/driver/redisv8/keyvalue.go:377.2,379.20 2 0
github.com/TykTechnologies/storage/temporal/internal/driver/redisv8/list.go:15.108,17.2 1 0
github.com/TykTechnologies/storage/temporal/internal/driver/redisv8/list.go:23.95,25.2 1 0
github.com/TykTechnologies/storage/temporal/internal/driver/redisv8/list.go:31.74,33.2 1 0
github.com/TykTechnologies/storage/temporal/internal/driver/redisv8/list.go:39.100,40.15 1 0
github.com/TykTechnologies/storage/temporal/internal/driver/redisv8/list.go:40.15,44.32 3 0
github.com/TykTechnologies/storage/temporal/internal/driver/redisv8/list.go:44.32,46.4 1 0
github.com/TykTechnologies/storage/temporal/internal/driver/redisv8/list.go:48.3,50.13 2 0
github.com/TykTechnologies/storage/temporal/internal/driver/redisv8/list.go:53.2,53.31 1 0
github.com/TykTechnologies/storage/temporal/internal/driver/redisv8/list.go:53.31,54.63 1 0
github.com/TykTechnologies/storage/temporal/internal/driver/redisv8/list.go:54.63,56.4 1 0
github.com/TykTechnologies/storage/temporal/internal/driver/redisv8/list.go:59.2,59.12 1 0
github.com/TykTechnologies/storage/temporal/internal/driver/redisv8/list.go:66.99,67.15 1 0
github.com/TykTechnologies/storage/temporal/internal/driver/redisv8/list.go:67.15,71.32 3 0
github.com/TykTechnologies/storage/temporal/internal/driver/redisv8/list.go:71.32,73.4 1 0
github.com/TykTechnologies/storage/temporal/internal/driver/redisv8/list.go:75.3,77.13 2 0
github.com/TykTechnologies/storage/temporal/internal/driver/redisv8/list.go:80.2,80.31 1 0
github.com/TykTechnologies/storage/temporal/internal/driver/redisv8/list.go:80.31,81.63 1 0
github.com/TykTechnologies/storage/temporal/internal/driver/redisv8/list.go:81.63,83.4 1 0
github.com/TykTechnologies/storage/temporal/internal/driver/redisv8/list.go:86.2,86.12 1 0
github.com/TykTechnologies/storage/temporal/internal/driver/redisv8/list.go:91.86,94.71 2 0
github.com/TykTechnologies/storage/temporal/internal/driver/redisv8/list.go:94.71,96.17 2 0
github.com/TykTechnologies/storage/temporal/internal/driver/redisv8/list.go:96.17,98.4 1 0
github.com/TykTechnologies/storage/temporal/internal/driver/redisv8/list.go:99.3,101.17 2 0
github.com/TykTechnologies/storage/temporal/internal/driver/redisv8/list.go:101.17,103.4 1 0
github.com/TykTechnologies/storage/temporal/internal/driver/redisv8/list.go:103.9,105.4 1 0
github.com/TykTechnologies/storage/temporal/internal/driver/redisv8/list.go:107.3,107.13 1 0
github.com/TykTechnologies/storage/temporal/internal/driver/redisv8/list.go:109.2,109.16 1 0
github.com/TykTechnologies/storage/temporal/internal/driver/redisv8/list.go:109.16,111.3 1 0
github.com/TykTechnologies/storage/temporal/internal/driver/redisv8/list.go:113.2,113.21 1 0
github.com/TykTechnologies/storage/temporal/internal/driver/redisv8/queue.go:26.72,28.2 1 0
github.com/TykTechnologies/storage/temporal/internal/driver/redisv8/queue.go:31.57,33.2 1 0
github.com/TykTechnologies/storage/temporal/internal/driver/redisv8/queue.go:36.40,37.22 1 0
github.com/TykTechnologies/storage/temporal/internal/driver/redisv8/queue.go:38.22,39.34 1 0
github.com/TykTechnologies/storage/temporal/internal/driver/redisv8/queue.go:40.27,41.39 1 0
github.com/TykTechnologies/storage/temporal/internal/driver/redisv8/queue.go:42.10,43.44 1 0
github.com/TykTechnologies/storage/temporal/internal/driver/redisv8/queue.go:48.52,49.29 1 0
github.com/TykTechnologies/storage/temporal/internal/driver/redisv8/queue.go:50.22,51.26 1 0
github.com/TykTechnologies/storage/temporal/internal/driver/redisv8/queue.go:52.27,53.26 1 0
github.com/TykTechnologies/storage/temporal/internal/driver/redisv8/queue.go:54.10,55.40 1 0
github.com/TykTechnologies/storage/temporal/internal/driver/redisv8/queue.go:60.52,61.29 1 0
github.com/TykTechnologies/storage/temporal/internal/driver/redisv8/queue.go:62.22,63.26 1 0
github.com/TykTechnologies/storage/temporal/internal/driver/redisv8/queue.go:64.27,65.23 1 0
github.com/TykTechnologies/storage/temporal/internal/driver/redisv8/queue.go:66.10,67.40 1 0
github.com/TykTechnologies/storage/temporal/internal/driver/redisv8/queue.go:72.83,74.16 2 0
github.com/TykTechnologies/storage/temporal/internal/driver/redisv8/queue.go:74.16,75.38 1 0
github.com/TykTechnologies/storage/temporal/internal/driver/redisv8/queue.go:75.38,77.4 1 0
github.com/TykTechnologies/storage/temporal/internal/driver/redisv8/queue.go:79.3,79.18 1 0
github.com/TykTechnologies/storage/temporal/internal/driver/redisv8/queue.go:82.2,82.36 1 0
github.com/TykTechnologies/storage/temporal/internal/driver/redisv8/queue.go:86.45,88.2 1 0
github.com/TykTechnologies/storage/temporal/internal/driver/redisv8/queue.go:91.88,93.16 2 0
github.com/TykTechnologies/storage/temporal/internal/driver/redisv8/queue.go:93.16,94.38 1 0
github.com/TykTechnologies/storage/temporal/internal/driver/redisv8/queue.go:94.38,96.4 1 0
github.com/TykTechnologies/storage/temporal/internal/driver/redisv8/queue.go:99.2,99.17 1 0
github.com/TykTechnologies/storage/temporal/internal/driver/redisv8/queue.go:103.89,109.2 3 0
github.com/TykTechnologies/storage/temporal/internal/driver/redisv8/redisv8.go:25.68,27.30 2 0
github.com/TykTechnologies/storage/temporal/internal/driver/redisv8/redisv8.go:27.30,29.3 1 0
github.com/TykTechnologies/storage/temporal/internal/driver/redisv8/redisv8.go:31.2,32.17 2 0
github.com/TykTechnologies/storage/temporal/internal/driver/redisv8/redisv8.go:32.17,34.3 1 0
github.com/TykTechnologies/storage/temporal/internal/driver/redisv8/redisv8.go:37.2,38.24 2 0
github.com/TykTechnologies/storage/temporal/internal/driver/redisv8/redisv8.go:38.24,40.3 1 0
github.com/TykTechnologies/storage/temporal/internal/driver/redisv8/redisv8.go:42.2,43.23 2 0
github.com/TykTechnologies/storage/temporal/internal/driver/redisv8/redisv8.go:43.23,45.3 1 0
github.com/TykTechnologies/storage/temporal/internal/driver/redisv8/redisv8.go:47.2,48.17 2 0
github.com/TykTechnologies/storage/temporal/internal/driver/redisv8/redisv8.go:48.17,52.3 1 0
github.com/TykTechnologies/storage/temporal/internal/driver/redisv8/redisv8.go:53.2,72.35 4 0
github.com/TykTechnologies/storage/temporal/internal/driver/redisv8/redisv8.go:72.35,78.3 4 0
github.com/TykTechnologies/storage/temporal/internal/driver/redisv8/redisv8.go:80.2,80.33 1 0
github.com/TykTechnologies/storage/temporal/internal/driver/redisv8/redisv8.go:80.33,83.79 2 0
github.com/TykTechnologies/storage/temporal/internal/driver/redisv8/redisv8.go:83.79,85.4 1 0
github.com/TykTechnologies/storage/temporal/internal/driver/redisv8/redisv8.go:88.2,88.9 1 0
github.com/TykTechnologies/storage/temporal/internal/driver/redisv8/redisv8.go:89.29,90.61 1 0
github.com/TykTechnologies/storage/temporal/internal/driver/redisv8/redisv8.go:91.26,92.59 1 0
github.com/TykTechnologies/storage/temporal/internal/driver/redisv8/redisv8.go:93.10,94.51 1 0
github.com/TykTechnologies/storage/temporal/internal/driver/redisv8/redisv8.go:97.2,99.20 2 0
github.com/TykTechnologies/storage/temporal/internal/driver/redisv8/redisv8.go:103.71,105.38 2 0
github.com/TykTechnologies/storage/temporal/internal/driver/redisv8/redisv8.go:105.38,107.3 1 0
github.com/TykTechnologies/storage/temporal/internal/driver/redisv8/redisv8.go:109.2,109.55 1 0
github.com/TykTechnologies/storage/temporal/internal/driver/redisv8/set.go:10.78,11.15 1 0
github.com/TykTechnologies/storage/temporal/internal/driver/redisv8/set.go:11.15,13.3 1 0
github.com/TykTechnologies/storage/temporal/internal/driver/redisv8/set.go:15.2,15.45 1 0
github.com/TykTechnologies/storage/temporal/internal/driver/redisv8/set.go:22.76,23.15 1 0
github.com/TykTechnologies/storage/temporal/internal/driver/redisv8/set.go:23.15,25.3 1 0
github.com/TykTechnologies/storage/temporal/internal/driver/redisv8/set.go:27.2,27.46 1 0
github.com/TykTechnologies/storage/temporal/internal/driver/redisv8/set.go:33.79,34.15 1 0
github.com/TykTechnologies/storage/temporal/internal/driver/redisv8/set.go:34.15,36.3 1 0
github.com/TykTechnologies/storage/temporal/internal/driver/redisv8/set.go:38.2,38.46 1 0
github.com/TykTechnologies/storage/temporal/internal/driver/redisv8/set.go:42.83,43.15 1 0
github.com/TykTechnologies/storage/temporal/internal/driver/redisv8/set.go:43.15,45.3 1 0
github.com/TykTechnologies/storage/temporal/internal/driver/redisv8/set.go:47.2,47.54 1 0
github.com/TykTechnologies/storage/temporal/internal/driver/redisv8/sortedset.go:11.106,13.2 1 0
github.com/TykTechnologies/storage/temporal/internal/driver/redisv8/sortedset.go:18.119,20.16 2 0
github.com/TykTechnologies/storage/temporal/internal/driver/redisv8/sortedset.go:20.16,22.3 1 0
github.com/TykTechnologies/storage/temporal/internal/driver/redisv8/sortedset.go:24.2,27.28 3 0
github.com/TykTechnologies/storage/temporal/internal/driver/redisv8/sortedset.go:27.28,30.3 2 0
github.com/TykTechnologies/storage/temporal/internal/driver/redisv8/sortedset.go:32.2,32.29 1 0
github.com/TykTechnologies/storage/temporal/internal/driver/redisv8/sortedset.go:37.103,39.2 1 0
github.com/TykTechnologies/storage/temporal/internal/helper/redis.go:10.63,11.26 1 0
github.com/TykTechnologies/storage/temporal/internal/helper/redis.go:11.26,13.3 1 0
github.com/TykTechnologies/storage/temporal/internal/helper/redis.go:13.8,14.32 1 0
github.com/TykTechnologies/storage/temporal/internal/helper/redis.go:14.32,17.4 2 0
github.com/TykTechnologies/storage/temporal/internal/helper/redis.go:20.2,20.39 1 0
github.com/TykTechnologies/storage/temporal/internal/helper/redis.go:20.39,23.3 2 0
github.com/TykTechnologies/storage/temporal/internal/helper/redis.go:25.2,25.14 1 0
github.com/TykTechnologies/storage/temporal/internal/testutil/testutil.go:16.39,18.2 1 1
github.com/TykTechnologies/storage/temporal/internal/testutil/testutil.go:20.60,22.2 1 1
github.com/TykTechnologies/storage/temporal/internal/testutil/testutil.go:24.63,26.2 1 1
github.com/TykTechnologies/storage/temporal/internal/testutil/testutil.go:28.57,30.2 1 1
github.com/TykTechnologies/storage/temporal/internal/testutil/testutil.go:32.48,34.2 1 1
github.com/TykTechnologies/storage/temporal/internal/testutil/testutil.go:38.53,49.2 5 0
github.com/TykTechnologies/storage/temporal/internal/testutil/testutil.go:51.54,57.20 4 0
github.com/TykTechnologies/storage/temporal/internal/testutil/testutil.go:57.20,61.3 2 0
github.com/TykTechnologies/storage/temporal/internal/testutil/testutil.go:63.2,68.28 4 0
github.com/TykTechnologies/storage/temporal/internal/testutil/testutil.go:68.28,72.3 2 0
github.com/TykTechnologies/storage/temporal/internal/testutil/testutil.go:74.2,78.23 3 0
github.com/TykTechnologies/storage/temporal/internal/testutil/testutil.go:81.66,84.39 2 0
github.com/TykTechnologies/storage/temporal/internal/testutil/testutil.go:84.39,85.62 1 0
github.com/TykTechnologies/storage/temporal/internal/testutil/testutil.go:85.62,87.12 1 0
github.com/TykTechnologies/storage/temporal/internal/testutil/testutil.go:89.3,90.21 2 0
github.com/TykTechnologies/storage/temporal/model/options.go:13.40,15.2 1 0
github.com/TykTechnologies/storage/temporal/model/options.go:18.51,20.30 1 0
github.com/TykTechnologies/storage/temporal/model/options.go:20.30,22.4 1 0
github.com/TykTechnologies/storage/temporal/model/options.go:27.30,29.30 1 0
github.com/TykTechnologies/storage/temporal/model/options.go:29.31,31.4 0 0
github.com/TykTechnologies/storage/temporal/model/options.go:36.47,38.30 1 0
github.com/TykTechnologies/storage/temporal/model/options.go:38.30,40.4 1 0
github.com/TykTechnologies/storage/temporal/model/options.go:46.66,48.30 1 0
github.com/TykTechnologies/storage/temporal/model/options.go:48.30,50.4 1 0
github.com/TykTechnologies/storage/temporal/connector/connector.go:14.86,15.18 1 1
github.com/TykTechnologies/storage/temporal/connector/connector.go:16.25,17.48 1 1
github.com/TykTechnologies/storage/temporal/connector/connector.go:18.10,19.41 1 0
github.com/TykTechnologies/storage/temporal/flusher/flusher.go:11.56,12.21 1 1
github.com/TykTechnologies/storage/temporal/flusher/flusher.go:13.25,14.48 1 1
github.com/TykTechnologies/storage/temporal/flusher/flusher.go:15.10,16.41 1 0
github.com/TykTechnologies/storage/temporal/internal/driver/redisv8/connector.go:10.57,12.2 1 1
github.com/TykTechnologies/storage/temporal/internal/driver/redisv8/connector.go:14.51,16.2 1 1
github.com/TykTechnologies/storage/temporal/internal/driver/redisv8/connector.go:18.33,20.2 1 1
github.com/TykTechnologies/storage/temporal/internal/driver/redisv8/connector.go:25.42,26.45 1 1
github.com/TykTechnologies/storage/temporal/internal/driver/redisv8/connector.go:26.45,29.3 2 1
github.com/TykTechnologies/storage/temporal/internal/driver/redisv8/connector.go:31.2,31.14 1 0
github.com/TykTechnologies/storage/temporal/internal/driver/redisv8/flusher.go:10.55,11.35 1 1
github.com/TykTechnologies/storage/temporal/internal/driver/redisv8/flusher.go:12.28,13.94 1 1
github.com/TykTechnologies/storage/temporal/internal/driver/redisv8/flusher.go:13.94,15.4 1 1
github.com/TykTechnologies/storage/temporal/internal/driver/redisv8/flusher.go:16.21,17.38 1 0
github.com/TykTechnologies/storage/temporal/internal/driver/redisv8/flusher.go:18.10,19.36 1 0
github.com/TykTechnologies/storage/temporal/internal/driver/redisv8/keyvalue.go:15.72,16.15 1 1
github.com/TykTechnologies/storage/temporal/internal/driver/redisv8/keyvalue.go:16.15,18.3 1 1
github.com/TykTechnologies/storage/temporal/internal/driver/redisv8/keyvalue.go:20.2,21.16 2 1
github.com/TykTechnologies/storage/temporal/internal/driver/redisv8/keyvalue.go:21.16,22.32 1 1
github.com/TykTechnologies/storage/temporal/internal/driver/redisv8/keyvalue.go:22.32,24.4 1 1
github.com/TykTechnologies/storage/temporal/internal/driver/redisv8/keyvalue.go:26.3,26.17 1 0
github.com/TykTechnologies/storage/temporal/internal/driver/redisv8/keyvalue.go:29.2,29.20 1 1
github.com/TykTechnologies/storage/temporal/internal/driver/redisv8/keyvalue.go:33.95,34.15 1 1
github.com/TykTechnologies/storage/temporal/internal/driver/redisv8/keyvalue.go:34.15,36.3 1 1
github.com/TykTechnologies/storage/temporal/internal/driver/redisv8/keyvalue.go:38.2,38.56 1 1
github.com/TykTechnologies/storage/temporal/internal/driver/redisv8/keyvalue.go:42.65,43.15 1 1
github.com/TykTechnologies/storage/temporal/internal/driver/redisv8/keyvalue.go:43.15,45.3 1 1
github.com/TykTechnologies/storage/temporal/internal/driver/redisv8/keyvalue.go:47.2,49.12 2 1
github.com/TykTechnologies/storage/temporal/internal/driver/redisv8/keyvalue.go:53.77,54.15 1 1
github.com/TykTechnologies/storage/temporal/internal/driver/redisv8/keyvalue.go:54.15,56.3 1 1
github.com/TykTechnologies/storage/temporal/internal/driver/redisv8/keyvalue.go:58.2,59.97 2 1
github.com/TykTechnologies/storage/temporal/internal/driver/redisv8/keyvalue.go:59.97,61.3 1 1
github.com/TykTechnologies/storage/temporal/internal/driver/redisv8/keyvalue.go:63.2,63.17 1 1
github.com/TykTechnologies/storage/temporal/internal/driver/redisv8/keyvalue.go:67.77,68.15 1 1
github.com/TykTechnologies/storage/temporal/internal/driver/redisv8/keyvalue.go:68.15,70.3 1 1
github.com/TykTechnologies/storage/temporal/internal/driver/redisv8/keyvalue.go:72.2,73.97 2 1
github.com/TykTechnologies/storage/temporal/internal/driver/redisv8/keyvalue.go:73.97,75.3 1 1
github.com/TykTechnologies/storage/temporal/internal/driver/redisv8/keyvalue.go:77.2,77.17 1 1
github.com/TykTechnologies/storage/temporal/internal/driver/redisv8/keyvalue.go:81.73,82.15 1 1
github.com/TykTechnologies/storage/temporal/internal/driver/redisv8/keyvalue.go:82.15,84.3 1 1
github.com/TykTechnologies/storage/temporal/internal/driver/redisv8/keyvalue.go:86.2,88.24 2 1
github.com/TykTechnologies/storage/temporal/internal/driver/redisv8/keyvalue.go:92.91,93.15 1 1
github.com/TykTechnologies/storage/temporal/internal/driver/redisv8/keyvalue.go:93.15,95.3 1 1
github.com/TykTechnologies/storage/temporal/internal/driver/redisv8/keyvalue.go:97.2,97.52 1 1
github.com/TykTechnologies/storage/temporal/internal/driver/redisv8/keyvalue.go:101.71,102.15 1 1
github.com/TykTechnologies/storage/temporal/internal/driver/redisv8/keyvalue.go:102.15,104.3 1 1
github.com/TykTechnologies/storage/temporal/internal/driver/redisv8/keyvalue.go:106.2,107.16 2 1
github.com/TykTechnologies/storage/temporal/internal/driver/redisv8/keyvalue.go:107.16,109.3 1 0
github.com/TykTechnologies/storage/temporal/internal/driver/redisv8/keyvalue.go:111.2,111.39 1 1
github.com/TykTechnologies/storage/temporal/internal/driver/redisv8/keyvalue.go:115.81,116.20 1 1
github.com/TykTechnologies/storage/temporal/internal/driver/redisv8/keyvalue.go:116.20,118.3 1 1
github.com/TykTechnologies/storage/temporal/internal/driver/redisv8/keyvalue.go:120.2,120.30 1 1
github.com/TykTechnologies/storage/temporal/internal/driver/redisv8/keyvalue.go:121.28,122.43 1 1
github.com/TykTechnologies/storage/temporal/internal/driver/redisv8/keyvalue.go:123.21,124.38 1 0
github.com/TykTechnologies/storage/temporal/internal/driver/redisv8/keyvalue.go:125.10,126.39 1 0
github.com/TykTechnologies/storage/temporal/internal/driver/redisv8/keyvalue.go:131.118,134.27 2 1
github.com/TykTechnologies/storage/temporal/internal/driver/redisv8/keyvalue.go:134.27,138.54 2 1
github.com/TykTechnologies/storage/temporal/internal/driver/redisv8/keyvalue.go:138.54,140.4 1 0
github.com/TykTechnologies/storage/temporal/internal/driver/redisv8/keyvalue.go:143.3,144.17 2 1
github.com/TykTechnologies/storage/temporal/internal/driver/redisv8/keyvalue.go:144.17,146.4 1 0
github.com/TykTechnologies/storage/temporal/internal/driver/redisv8/keyvalue.go:148.3,148.26 1 1
github.com/TykTechnologies/storage/temporal/internal/driver/redisv8/keyvalue.go:151.2,151.26 1 1
github.com/TykTechnologies/storage/temporal/internal/driver/redisv8/keyvalue.go:155.87,158.35 2 1
github.com/TykTechnologies/storage/temporal/internal/driver/redisv8/keyvalue.go:159.28,160.90 1 1
github.com/TykTechnologies/storage/temporal/internal/driver/redisv8/keyvalue.go:160.90,162.18 2 1
github.com/TykTechnologies/storage/temporal/internal/driver/redisv8/keyvalue.go:162.18,164.5 1 0
github.com/TykTechnologies/storage/temporal/internal/driver/redisv8/keyvalue.go:166.4,167.14 2 1
github.com/TykTechnologies/storage/temporal/internal/driver/redisv8/keyvalue.go:169.3,169.17 1 1
github.com/TykTechnologies/storage/temporal/internal/driver/redisv8/keyvalue.go:169.17,171.4 1 0
github.com/TykTechnologies/storage/temporal/internal/driver/redisv8/keyvalue.go:173.21,177.17 3 0
github.com/TykTechnologies/storage/temporal/internal/driver/redisv8/keyvalue.go:177.17,179.4 1 0
github.com/TykTechnologies/storage/temporal/internal/driver/redisv8/keyvalue.go:181.10,182.50 1 0
[...]
github.com/TykTechnologies/storage/temporal/internal/driver/redisv8/keyvalue.go:115.81,116.20 1 0
github.com/TykTechnologies/storage/temporal/internal/driver/redisv8/keyvalue.go:116.20,118.3 1 0
github.com/TykTechnologies/storage/temporal/internal/driver/redisv8/keyvalue.go:120.2,120.30 1 0
github.com/TykTechnologies/storage/temporal/internal/driver/redisv8/keyvalue.go:121.28,122.43 1 0
github.com/TykTechnologies/storage/temporal/internal/driver/redisv8/keyvalue.go:123.21,124.38 1 0
github.com/TykTechnologies/storage/temporal/internal/driver/redisv8/keyvalue.go:125.10,126.39 1 0
github.com/TykTechnologies/storage/temporal/internal/driver/redisv8/keyvalue.go:131.118,134.27 2 0
github.com/TykTechnologies/storage/temporal/internal/driver/redisv8/keyvalue.go:134.27,138.54 2 0
github.com/TykTechnologies/storage/temporal/internal/driver/redisv8/keyvalue.go:138.54,140.4 1 0
github.com/TykTechnologies/storage/temporal/internal/driver/redisv8/keyvalue.go:143.3,144.17 2 0
github.com/TykTechnologies/storage/temporal/internal/driver/redisv8/keyvalue.go:144.17,146.4 1 0
github.com/TykTechnologies/storage/temporal/internal/driver/redisv8/keyvalue.go:148.3,148.26 1 0
github.com/TykTechnologies/storage/temporal/internal/driver/redisv8/keyvalue.go:151.2,151.26 1 0
github.com/TykTechnologies/storage/temporal/internal/driver/redisv8/keyvalue.go:155.87,158.35 2 0
github.com/TykTechnologies/storage/temporal/internal/driver/redisv8/keyvalue.go:159.28,160.90 1 0
github.com/TykTechnologies/storage/temporal/internal/driver/redisv8/keyvalue.go:160.90,162.18 2 0
github.com/TykTechnologies/storage/temporal/internal/driver/redisv8/keyvalue.go:162.18,164.5 1 0
github.com/TykTechnologies/storage/temporal/internal/driver/redisv8/keyvalue.go:166.4,167.14 2 0
github.com/TykTechnologies/storage/temporal/internal/driver/redisv8/keyvalue.go:169.3,169.17 1 0
github.com/TykTechnologies/storage/temporal/internal/driver/redisv8/keyvalue.go:169.17,171.4 1 0
github.com/TykTechnologies/storage/temporal/internal/driver/redisv8/keyvalue.go:173.21,177.17 3 0
github.com/TykTechnologies/storage/temporal/internal/driver/redisv8/keyvalue.go:177.17,179.4 1 0
github.com/TykTechnologies/storage/temporal/internal/driver/redisv8/keyvalue.go:181.10,182.50 1 0
github.com/TykTechnologies/storage/temporal/internal/driver/redisv8/keyvalue.go:185.2,185.26 1 0
github.com/TykTechnologies/storage/temporal/internal/driver/redisv8/keyvalue.go:189.119,196.16 5 0
github.com/TykTechnologies/storage/temporal/internal/driver/redisv8/keyvalue.go:196.16,198.3 1 0
github.com/TykTechnologies/storage/temporal/internal/driver/redisv8/keyvalue.go:200.2,200.19 1 0
github.com/TykTechnologies/storage/temporal/internal/driver/redisv8/keyvalue.go:200.19,202.17 2 0
github.com/TykTechnologies/storage/temporal/internal/driver/redisv8/keyvalue.go:202.17,204.4 1 0
github.com/TykTechnologies/storage/temporal/internal/driver/redisv8/keyvalue.go:206.3,206.25 1 0
github.com/TykTechnologies/storage/temporal/internal/driver/redisv8/keyvalue.go:209.2,209.28 1 0
github.com/TykTechnologies/storage/temporal/internal/driver/redisv8/keyvalue.go:213.79,216.35 2 0
github.com/TykTechnologies/storage/temporal/internal/driver/redisv8/keyvalue.go:217.28,218.90 1 0
github.com/TykTechnologies/storage/temporal/internal/driver/redisv8/keyvalue.go:218.90,220.18 2 0
github.com/TykTechnologies/storage/temporal/internal/driver/redisv8/keyvalue.go:220.18,222.5 1 0
github.com/TykTechnologies/storage/temporal/internal/driver/redisv8/keyvalue.go:224.4,225.14 2 0
github.com/TykTechnologies/storage/temporal/internal/driver/redisv8/keyvalue.go:227.3,227.17 1 0
github.com/TykTechnologies/storage/temporal/internal/driver/redisv8/keyvalue.go:227.17,229.4 1 0
github.com/TykTechnologies/storage/temporal/internal/driver/redisv8/keyvalue.go:231.21,233.17 2 0
github.com/TykTechnologies/storage/temporal/internal/driver/redisv8/keyvalue.go:233.17,235.4 1 0
github.com/TykTechnologies/storage/temporal/internal/driver/redisv8/keyvalue.go:237.3,237.25 1 0
github.com/TykTechnologies/storage/temporal/internal/driver/redisv8/keyvalue.go:239.10,240.41 1 0
github.com/TykTechnologies/storage/temporal/internal/driver/redisv8/keyvalue.go:243.2,243.22 1 0
github.com/TykTechnologies/storage/temporal/internal/driver/redisv8/keyvalue.go:247.87,248.35 1 0
github.com/TykTechnologies/storage/temporal/internal/driver/redisv8/keyvalue.go:249.28,252.28 2 0
github.com/TykTechnologies/storage/temporal/internal/driver/redisv8/keyvalue.go:252.28,254.36 2 0
github.com/TykTechnologies/storage/temporal/internal/driver/redisv8/keyvalue.go:254.36,255.34 1 0
github.com/TykTechnologies/storage/temporal/internal/driver/redisv8/keyvalue.go:255.34,258.6 1 0
github.com/TykTechnologies/storage/temporal/internal/driver/redisv8/keyvalue.go:258.11,260.6 1 0
github.com/TykTechnologies/storage/temporal/internal/driver/redisv8/keyvalue.go:261.10,263.18 2 0
github.com/TykTechnologies/storage/temporal/internal/driver/redisv8/keyvalue.go:263.18,265.6 1 0
github.com/TykTechnologies/storage/temporal/internal/driver/redisv8/keyvalue.go:265.11,267.6 1 0
github.com/TykTechnologies/storage/temporal/internal/driver/redisv8/keyvalue.go:271.3,271.21 1 0
github.com/TykTechnologies/storage/temporal/internal/driver/redisv8/keyvalue.go:273.21,275.23 2 0
github.com/TykTechnologies/storage/temporal/internal/driver/redisv8/keyvalue.go:275.23,277.4 1 0
github.com/TykTechnologies/storage/temporal/internal/driver/redisv8/keyvalue.go:279.3,279.24 1 0
github.com/TykTechnologies/storage/temporal/internal/driver/redisv8/keyvalue.go:281.10,282.41 1 0
github.com/TykTechnologies/storage/temporal/internal/driver/redisv8/keyvalue.go:289.35,291.16 2 0
github.com/TykTechnologies/storage/temporal/internal/driver/redisv8/keyvalue.go:291.16,293.3 1 0
github.com/TykTechnologies/storage/temporal/internal/driver/redisv8/keyvalue.go:295.2,297.20 2 0
github.com/TykTechnologies/storage/temporal/internal/driver/redisv8/keyvalue.go:297.20,299.3 1 0
github.com/TykTechnologies/storage/temporal/internal/driver/redisv8/keyvalue.go:301.2,302.16 2 0
github.com/TykTechnologies/storage/temporal/internal/driver/redisv8/keyvalue.go:302.16,304.3 1 0
github.com/TykTechnologies/storage/temporal/internal/driver/redisv8/keyvalue.go:306.2,306.27 1 0
github.com/TykTechnologies/storage/temporal/internal/driver/redisv8/keyvalue.go:306.27,308.3 1 0
github.com/TykTechnologies/storage/temporal/internal/driver/redisv8/keyvalue.go:310.2,310.20 1 0
github.com/TykTechnologies/storage/temporal/internal/driver/redisv8/keyvalue.go:318.33,321.35 2 0
github.com/TykTechnologies/storage/temporal/internal/driver/redisv8/keyvalue.go:322.28,323.90 1 0
github.com/TykTechnologies/storage/temporal/internal/driver/redisv8/keyvalue.go:323.90,325.18 2 0
github.com/TykTechnologies/storage/temporal/internal/driver/redisv8/keyvalue.go:325.18,327.5 1 0
github.com/TykTechnologies/storage/temporal/internal/driver/redisv8/keyvalue.go:329.4,331.14 3 0
github.com/TykTechnologies/storage/temporal/internal/driver/redisv8/keyvalue.go:333.3,333.17 1 0
github.com/TykTechnologies/storage/temporal/internal/driver/redisv8/keyvalue.go:333.17,334.39 1 0
github.com/TykTechnologies/storage/temporal/internal/driver/redisv8/keyvalue.go:334.39,336.5 1 0
github.com/TykTechnologies/storage/temporal/internal/driver/redisv8/keyvalue.go:338.4,338.22 1 0
github.com/TykTechnologies/storage/temporal/internal/driver/redisv8/keyvalue.go:341.21,345.17 3 0
github.com/TykTechnologies/storage/temporal/internal/driver/redisv8/keyvalue.go:345.17,346.39 1 0
github.com/TykTechnologies/storage/temporal/internal/driver/redisv8/keyvalue.go:346.39,348.5 1 0
github.com/TykTechnologies/storage/temporal/internal/driver/redisv8/keyvalue.go:350.4,350.22 1 0
github.com/TykTechnologies/storage/temporal/internal/driver/redisv8/keyvalue.go:353.10,354.44 1 0
github.com/TykTechnologies/storage/temporal/internal/driver/redisv8/keyvalue.go:357.2,357.20 1 0
github.com/TykTechnologies/storage/temporal/internal/driver/redisv8/keyvalue.go:366.33,373.35 4 0
github.com/TykTechnologies/storage/temporal/internal/driver/redisv8/keyvalue.go:373.35,375.3 1 0
github.com/TykTechnologies/storage/temporal/internal/driver/redisv8/keyvalue.go:377.2,379.20 2 0
github.com/TykTechnologies/storage/temporal/internal/driver/redisv8/list.go:15.108,17.2 1 0
github.com/TykTechnologies/storage/temporal/internal/driver/redisv8/list.go:23.95,25.2 1 0
github.com/TykTechnologies/storage/temporal/internal/driver/redisv8/list.go:31.74,33.2 1 0
github.com/TykTechnologies/storage/temporal/internal/driver/redisv8/list.go:39.100,40.15 1 0
github.com/TykTechnologies/storage/temporal/internal/driver/redisv8/list.go:40.15,44.32 3 0
github.com/TykTechnologies/storage/temporal/internal/driver/redisv8/list.go:44.32,46.4 1 0
github.com/TykTechnologies/storage/temporal/internal/driver/redisv8/list.go:48.3,50.13 2 0
github.com/TykTechnologies/storage/temporal/internal/driver/redisv8/list.go:53.2,53.31 1 0
github.com/TykTechnologies/storage/temporal/internal/driver/redisv8/list.go:53.31,54.63 1 0
github.com/TykTechnologies/storage/temporal/internal/driver/redisv8/list.go:54.63,56.4 1 0
github.com/TykTechnologies/storage/temporal/internal/driver/redisv8/list.go:59.2,59.12 1 0
github.com/TykTechnologies/storage/temporal/internal/driver/redisv8/list.go:66.99,67.15 1 0
github.com/TykTechnologies/storage/temporal/internal/driver/redisv8/list.go:67.15,71.32 3 0
github.com/TykTechnologies/storage/temporal/internal/driver/redisv8/list.go:71.32,73.4 1 0
github.com/TykTechnologies/storage/temporal/internal/driver/redisv8/list.go:75.3,77.13 2 0
github.com/TykTechnologies/storage/temporal/internal/driver/redisv8/list.go:80.2,80.31 1 0
github.com/TykTechnologies/storage/temporal/internal/driver/redisv8/list.go:80.31,81.63 1 0
github.com/TykTechnologies/storage/temporal/internal/driver/redisv8/list.go:81.63,83.4 1 0
github.com/TykTechnologies/storage/temporal/internal/driver/redisv8/list.go:86.2,86.12 1 0
github.com/TykTechnologies/storage/temporal/internal/driver/redisv8/list.go:91.86,94.71 2 0
github.com/TykTechnologies/storage/temporal/internal/driver/redisv8/list.go:94.71,96.17 2 0
github.com/TykTechnologies/storage/temporal/internal/driver/redisv8/list.go:96.17,98.4 1 0
github.com/TykTechnologies/storage/temporal/internal/driver/redisv8/list.go:99.3,101.17 2 0
github.com/TykTechnologies/storage/temporal/internal/driver/redisv8/list.go:101.17,103.4 1 0
github.com/TykTechnologies/storage/temporal/internal/driver/redisv8/list.go:103.9,105.4 1 0
github.com/TykTechnologies/storage/temporal/internal/driver/redisv8/list.go:107.3,107.13 1 0
github.com/TykTechnologies/storage/temporal/internal/driver/redisv8/list.go:109.2,109.16 1 0
github.com/TykTechnologies/storage/temporal/internal/driver/redisv8/list.go:109.16,111.3 1 0
github.com/TykTechnologies/storage/temporal/internal/driver/redisv8/list.go:113.2,113.21 1 0
github.com/TykTechnologies/storage/temporal/internal/driver/redisv8/queue.go:26.72,28.2 1 0
github.com/TykTechnologies/storage/temporal/internal/driver/redisv8/queue.go:31.57,33.2 1 0
github.com/TykTechnologies/storage/temporal/internal/driver/redisv8/queue.go:36.40,37.22 1 0
github.com/TykTechnologies/storage/temporal/internal/driver/redisv8/queue.go:38.22,39.34 1 0
github.com/TykTechnologies/storage/temporal/internal/driver/redisv8/queue.go:40.27,41.39 1 0
github.com/TykTechnologies/storage/temporal/internal/driver/redisv8/queue.go:42.10,43.44 1 0
github.com/TykTechnologies/storage/temporal/internal/driver/redisv8/queue.go:48.52,49.29 1 0
github.com/TykTechnologies/storage/temporal/internal/driver/redisv8/queue.go:50.22,51.26 1 0
github.com/TykTechnologies/storage/temporal/internal/driver/redisv8/queue.go:52.27,53.26 1 0
github.com/TykTechnologies/storage/temporal/internal/driver/redisv8/queue.go:54.10,55.40 1 0
github.com/TykTechnologies/storage/temporal/internal/driver/redisv8/queue.go:60.52,61.29 1 0
github.com/TykTechnologies/storage/temporal/internal/driver/redisv8/queue.go:62.22,63.26 1 0
github.com/TykTechnologies/storage/temporal/internal/driver/redisv8/queue.go:64.27,65.23 1 0
github.com/TykTechnologies/storage/temporal/internal/driver/redisv8/queue.go:66.10,67.40 1 0
github.com/TykTechnologies/storage/temporal/internal/driver/redisv8/queue.go:72.83,74.16 2 0
github.com/TykTechnologies/storage/temporal/internal/driver/redisv8/queue.go:74.16,75.38 1 0
github.com/TykTechnologies/storage/temporal/internal/driver/redisv8/queue.go:75.38,77.4 1 0
github.com/TykTechnologies/storage/temporal/internal/driver/redisv8/queue.go:79.3,79.18 1 0
github.com/TykTechnologies/storage/temporal/internal/driver/redisv8/queue.go:82.2,82.36 1 0
github.com/TykTechnologies/storage/temporal/internal/driver/redisv8/queue.go:86.45,88.2 1 0
github.com/TykTechnologies/storage/temporal/internal/driver/redisv8/queue.go:91.88,93.16 2 0
github.com/TykTechnologies/storage/temporal/internal/driver/redisv8/queue.go:93.16,94.38 1 0
github.com/TykTechnologies/storage/temporal/internal/driver/redisv8/queue.go:94.38,96.4 1 0
github.com/TykTechnologies/storage/temporal/internal/driver/redisv8/queue.go:99.2,99.17 1 0
github.com/TykTechnologies/storage/temporal/internal/driver/redisv8/queue.go:103.89,109.2 3 0
github.com/TykTechnologies/storage/temporal/internal/driver/redisv8/redisv8.go:25.68,27.30 2 1
github.com/TykTechnologies/storage/temporal/internal/driver/redisv8/redisv8.go:27.30,29.3 1 1
github.com/TykTechnologies/storage/temporal/internal/driver/redisv8/redisv8.go:31.2,32.17 2 1
github.com/TykTechnologies/storage/temporal/internal/driver/redisv8/redisv8.go:32.17,34.3 1 0
github.com/TykTechnologies/storage/temporal/internal/driver/redisv8/redisv8.go:37.2,38.24 2 1
github.com/TykTechnologies/storage/temporal/internal/driver/redisv8/redisv8.go:38.24,40.3 1 0
github.com/TykTechnologies/storage/temporal/internal/driver/redisv8/redisv8.go:42.2,43.23 2 1
github.com/TykTechnologies/storage/temporal/internal/driver/redisv8/redisv8.go:43.23,45.3 1 0
github.com/TykTechnologies/storage/temporal/internal/driver/redisv8/redisv8.go:47.2,48.17 2 1
github.com/TykTechnologies/storage/temporal/internal/driver/redisv8/redisv8.go:48.17,52.3 1 0
github.com/TykTechnologies/storage/temporal/internal/driver/redisv8/redisv8.go:53.2,72.35 4 1
github.com/TykTechnologies/storage/temporal/internal/driver/redisv8/redisv8.go:72.35,78.3 4 0
github.com/TykTechnologies/storage/temporal/internal/driver/redisv8/redisv8.go:80.2,80.33 1 1
github.com/TykTechnologies/storage/temporal/internal/driver/redisv8/redisv8.go:80.33,83.79 2 0
github.com/TykTechnologies/storage/temporal/internal/driver/redisv8/redisv8.go:83.79,85.4 1 0
github.com/TykTechnologies/storage/temporal/internal/driver/redisv8/redisv8.go:88.2,88.9 1 1
github.com/TykTechnologies/storage/temporal/internal/driver/redisv8/redisv8.go:89.29,90.61 1 0
github.com/TykTechnologies/storage/temporal/internal/driver/redisv8/redisv8.go:91.26,92.59 1 1
github.com/TykTechnologies/storage/temporal/internal/driver/redisv8/redisv8.go:93.10,94.51 1 0
github.com/TykTechnologies/storage/temporal/internal/driver/redisv8/redisv8.go:97.2,99.20 2 1
github.com/TykTechnologies/storage/temporal/internal/driver/redisv8/redisv8.go:103.71,105.38 2 1
github.com/TykTechnologies/storage/temporal/internal/driver/redisv8/redisv8.go:105.38,107.3 1 0
github.com/TykTechnologies/storage/temporal/internal/driver/redisv8/redisv8.go:109.2,109.55 1 1
github.com/TykTechnologies/storage/temporal/internal/driver/redisv8/set.go:10.78,11.15 1 0
github.com/TykTechnologies/storage/temporal/internal/driver/redisv8/set.go:11.15,13.3 1 0
github.com/TykTechnologies/storage/temporal/internal/driver/redisv8/set.go:15.2,15.45 1 0
github.com/TykTechnologies/storage/temporal/internal/driver/redisv8/set.go:22.76,23.15 1 0
github.com/TykTechnologies/storage/temporal/internal/driver/redisv8/set.go:23.15,25.3 1 0
github.com/TykTechnologies/storage/temporal/internal/driver/redisv8/set.go:27.2,27.46 1 0
github.com/TykTechnologies/storage/temporal/internal/driver/redisv8/set.go:33.79,34.15 1 0
github.com/TykTechnologies/storage/temporal/internal/driver/redisv8/set.go:34.15,36.3 1 0
github.com/TykTechnologies/storage/temporal/internal/driver/redisv8/set.go:38.2,38.46 1 0
github.com/TykTechnologies/storage/temporal/internal/driver/redisv8/set.go:42.83,43.15 1 0
github.com/TykTechnologies/storage/temporal/internal/driver/redisv8/set.go:43.15,45.3 1 0
github.com/TykTechnologies/storage/temporal/internal/driver/redisv8/set.go:47.2,47.54 1 0
github.com/TykTechnologies/storage/temporal/internal/driver/redisv8/sortedset.go:11.106,13.2 1 1
github.com/TykTechnologies/storage/temporal/internal/driver/redisv8/sortedset.go:18.119,20.16 2 1
github.com/TykTechnologies/storage/temporal/internal/driver/redisv8/sortedset.go:20.16,22.3 1 1
github.com/TykTechnologies/storage/temporal/internal/driver/redisv8/sortedset.go:24.2,27.28 3 1
github.com/TykTechnologies/storage/temporal/internal/driver/redisv8/sortedset.go:27.28,30.3 2 1
github.com/TykTechnologies/storage/temporal/internal/driver/redisv8/sortedset.go:32.2,32.29 1 1
github.com/TykTechnologies/storage/temporal/internal/driver/redisv8/sortedset.go:37.103,39.2 1 1
github.com/TykTechnologies/storage/temporal/internal/helper/redis.go:10.63,11.26 1 1
github.com/TykTechnologies/storage/temporal/internal/helper/redis.go:11.26,13.3 1 1
github.com/TykTechnologies/storage/temporal/internal/helper/redis.go:13.8,14.32 1 0
github.com/TykTechnologies/storage/temporal/internal/helper/redis.go:14.32,17.4 2 0
github.com/TykTechnologies/storage/temporal/internal/helper/redis.go:20.2,20.39 1 1
github.com/TykTechnologies/storage/temporal/internal/helper/redis.go:20.39,23.3 2 0
github.com/TykTechnologies/storage/temporal/internal/helper/redis.go:25.2,25.14 1 1
github.com/TykTechnologies/storage/temporal/internal/testutil/testutil.go:16.39,18.2 1 0
github.com/TykTechnologies/storage/temporal/internal/testutil/testutil.go:20.60,22.2 1 0
github.com/TykTechnologies/storage/temporal/internal/testutil/testutil.go:24.63,26.2 1 0
github.com/TykTechnologies/storage/temporal/internal/testutil/testutil.go:28.57,30.2 1 0
github.com/TykTechnologies/storage/temporal/internal/testutil/testutil.go:32.48,34.2 1 0
github.com/TykTechnologies/storage/temporal/internal/testutil/testutil.go:38.53,49.2 5 1
github.com/TykTechnologies/storage/temporal/internal/testutil/testutil.go:51.54,57.20 4 1
github.com/TykTechnologies/storage/temporal/internal/testutil/testutil.go:57.20,61.3 2 0
github.com/TykTechnologies/storage/temporal/internal/testutil/testutil.go:63.2,68.28 4 1
github.com/TykTechnologies/storage/temporal/internal/testutil/testutil.go:68.28,72.3 2 1
github.com/TykTechnologies/storage/temporal/internal/testutil/testutil.go:74.2,78.23 3 1
github.com/TykTechnologies/storage/temporal/internal/testutil/testutil.go:81.66,84.39 2 1
github.com/TykTechnologies/storage/temporal/internal/testutil/testutil.go:84.39,85.62 1 1
github.com/TykTechnologies/storage/temporal/internal/testutil/testutil.go:85.62,87.12 1 0
github.com/TykTechnologies/storage/temporal/internal/testutil/testutil.go:89.3,90.21 2 1
github.com/TykTechnologies/storage/temporal/model/options.go:13.40,15.2 1 1
github.com/TykTechnologies/storage/temporal/model/options.go:18.51,20.30 1 1
github.com/TykTechnologies/storage/temporal/model/options.go:20.30,22.4 1 1
github.com/TykTechnologies/storage/temporal/model/options.go:27.30,29.30 1 0
github.com/TykTechnologies/storage/temporal/model/options.go:29.31,31.4 0 0
github.com/TykTechnologies/storage/temporal/model/options.go:36.47,38.30 1 0
github.com/TykTechnologies/storage/temporal/model/options.go:38.30,40.4 1 0
github.com/TykTechnologies/storage/temporal/model/options.go:46.66,48.30 1 0
github.com/TykTechnologies/storage/temporal/model/options.go:48.30,50.4 1 0
github.com/TykTechnologies/storage/temporal/sortedset/sortedset.go:13.60,14.21 1 1
github.com/TykTechnologies/storage/temporal/sortedset/sortedset.go:15.25,16.48 1 1
github.com/TykTechnologies/storage/temporal/sortedset/sortedset.go:17.10,18.41 1 0
