mode: set
github.com/TykTechnologies/storage/temporal/connector/connector.go:14.86,15.18 1 1
github.com/TykTechnologies/storage/temporal/connector/connector.go:16.25,17.48 1 1
github.com/TykTechnologies/storage/temporal/connector/connector.go:18.10,19.41 1 1
github.com/TykTechnologies/storage/temporal/internal/driver/redisv8/connector.go:10.57,12.2 1 0
github.com/TykTechnologies/storage/temporal/internal/driver/redisv8/connector.go:14.51,16.2 1 1
github.com/TykTechnologies/storage/temporal/internal/driver/redisv8/connector.go:18.33,20.2 1 0
github.com/TykTechnologies/storage/temporal/internal/driver/redisv8/connector.go:25.42,26.45 1 0
github.com/TykTechnologies/storage/temporal/internal/driver/redisv8/connector.go:26.45,29.3 2 0
github.com/TykTechnologies/storage/temporal/internal/driver/redisv8/connector.go:31.2,31.14 1 0
github.com/TykTechnologies/storage/temporal/internal/driver/redisv8/flusher.go:10.55,11.35 1 0
github.com/TykTechnologies/storage/temporal/internal/driver/redisv8/flusher.go:12.28,13.94 1 0
github.com/TykTechnologies/storage/temporal/internal/driver/redisv8/flusher.go:13.94,15.4 1 0
github.com/TykTechnologies/storage/temporal/internal/driver/redisv8/flusher.go:16.21,17.38 1 0
github.com/TykTechnologies/storage/temporal/internal/driver/redisv8/flusher.go:18.10,19.36 1 0
github.com/TykTechnologies/storage/temporal/internal/driver/redisv8/keyvalue.go:16.72,17.15 1 0
github.com/TykTechnologies/storage/temporal/internal/driver/redisv8/keyvalue.go:17.15,19.3 1 0
github.com/TykTechnologies/storage/temporal/internal/driver/redisv8/keyvalue.go:21.2,22.16 2 0
github.com/TykTechnologies/storage/temporal/internal/driver/redisv8/keyvalue.go:22.16,23.32 1 0
github.com/TykTechnologies/storage/temporal/internal/driver/redisv8/keyvalue.go:23.32,25.4 1 0
github.com/TykTechnologies/storage/temporal/internal/driver/redisv8/keyvalue.go:27.3,27.17 1 0
github.com/TykTechnologies/storage/temporal/internal/driver/redisv8/keyvalue.go:30.2,30.20 1 0
github.com/TykTechnologies/storage/temporal/internal/driver/redisv8/keyvalue.go:34.95,35.15 1 0
github.com/TykTechnologies/storage/temporal/internal/driver/redisv8/keyvalue.go:35.15,37.3 1 0
github.com/TykTechnologies/storage/temporal/internal/driver/redisv8/keyvalue.go:39.2,39.56 1 0
github.com/TykTechnologies/storage/temporal/internal/driver/redisv8/keyvalue.go:43.65,44.15 1 0
github.com/TykTechnologies/storage/temporal/internal/driver/redisv8/keyvalue.go:44.15,46.3 1 0
github.com/TykTechnologies/storage/temporal/internal/driver/redisv8/keyvalue.go:48.2,50.12 2 0
github.com/TykTechnologies/storage/temporal/internal/driver/redisv8/keyvalue.go:54.77,55.15 1 0
github.com/TykTechnologies/storage/temporal/internal/driver/redisv8/keyvalue.go:55.15,57.3 1 0
github.com/TykTechnologies/storage/temporal/internal/driver/redisv8/keyvalue.go:59.2,60.97 2 0
github.com/TykTechnologies/storage/temporal/internal/driver/redisv8/keyvalue.go:60.97,62.3 1 0
github.com/TykTechnologies/storage/temporal/internal/driver/redisv8/keyvalue.go:64.2,64.17 1 0
github.com/TykTechnologies/storage/temporal/internal/driver/redisv8/keyvalue.go:68.77,69.15 1 0
github.com/TykTechnologies/storage/temporal/internal/driver/redisv8/keyvalue.go:69.15,71.3 1 0
github.com/TykTechnologies/storage/temporal/internal/driver/redisv8/keyvalue.go:73.2,74.97 2 0
github.com/TykTechnologies/storage/temporal/internal/driver/redisv8/keyvalue.go:74.97,76.3 1 0
github.com/TykTechnologies/storage/temporal/internal/driver/redisv8/keyvalue.go:78.2,78.17 1 0
github.com/TykTechnologies/storage/temporal/internal/driver/redisv8/keyvalue.go:82.73,83.15 1 0
github.com/TykTechnologies/storage/temporal/internal/driver/redisv8/keyvalue.go:83.15,85.3 1 0
github.com/TykTechnologies/storage/temporal/internal/driver/redisv8/keyvalue.go:87.2,89.24 2 0
github.com/TykTechnologies/storage/temporal/internal/driver/redisv8/keyvalue.go:93.91,94.15 1 0
github.com/TykTechnologies/storage/temporal/internal/driver/redisv8/keyvalue.go:94.15,96.3 1 0
github.com/TykTechnologies/storage/temporal/internal/driver/redisv8/keyvalue.go:98.2,98.52 1 0
github.com/TykTechnologies/storage/temporal/internal/driver/redisv8/keyvalue.go:102.71,103.15 1 0
github.com/TykTechnologies/storage/temporal/internal/driver/redisv8/keyvalue.go:103.15,105.3 1 0
github.com/TykTechnologies/storage/temporal/internal/driver/redisv8/keyvalue.go:107.2,108.16 2 0
github.com/TykTechnologies/storage/temporal/internal/driver/redisv8/keyvalue.go:108.16,110.3 1 0
github.com/TykTechnologies/storage/temporal/internal/driver/redisv8/keyvalue.go:112.2,112.39 1 0
github.com/TykTechnologies/storage/temporal/internal/driver/redisv8/keyvalue.go:116.81,117.20 1 0
github.com/TykTechnologies/storage/temporal/internal/driver/redisv8/keyvalue.go:117.20,119.3 1 0
github.com/TykTechnologies/storage/temporal/internal/driver/redisv8/keyvalue.go:121.2,121.30 1 0
github.com/TykTechnologies/storage/temporal/internal/driver/redisv8/keyvalue.go:122.28,123.43 1 0
github.com/TykTechnologies/storage/temporal/internal/driver/redisv8/keyvalue.go:124.21,125.38 1 0
github.com/TykTechnologies/storage/temporal/internal/driver/redisv8/keyvalue.go:126.10,127.39 1 0
github.com/TykTechnologies/storage/temporal/internal/driver/redisv8/keyvalue.go:132.118,135.27 2 0
github.com/TykTechnologies/storage/temporal/internal/driver/redisv8/keyvalue.go:135.27,139.54 2 0
github.com/TykTechnologies/storage/temporal/internal/driver/redisv8/keyvalue.go:139.54,141.4 1 0
github.com/TykTechnologies/storage/temporal/internal/driver/redisv8/keyvalue.go:144.3,145.17 2 0
github.com/TykTechnologies/storage/temporal/internal/driver/redisv8/keyvalue.go:145.17,147.4 1 0
github.com/TykTechnologies/storage/temporal/internal/driver/redisv8/keyvalue.go:149.3,149.26 1 0
github.com/TykTechnologies/storage/temporal/internal/driver/redisv8/keyvalue.go:152.2,152.26 1 0
github.com/TykTechnologies/storage/temporal/internal/driver/redisv8/keyvalue.go:156.87,159.35 2 0
github.com/TykTechnologies/storage/temporal/internal/driver/redisv8/keyvalue.go:160.28,161.90 1 0
github.com/TykTechnologies/storage/temporal/internal/driver/redisv8/keyvalue.go:161.90,163.18 2 0
github.com/TykTechnologies/storage/temporal/internal/driver/redisv8/keyvalue.go:163.18,165.5 1 0
github.com/TykTechnologies/storage/temporal/internal/driver/redisv8/keyvalue.go:167.4,168.14 2 0
github.com/TykTechnologies/storage/temporal/internal/driver/redisv8/keyvalue.go:170.3,170.17 1 0
github.com/TykTechnologies/storage/temporal/internal/driver/redisv8/keyvalue.go:170.17,172.4 1 0
github.com/TykTechnologies/storage/temporal/internal/driver/redisv8/keyvalue.go:174.21,178.17 3 0
github.com/TykTechnologies/storage/temporal/internal/driver/redisv8/keyvalue.go:178.17,180.4 1 0
github.com/TykTechnologies/storage/temporal/internal/driver/redisv8/keyvalue.go:182.10,183.50 1 0
github.com/TykTechnologies/storage/temporal/internal/driver/redisv8/keyvalue.go:186.2,186.26 1 0
github.com/TykTechnologies/storage/temporal/internal/driver/redisv8/keyvalue.go:190.119,197.16 5 0
github.com/TykTechnologies/storage/temporal/internal/driver/redisv8/keyvalue.go:197.16,199.3 1 0
github.com/TykTechnologies/storage/temporal/internal/driver/redisv8/keyvalue.go:201.2,201.19 1 0
github.com/TykTechnologies/storage/temporal/internal/driver/redisv8/keyvalue.go:201.19,203.17 2 0
github.com/TykTechnologies/storage/temporal/internal/driver/redisv8/keyvalue.go:203.17,205.4 1 0
github.com/TykTechnologies/storage/temporal/internal/driver/redisv8/keyvalue.go:207.3,207.25 1 0
github.com/TykTechnologies/storage/temporal/internal/driver/redisv8/keyvalue.go:210.2,210.28 1 0
github.com/TykTechnologies/storage/temporal/internal/driver/redisv8/keyvalue.go:214.79,217.35 2 0
github.com/TykTechnologies/storage/temporal/internal/driver/redisv8/keyvalue.go:218.28,219.90 1 0
github.com/TykTechnologies/storage/temporal/internal/driver/redisv8/keyvalue.go:219.90,221.18 2 0
github.com/TykTechnologies/storage/temporal/internal/driver/redisv8/keyvalue.go:221.18,223.5 1 0
github.com/TykTechnologies/storage/temporal/internal/driver/redisv8/keyvalue.go:225.4,226.14 2 0
github.com/TykTechnologies/storage/temporal/internal/driver/redisv8/keyvalue.go:228.3,228.17 1 0
github.com/TykTechnologies/storage/temporal/internal/driver/redisv8/keyvalue.go:228.17,230.4 1 0
github.com/TykTechnologies/storage/temporal/internal/driver/redisv8/keyvalue.go:232.21,234.17 2 0
github.com/TykTechnologies/storage/temporal/internal/driver/redisv8/keyvalue.go:234.17,236.4 1 0
github.com/TykTechnologies/storage/temporal/internal/driver/redisv8/keyvalue.go:238.3,238.25 1 0
github.com/TykTechnologies/storage/temporal/internal/driver/redisv8/keyvalue.go:240.10,241.41 1 0
github.com/TykTechnologies/storage/temporal/internal/driver/redisv8/keyvalue.go:244.2,244.22 1 0
github.com/TykTechnologies/storage/temporal/internal/driver/redisv8/keyvalue.go:248.82,251.35 2 0
github.com/TykTechnologies/storage/temporal/internal/driver/redisv8/keyvalue.go:252.28,256.28 3 0
github.com/TykTechnologies/storage/temporal/internal/driver/redisv8/keyvalue.go:256.28,258.4 1 0
github.com/TykTechnologies/storage/temporal/internal/driver/redisv8/keyvalue.go:259.3,260.37 2 0
github.com/TykTechnologies/storage/temporal/internal/driver/redisv8/keyvalue.go:260.37,262.4 1 0
github.com/TykTechnologies/storage/temporal/internal/driver/redisv8/keyvalue.go:263.3,263.31 1 0
github.com/TykTechnologies/storage/temporal/internal/driver/redisv8/keyvalue.go:263.31,265.4 1 0
github.com/TykTechnologies/storage/temporal/internal/driver/redisv8/keyvalue.go:267.3,267.21 1 0
github.com/TykTechnologies/storage/temporal/internal/driver/redisv8/keyvalue.go:269.21,271.17 2 0
github.com/TykTechnologies/storage/temporal/internal/driver/redisv8/keyvalue.go:271.17,273.4 1 0
github.com/TykTechnologies/storage/temporal/internal/driver/redisv8/keyvalue.go:274.3,274.30 1 0
github.com/TykTechnologies/storage/temporal/internal/driver/redisv8/keyvalue.go:274.30,276.25 2 0
github.com/TykTechnologies/storage/temporal/internal/driver/redisv8/keyvalue.go:276.25,278.5 1 0
github.com/TykTechnologies/storage/temporal/internal/driver/redisv8/keyvalue.go:279.4,279.35 1 0
github.com/TykTechnologies/storage/temporal/internal/driver/redisv8/keyvalue.go:281.3,281.21 1 0
github.com/TykTechnologies/storage/temporal/internal/driver/redisv8/keyvalue.go:282.10,283.41 1 0
github.com/TykTechnologies/storage/temporal/internal/driver/redisv8/keyvalue.go:290.30,292.16 2 0
github.com/TykTechnologies/storage/temporal/internal/driver/redisv8/keyvalue.go:292.16,294.3 1 0
github.com/TykTechnologies/storage/temporal/internal/driver/redisv8/keyvalue.go:296.2,298.20 2 0
github.com/TykTechnologies/storage/temporal/internal/driver/redisv8/keyvalue.go:298.20,300.3 1 0
github.com/TykTechnologies/storage/temporal/internal/driver/redisv8/keyvalue.go:302.2,303.16 2 0
github.com/TykTechnologies/storage/temporal/internal/driver/redisv8/keyvalue.go:303.16,305.3 1 0
github.com/TykTechnologies/storage/temporal/internal/driver/redisv8/keyvalue.go:307.2,307.27 1 0
github.com/TykTechnologies/storage/temporal/internal/driver/redisv8/keyvalue.go:307.27,309.3 1 0
github.com/TykTechnologies/storage/temporal/internal/driver/redisv8/keyvalue.go:311.2,311.20 1 0
github.com/TykTechnologies/storage/temporal/internal/driver/redisv8/keyvalue.go:319.33,322.35 2 0
github.com/TykTechnologies/storage/temporal/internal/driver/redisv8/keyvalue.go:323.28,324.90 1 0
github.com/TykTechnologies/storage/temporal/internal/driver/redisv8/keyvalue.go:324.90,326.18 2 0
github.com/TykTechnologies/storage/temporal/internal/driver/redisv8/keyvalue.go:326.18,328.5 1 0
github.com/TykTechnologies/storage/temporal/internal/driver/redisv8/keyvalue.go:330.4,332.14 3 0
github.com/TykTechnologies/storage/temporal/internal/driver/redisv8/keyvalue.go:334.3,334.17 1 0
github.com/TykTechnologies/storage/temporal/internal/driver/redisv8/keyvalue.go:334.17,335.39 1 0
github.com/TykTechnologies/storage/temporal/internal/driver/redisv8/keyvalue.go:335.39,337.5 1 0
github.com/TykTechnologies/storage/temporal/internal/driver/redisv8/keyvalue.go:339.4,339.22 1 0
github.com/TykTechnologies/storage/temporal/internal/driver/redisv8/keyvalue.go:342.21,346.17 3 0
github.com/TykTechnologies/storage/temporal/internal/driver/redisv8/keyvalue.go:346.17,347.39 1 0
github.com/TykTechnologies/storage/temporal/internal/driver/redisv8/keyvalue.go:347.39,349.5 1 0
github.com/TykTechnologies/storage/temporal/internal/driver/redisv8/keyvalue.go:351.4,351.22 1 0
github.com/TykTechnologies/storage/temporal/internal/driver/redisv8/keyvalue.go:354.10,355.44 1 0
github.com/TykTechnologies/storage/temporal/internal/driver/redisv8/keyvalue.go:358.2,358.20 1 0
github.com/TykTechnologies/storage/temporal/internal/driver/redisv8/keyvalue.go:367.33,374.35 4 0
github.com/TykTechnologies/storage/temporal/internal/driver/redisv8/keyvalue.go:374.35,376.3 1 0
github.com/TykTechnologies/storage/temporal/internal/driver/redisv8/keyvalue.go:378.2,380.20 2 0
github.com/TykTechnologies/storage/temporal/internal/driver/redisv8/list.go:15.108,17.2 1 0
github.com/TykTechnologies/storage/temporal/internal/driver/redisv8/list.go:23.95,25.2 1 0
github.com/TykTechnologies/storage/temporal/internal/driver/redisv8/list.go:31.74,33.2 1 0
github.com/TykTechnologies/storage/temporal/internal/driver/redisv8/list.go:39.100,40.15 1 0
github.com/TykTechnologies/storage/temporal/internal/driver/redisv8/list.go:40.15,44.32 3 0
github.com/TykTechnologies/storage/temporal/internal/driver/redisv8/list.go:44.32,46.4 1 0
github.com/TykTechnologies/storage/temporal/internal/driver/redisv8/list.go:48.3,50.13 2 0
github.com/TykTechnologies/storage/temporal/internal/driver/redisv8/list.go:53.2,53.31 1 0
github.com/TykTechnologies/storage/temporal/internal/driver/redisv8/list.go:53.31,54.63 1 0
github.com/TykTechnologies/storage/temporal/internal/driver/redisv8/list.go:54.63,56.4 1 0
github.com/TykTechnologies/storage/temporal/internal/driver/redisv8/list.go:59.2,59.12 1 0
github.com/TykTechnologies/storage/temporal/internal/driver/redisv8/list.go:66.99,67.15 1 0
github.com/TykTechnologies/storage/temporal/internal/driver/redisv8/list.go:67.15,71.32 3 0
github.com/TykTechnologies/storage/temporal/internal/driver/redisv8/list.go:71.32,73.4 1 0
github.com/TykTechnologies/storage/temporal/internal/driver/redisv8/list.go:75.3,77.13 2 0
github.com/TykTechnologies/storage/temporal/internal/driver/redisv8/list.go:80.2,80.31 1 0
github.com/TykTechnologies/storage/temporal/internal/driver/redisv8/list.go:80.31,81.63 1 0
github.com/TykTechnologies/storage/temporal/internal/driver/redisv8/list.go:81.63,83.4 1 0
github.com/TykTechnologies/storage/temporal/internal/driver/redisv8/list.go:86.2,86.12 1 0
github.com/TykTechnologies/storage/temporal/internal/driver/redisv8/list.go:91.86,94.71 2 0
github.com/TykTechnologies/storage/temporal/internal/driver/redisv8/list.go:94.71,96.17 2 0
github.com/TykTechnologies/storage/temporal/internal/driver/redisv8/list.go:96.17,98.4 1 0
github.com/TykTechnologies/storage/temporal/internal/driver/redisv8/list.go:99.3,101.17 2 0
github.com/TykTechnologies/storage/temporal/internal/driver/redisv8/list.go:101.17,103.4 1 0
github.com/TykTechnologies/storage/temporal/internal/driver/redisv8/list.go:103.9,105.4 1 0
github.com/TykTechnologies/storage/temporal/internal/driver/redisv8/list.go:107.3,107.13 1 0
github.com/TykTechnologies/storage/temporal/internal/driver/redisv8/list.go:109.2,109.16 1 0
github.com/TykTechnologies/storage/temporal/internal/driver/redisv8/list.go:109.16,111.3 1 0
github.com/TykTechnologies/storage/temporal/internal/driver/redisv8/list.go:113.2,113.21 1 0
github.com/TykTechnologies/storage/temporal/internal/driver/redisv8/queue.go:26.72,28.2 1 0
github.com/TykTechnologies/storage/temporal/internal/driver/redisv8/queue.go:31.57,33.2 1 0
github.com/TykTechnologies/storage/temporal/internal/driver/redisv8/queue.go:36.40,37.22 1 0
github.com/TykTechnologies/storage/temporal/internal/driver/redisv8/queue.go:38.22,39.34 1 0
github.com/TykTechnologies/storage/temporal/internal/driver/redisv8/queue.go:40.27,41.39 1 0
github.com/TykTechnologies/storage/temporal/internal/driver/redisv8/queue.go:42.10,43.44 1 0
github.com/TykTechnologies/storage/temporal/internal/driver/redisv8/queue.go:48.52,49.29 1 0
github.com/TykTechnologies/storage/temporal/internal/driver/redisv8/queue.go:50.22,51.26 1 0
github.com/TykTechnologies/storage/temporal/internal/driver/redisv8/queue.go:52.27,53.26 1 0
github.com/TykTechnologies/storage/temporal/internal/driver/redisv8/queue.go:54.10,55.40 1 0
github.com/TykTechnologies/storage/temporal/internal/driver/redisv8/queue.go:60.52,61.29 1 0
github.com/TykTechnologies/storage/temporal/internal/driver/redisv8/queue.go:62.22,63.26 1 0
github.com/TykTechnologies/storage/temporal/internal/driver/redisv8/queue.go:64.27,65.23 1 0
github.com/TykTechnologies/storage/temporal/internal/driver/redisv8/queue.go:66.10,67.40 1 0
github.com/TykTechnologies/storage/temporal/internal/driver/redisv8/queue.go:72.83,74.16 2 0
github.com/TykTechnologies/storage/temporal/internal/driver/redisv8/queue.go:74.16,75.38 1 0
github.com/TykTechnologies/storage/temporal/internal/driver/redisv8/queue.go:75.38,77.4 1 0
github.com/TykTechnologies/storage/temporal/internal/driver/redisv8/queue.go:79.3,79.18 1 0
github.com/TykTechnologies/storage/temporal/internal/driver/redisv8/queue.go:82.2,82.36 1 0
github.com/TykTechnologies/storage/temporal/internal/driver/redisv8/queue.go:86.45,88.2 1 0
github.com/TykTechnologies/storage/temporal/internal/driver/redisv8/queue.go:91.88,93.16 2 0
github.com/TykTechnologies/storage/temporal/internal/driver/redisv8/queue.go:93.16,94.38 1 0
github.com/TykTechnologies/storage/temporal/internal/driver/redisv8/queue.go:94.38,96.4 1 0
github.com/TykTechnologies/storage/temporal/internal/driver/redisv8/queue.go:99.2,99.17 1 0
github.com/TykTechnologies/storage/temporal/internal/driver/redisv8/queue.go:103.89,109.2 3 0
github.com/TykTechnologies/storage/temporal/internal/driver/redisv8/redisv8.go:25.68,27.30 2 1
github.com/TykTechnologies/storage/temporal/internal/driver/redisv8/redisv8.go:27.30,29.3 1 1
github.com/TykTechnologies/storage/temporal/internal/driver/redisv8/redisv8.go:31.2,32.17 2 1
github.com/TykTechnologies/storage/temporal/internal/driver/redisv8/redisv8.go:32.17,34.3 1 1
github.com/TykTechnologies/storage/temporal/internal/driver/redisv8/redisv8.go:37.2,38.24 2 1
github.com/TykTechnologies/storage/temporal/internal/driver/redisv8/redisv8.go:38.24,40.3 1 0
github.com/TykTechnologies/storage/temporal/internal/driver/redisv8/redisv8.go:42.2,43.23 2 1
github.com/TykTechnologies/storage/temporal/internal/driver/redisv8/redisv8.go:43.23,45.3 1 0
github.com/TykTechnologies/storage/temporal/internal/driver/redisv8/redisv8.go:47.2,48.17 2 1
github.com/TykTechnologies/storage/temporal/internal/driver/redisv8/redisv8.go:48.17,52.3 1 0
github.com/TykTechnologies/storage/temporal/internal/driver/redisv8/redisv8.go:53.2,72.35 4 1
github.com/TykTechnologies/storage/temporal/internal/driver/redisv8/redisv8.go:72.35,78.3 4 1
github.com/TykTechnologies/storage/temporal/internal/driver/redisv8/redisv8.go:80.2,80.33 1 1
github.com/TykTechnologies/storage/temporal/internal/driver/redisv8/redisv8.go:80.33,83.79 2 1
github.com/TykTechnologies/storage/temporal/internal/driver/redisv8/redisv8.go:83.79,85.4 1 1
github.com/TykTechnologies/storage/temporal/internal/driver/redisv8/redisv8.go:88.2,88.9 1 1
github.com/TykTechnologies/storage/temporal/internal/driver/redisv8/redisv8.go:89.29,90.61 1 0
github.com/TykTechnologies/storage/temporal/internal/driver/redisv8/redisv8.go:91.26,92.59 1 0
github.com/TykTechnologies/storage/temporal/internal/driver/redisv8/redisv8.go:93.10,94.51 1 1
github.com/TykTechnologies/storage/temporal/internal/driver/redisv8/redisv8.go:97.2,99.20 2 1
github.com/TykTechnologies/storage/temporal/internal/driver/redisv8/redisv8.go:103.71,105.38 2 0
github.com/TykTechnologies/storage/temporal/internal/driver/redisv8/redisv8.go:105.38,107.3 1 0
github.com/TykTechnologies/storage/temporal/internal/driver/redisv8/redisv8.go:109.2,109.55 1 0
github.com/TykTechnologies/storage/temporal/internal/driver/redisv8/set.go:10.78,11.15 1 0
github.com/TykTechnologies/storage/temporal/internal/driver/redisv8/set.go:11.15,13.3 1 0
github.com/TykTechnologies/storage/temporal/internal/driver/redisv8/set.go:15.2,15.45 1 0
github.com/TykTechnologies/storage/temporal/internal/driver/redisv8/set.go:22.76,23.15 1 0
github.com/TykTechnologies/storage/temporal/internal/driver/redisv8/set.go:23.15,25.3 1 0
github.com/TykTechnologies/storage/temporal/internal/driver/redisv8/set.go:27.2,27.46 1 0
github.com/TykTechnologies/storage/temporal/internal/driver/redisv8/set.go:33.79,34.15 1 0
github.com/TykTechnologies/storage/temporal/internal/driver/redisv8/set.go:34.15,36.3 1 0
github.com/TykTechnologies/storage/temporal/internal/driver/redisv8/set.go:38.2,38.46 1 0
github.com/TykTechnologies/storage/temporal/internal/driver/redisv8/set.go:42.83,43.15 1 0
github.com/TykTechnologies/storage/temporal/internal/driver/redisv8/set.go:43.15,45.3 1 0
github.com/TykTechnologies/storage/temporal/internal/driver/redisv8/set.go:47.2,47.54 1 0
github.com/TykTechnologies/storage/temporal/internal/driver/redisv8/sortedset.go:11.106,13.2 1 0
github.com/TykTechnologies/storage/temporal/internal/driver/redisv8/sortedset.go:18.119,20.16 2 0
github.com/TykTechnologies/storage/temporal/internal/driver/redisv8/sortedset.go:20.16,22.3 1 0
github.com/TykTechnologies/storage/temporal/internal/driver/redisv8/sortedset.go:24.2,27.28 3 0
github.com/TykTechnologies/storage/temporal/internal/driver/redisv8/sortedset.go:27.28,30.3 2 0
github.com/TykTechnologies/storage/temporal/internal/driver/redisv8/sortedset.go:32.2,32.29 1 0
github.com/TykTechnologies/storage/temporal/internal/driver/redisv8/sortedset.go:37.103,39.2 1 0
github.com/TykTechnologies/storage/temporal/internal/helper/redis.go:10.63,11.26 1 1
github.com/TykTechnologies/storage/temporal/internal/helper/redis.go:11.26,13.3 1 1
github.com/TykTechnologies/storage/temporal/internal/helper/redis.go:13.8,14.32 1 0
github.com/TykTechnologies/storage/temporal/internal/helper/redis.go:14.32,17.4 2 0
github.com/TykTechnologies/storage/temporal/internal/helper/redis.go:20.2,20.39 1 1
github.com/TykTechnologies/storage/temporal/internal/helper/redis.go:20.39,23.3 2 0
github.com/TykTechnologies/storage/temporal/internal/helper/redis.go:25.2,25.14 1 1
github.com/TykTechnologies/storage/temporal/model/options.go:13.40,15.2 1 1
github.com/TykTechnologies/storage/temporal/model/options.go:18.51,20.30 1 1
github.com/TykTechnologies/storage/temporal/model/options.go:20.30,22.4 1 1
github.com/TykTechnologies/storage/temporal/model/options.go:27.30,29.30 1 1
github.com/TykTechnologies/storage/temporal/model/options.go:29.31,31.4 0 1
github.com/TykTechnologies/storage/temporal/model/options.go:36.47,38.30 1 1
github.com/TykTechnologies/storage/temporal/model/options.go:38.30,40.4 1 1
github.com/TykTechnologies/storage/temporal/model/options.go:46.66,48.30 1 1
github.com/TykTechnologies/storage/temporal/model/options.go:48.30,50.4 1 1
github.com/TykTechnologies/storage/temporal/connector/connector.go:14.86,15.18 1 1
github.com/TykTechnologies/storage/temporal/connector/connector.go:16.25,17.48 1 1
github.com/TykTechnologies/storage/temporal/connector/connector.go:18.10,19.41 1 0
github.com/TykTechnologies/storage/temporal/flusher/flusher.go:11.56,12.21 1 1
github.com/TykTechnologies/storage/temporal/flusher/flusher.go:13.25,14.48 1 1
github.com/TykTechnologies/storage/temporal/flusher/flusher.go:15.10,16.41 1 0
github.com/TykTechnologies/storage/temporal/internal/driver/redisv8/connector.go:10.57,12.2 1 1
github.com/TykTechnologies/storage/temporal/internal/driver/redisv8/connector.go:14.51,16.2 1 1
github.com/TykTechnologies/storage/temporal/internal/driver/redisv8/connector.go:18.33,20.2 1 1
github.com/TykTechnologies/storage/temporal/internal/driver/redisv8/connector.go:25.42,26.45 1 1
github.com/TykTechnologies/storage/temporal/internal/driver/redisv8/connector.go:26.45,29.3 2 1
github.com/TykTechnologies/storage/temporal/internal/driver/redisv8/connector.go:31.2,31.14 1 0
github.com/TykTechnologies/storage/temporal/internal/driver/redisv8/flusher.go:10.55,11.35 1 1
github.com/TykTechnologies/storage/temporal/internal/driver/redisv8/flusher.go:12.28,13.94 1 0
github.com/TykTechnologies/storage/temporal/internal/driver/redisv8/flusher.go:13.94,15.4 1 0
github.com/TykTechnologies/storage/temporal/internal/driver/redisv8/flusher.go:16.21,17.38 1 1
github.com/TykTechnologies/storage/temporal/internal/driver/redisv8/flusher.go:18.10,19.36 1 0
github.com/TykTechnologies/storage/temporal/internal/driver/redisv8/keyvalue.go:16.72,17.15 1 0
github.com/TykTechnologies/storage/temporal/internal/driver/redisv8/keyvalue.go:17.15,19.3 1 0
github.com/TykTechnologies/storage/temporal/internal/driver/redisv8/keyvalue.go:21.2,22.16 2 0
github.com/TykTechnologies/storage/temporal/internal/driver/redisv8/keyvalue.go:22.16,23.32 1 0
github.com/TykTechnologies/storage/temporal/internal/driver/redisv8/keyvalue.go:23.32,25.4 1 0
github.com/TykTechnologies/storage/temporal/internal/driver/redisv8/keyvalue.go:27.3,27.17 1 0
github.com/TykTechnologies/storage/temporal/internal/driver/redisv8/keyvalue.go:30.2,30.20 1 0
github.com/TykTechnologies/storage/temporal/internal/driver/redisv8/keyvalue.go:34.95,35.15 1 0
github.com/TykTechnologies/storage/temporal/internal/driver/redisv8/keyvalue.go:35.15,37.3 1 0
github.com/TykTechnologies/storage/temporal/internal/driver/redisv8/keyvalue.go:39.2,39.56 1 0
github.com/TykTechnologies/storage/temporal/internal/driver/redisv8/keyvalue.go:43.65,44.15 1 0
github.com/TykTechnologies/storage/temporal/internal/driver/redisv8/keyvalue.go:44.15,46.3 1 0
github.com/TykTechnologies/storage/temporal/internal/driver/redisv8/keyvalue.go:48.2,50.12 2 0
github.com/TykTechnologies/storage/temporal/internal/driver/redisv8/keyvalue.go:54.77,55.15 1 0
github.com/TykTechnologies/storage/temporal/internal/driver/redisv8/keyvalue.go:55.15,57.3 1 0
github.com/TykTechnologies/storage/temporal/internal/driver/redisv8/keyvalue.go:59.2,60.97 2 0
github.com/TykTechnologies/storage/temporal/internal/driver/redisv8/keyvalue.go:60.97,62.3 1 0
github.com/TykTechnologies/storage/temporal/internal/driver/redisv8/keyvalue.go:64.2,64.17 1 0
github.com/TykTechnologies/storage/temporal/internal/driver/redisv8/keyvalue.go:68.77,69.15 1 0
github.com/TykTechnologies/storage/temporal/internal/driver/redisv8/keyvalue.go:69.15,71.3 1 0
github.com/TykTechnologies/storage/temporal/internal/driver/redisv8/keyvalue.go:73.2,74.97 2 0
github.com/TykTechnologies/storage/temporal/internal/driver/redisv8/keyvalue.go:74.97,76.3 1 0
github.com/TykTechnologies/storage/temporal/internal/driver/redisv8/keyvalue.go:78.2,78.17 1 0
github.com/TykTechnologies/storage/temporal/internal/driver/redisv8/keyvalue.go:82.73,83.15 1 0
github.com/TykTechnologies/storage/temporal/internal/driver/redisv8/keyvalue.go:83.15,85.3 1 0
github.com/TykTechnologies/storage/temporal/internal/driver/redisv8/keyvalue.go:87.2,89.24 2 0
github.com/TykTechnologies/storage/temporal/internal/driver/redisv8/keyvalue.go:93.91,94.15 1 0
github.com/TykTechnologies/storage/temporal/internal/driver/redisv8/keyvalue.go:94.15,96.3 1 0
github.com/TykTechnologies/storage/temporal/internal/driver/redisv8/keyvalue.go:98.2,98.52 1 0
github.com/TykTechnologies/storage/temporal/internal/driver/redisv8/keyvalue.go:102.71,103.15 1 0
github.com/TykTechnologies/storage/temporal/internal/driver/redisv8/keyvalue.go:103.15,105.3 1 0
github.com/TykTechnologies/storage/temporal/internal/driver/redisv8/keyvalue.go:107.2,108.16 2 0
github.com/TykTechnologies/storage/temporal/internal/driver/redisv8/keyvalue.go:108.16,110.3 1 0
github.com/TykTechnologies/storage/temporal/internal/driver/redisv8/keyvalue.go:112.2,112.39 1 0
github.com/TykTechnologies/storage/temporal/internal/driver/redisv8/keyvalue.go:116.81,117.20 1 0
github.com/TykTechnologies/storage/temporal/internal/driver/redisv8/keyvalue.go:117.20,119.3 1 0
github.com/TykTechnologies/storage/temporal/internal/driver/redisv8/keyvalue.go:121.2,121.30 1 0
github.com/TykTechnologies/storage/temporal/internal/driver/redisv8/keyvalue.go:122.28,123.43 1 0
github.com/TykTechnologies/storage/temporal/internal/driver/redisv8/keyvalue.go:124.21,125.38 1 0
github.com/TykTechnologies/storage/temporal/internal/driver/redisv8/keyvalue.go:126.10,127.39 1 0
github.com/TykTechnologies/storage/temporal/internal/driver/redisv8/keyvalue.go:132.118,135.27 2 0
github.com/TykTechnologies/storage/temporal/internal/driver/redisv8/keyvalue.go:135.27,139.54 2 0
github.com/TykTechnologies/storage/temporal/internal/driver/redisv8/keyvalue.go:139.54,141.4 1 0
github.com/TykTechnologies/storage/temporal/internal/driver/redisv8/keyvalue.go:144.3,145.17 2 0
github.com/TykTechnologies/storage/temporal/internal/driver/redisv8/keyvalue.go:145.17,147.4 1 0
github.com/TykTechnologies/storage/temporal/internal/driver/redisv8/keyvalue.go:149.3,149.26 1 0
github.com/TykTechnologies/storage/temporal/internal/driver/redisv8/keyvalue.go:152.2,152.26 1 0
github.com/TykTechnologies/storage/temporal/internal/driver/redisv8/keyvalue.go:156.87,159.35 2 0
github.com/TykTechnologies/storage/temporal/internal/driver/redisv8/keyvalue.go:160.28,161.90 1 0
github.com/TykTechnologies/storage/temporal/internal/driver/redisv8/keyvalue.go:161.90,163.18 2 0
github.com/TykTechnologies/storage/temporal/internal/driver/redisv8/keyvalue.go:163.18,165.5 1 0
github.com/TykTechnologies/storage/temporal/internal/driver/redisv8/keyvalue.go:167.4,168.14 2 0
github.com/TykTechnologies/storage/temporal/internal/driver/redisv8/keyvalue.go:170.3,170.17 1 0
github.com/TykTechnologies/storage/temporal/internal/driver/redisv8/keyvalue.go:170.17,172.4 1 0
github.com/TykTechnologies/storage/temporal/internal/driver/redisv8/keyvalue.go:174.21,178.17 3 0
github.com/TykTechnologies/storage/temporal/internal/driver/redisv8/keyvalue.go:178.17,180.4 1 0
github.com/TykTechnologies/storage/temporal/internal/driver/redisv8/keyvalue.go:182.10,183.50 1 0
github.com/TykTechnologies/storage/temporal/internal/driver/redisv8/keyvalue.go:186.2,186.26 1 0
github.com/TykTechnologies/storage/temporal/internal/driver/redisv8/keyvalue.go:190.119,197.16 5 0
github.com/TykTechnologies/storage/temporal/internal/driver/redisv8/keyvalue.go:197.16,199.3 1 0
github.com/TykTechnologies/storage/temporal/internal/driver/redisv8/keyvalue.go:201.2,201.19 1 0
github.com/TykTechnologies/storage/temporal/internal/driver/redisv8/keyvalue.go:201.19,203.17 2 0
github.com/TykTechnologies/storage/temporal/internal/driver/redisv8/keyvalue.go:203.17,205.4 1 0
github.com/TykTechnologies/storage/temporal/internal/driver/redisv8/keyvalue.go:207.3,207.25 1 0
github.com/TykTechnologies/storage/temporal/internal/driver/redisv8/keyvalue.go:210.2,210.28 1 0
github.com/TykTechnologies/storage/temporal/internal/driver/redisv8/keyvalue.go:214.79,217.35 2 0
github.com/TykTechnologies/storage/temporal/internal/driver/redisv8/keyvalue.go:218.28,219.90 1 0
github.com/TykTechnologies/storage/temporal/internal/driver/redisv8/keyvalue.go:219.90,221.18 2 0
github.com/TykTechnologies/storage/temporal/internal/driver/redisv8/keyvalue.go:221.18,223.5 1 0
github.com/TykTechnologies/storage/temporal/internal/driver/redisv8/keyvalue.go:225.4,226.14 2 0
github.com/TykTechnologies/storage/temporal/internal/driver/redisv8/keyvalue.go:228.3,228.17 1 0
github.com/TykTechnologies/storage/temporal/internal/driver/redisv8/keyvalue.go:228.17,230.4 1 0
github.com/TykTechnologies/storage/temporal/internal/driver/redisv8/keyvalue.go:232.21,234.17 2 0
github.com/TykTechnologies/storage/temporal/internal/driver/redisv8/keyvalue.go:234.17,236.4 1 0
github.com/TykTechnologies/storage/temporal/internal/driver/redisv8/keyvalue.go:238.3,238.25 1 0
github.com/TykTechnologies/storage/temporal/internal/driver/redisv8/keyvalue.go:240.10,241.41 1 0
github.com/TykTechnologies/storage/temporal/internal/driver/redisv8/keyvalue.go:244.2,244.22 1 0
github.com/TykTechnologies/storage/temporal/internal/driver/redisv8/keyvalue.go:248.82,251.35 2 0
github.com/TykTechnologies/storage/temporal/internal/driver/redisv8/keyvalue.go:252.28,256.28 3 0
github.com/TykTechnologies/storage/temporal/internal/driver/redisv8/keyvalue.go:256.28,258.4 1 0
github.com/TykTechnologies/storage/temporal/internal/driver/redisv8/keyvalue.go:259.3,260.37 2 0
github.com/TykTechnologies/storage/temporal/internal/driver/redisv8/keyvalue.go:260.37,262.4 1 0
github.com/TykTechnologies/storage/temporal/internal/driver/redisv8/keyvalue.go:263.3,263.31 1 0
github.com/TykTechnologies/storage/temporal/internal/driver/redisv8/keyvalue.go:263.31,265.4 1 0
github.com/TykTechnologies/storage/temporal/internal/driver/redisv8/keyvalue.go:267.3,267.21 1 0
github.com/TykTechnologies/storage/temporal/internal/driver/redisv8/keyvalue.go:269.21,271.17 2 0
github.com/TykTechnologies/storage/temporal/internal/driver/redisv8/keyvalue.go:271.17,273.4 1 0
github.com/TykTechnologies/storage/temporal/internal/driver/redisv8/keyvalue.go:274.3,274.30 1 0
github.com/TykTechnologies/storage/temporal/internal/driver/redisv8/keyvalue.go:274.30,276.25 2 0
github.com/TykTechnologies/storage/temporal/internal/driver/redisv8/keyvalue.go:276.25,278.5 1 0
github.com/TykTechnologies/storage/temporal/internal/driver/redisv8/keyvalue.go:279.4,279.35 1 0
github.com/TykTechnologies/storage/temporal/internal/driver/redisv8/keyvalue.go:281.3,281.21 1 0
github.com/TykTechnologies/storage/temporal/internal/driver/redisv8/keyvalue.go:282.10,283.41 1 0
github.com/TykTechnologies/storage/temporal/internal/driver/redisv8/keyvalue.go:290.30,292.16 2 0
github.com/TykTechnologies/storage/temporal/internal/driver/redisv8/keyvalue.go:292.16,294.3 1 0
github.com/TykTechnologies/storage/temporal/internal/driver/redisv8/keyvalue.go:296.2,298.20 2 0
github.com/TykTechnologies/storage/temporal/internal/driver/redisv8/keyvalue.go:298.20,300.3 1 0
github.com/TykTechnologies/storage/temporal/internal/driver/redisv8/keyvalue.go:302.2,303.16 2 0
github.com/TykTechnologies/storage/temporal/internal/driver/redisv8/keyvalue.go:303.16,305.3 1 0
github.com/TykTechnologies/storage/temporal/internal/driver/redisv8/keyvalue.go:307.2,307.27 1 0
github.com/TykTechnologies/storage/temporal/internal/driver/redisv8/keyvalue.go:307.27,309.3 1 0
github.com/TykTechnologies/storage/temporal/internal/driver/redisv8/keyvalue.go:311.2,311.20 1 0
github.com/TykTechnologies/storage/temporal/internal/driver/redisv8/keyvalue.go:319.33,322.35 2 0
github.com/TykTechnologies/storage/temporal/internal/driver/redisv8/keyvalue.go:323.28,324.90 1 0
github.com/TykTechnologies/storage/temporal/internal/driver/redisv8/keyvalue.go:324.90,326.18 2 0
github.com/TykTechnologies/storage/temporal/internal/driver/redisv8/keyvalue.go:326.18,328.5 1 0
github.com/TykTechnologies/storage/temporal/internal/driver/redisv8/keyvalue.go:330.4,332.14 3 0
github.com/TykTechnologies/storage/temporal/internal/driver/redisv8/keyvalue.go:334.3,334.17 1 0
github.com/TykTechnologies/storage/temporal/internal/driver/redisv8/keyvalue.go:334.17,335.39 1 0
github.com/TykTechnologies/storage/temporal/internal/driver/redisv8/keyvalue.go:335.39,337.5 1 0
github.com/TykTechnologies/storage/temporal/internal/driver/redisv8/keyvalue.go:339.4,339.22 1 0
github.com/TykTechnologies/storage/temporal/internal/driver/redisv8/keyvalue.go:342.21,346.17 3 0
github.com/TykTechnologies/storage/temporal/internal/driver/redisv8/keyvalue.go:346.17,347.39 1 0
github.com/TykTechnologies/storage/temporal/internal/driver/redisv8/keyvalue.go:347.39,349.5 1 0
github.com/TykTechnologies/storage/temporal/internal/driver/redisv8/keyvalue.go:351.4,351.22 1 0
github.com/TykTechnologies/storage/temporal/internal/driver/redisv8/keyvalue.go:354.10,355.44 1 0
github.com/TykTechnologies/storage/temporal/internal/driver/redisv8/keyvalue.go:358.2,358.20 1 0
github.com/TykTechnologies/storage/temporal/internal/driver/redisv8/keyvalue.go:367.33,374.35 4 0
github.com/TykTechnologies/storage/temporal/internal/driver/redisv8/keyvalue.go:374.35,376.3 1 0
github.com/TykTechnologies/storage/temporal/internal/driver/redisv8/keyvalue.go:378.2,380.20 2 0
github.com/TykTechnologies/storage/temporal/internal/driver/redisv8/list.go:15.108,17.2 1 0
github.com/TykTechnologies/storage/temporal/internal/driver/redisv8/list.go:23.95,25.2 1 0
github.com/TykTechnologies/storage/temporal/internal/driver/redisv8/list.go:31.74,33.2 1 0
github.com/TykTechnologies/storage/temporal/internal/driver/redisv8/list.go:39.100,40.15 1 0
github.com/TykTechnologies/storage/temporal/internal/driver/redisv8/list.go:40.15,44.32 3 0
github.com/TykTechnologies/storage/temporal/internal/driver/redisv8/list.go:44.32,46.4 1 0
github.com/TykTechnologies/storage/temporal/internal/driver/redisv8/list.go:48.3,50.13 2 0
github.com/TykTechnologies/storage/temporal/internal/driver/redisv8/list.go:53.2,53.31 1 0
github.com/TykTechnologies/storage/temporal/internal/driver/redisv8/list.go:53.31,54.63 1 0
github.com/TykTechnologies/storage/temporal/internal/driver/redisv8/list.go:54.63,56.4 1 0
github.com/TykTechnologies/storage/temporal/internal/driver/redisv8/list.go:59.2,59.12 1 0
github.com/TykTechnologies/storage/temporal/internal/driver/redisv8/list.go:66.99,67.15 1 0
github.com/TykTechnologies/storage/temporal/internal/driver/redisv8/list.go:67.15,71.32 3 0
github.com/TykTechnologies/storage/temporal/internal/driver/redisv8/list.go:71.32,73.4 1 0
github.com/TykTechnologies/storage/temporal/internal/driver/redisv8/list.go:75.3,77.13 2 0
github.com/TykTechnologies/storage/temporal/internal/driver/redisv8/list.go:80.2,80.31 1 0
github.com/TykTechnologies/storage/temporal/internal/driver/redisv8/list.go:80.31,81.63 1 0
github.com/TykTechnologies/storage/temporal/internal/driver/redisv8/list.go:81.63,83.4 1 0
github.com/TykTechnologies/storage/temporal/internal/driver/redisv8/list.go:86.2,86.12 1 0
github.com/TykTechnologies/storage/temporal/internal/driver/redisv8/list.go:91.86,94.71 2 0
github.com/TykTechnologies/storage/temporal/internal/driver/redisv8/list.go:94.71,96.17 2 0
github.com/TykTechnologies/storage/temporal/internal/driver/redisv8/list.go:96.17,98.4 1 0
github.com/TykTechnologies/storage/temporal/internal/driver/redisv8/list.go:99.3,101.17 2 0
github.com/TykTechnologies/storage/temporal/internal/driver/redisv8/list.go:101.17,103.4 1 0
github.com/TykTechnologies/storage/temporal/internal/driver/redisv8/list.go:103.9,105.4 1 0
github.com/TykTechnologies/storage/temporal/internal/driver/redisv8/list.go:107.3,107.13 1 0
github.com/TykTechnologies/storage/temporal/internal/driver/redisv8/list.go:109.2,109.16 1 0
github.com/TykTechnologies/storage/temporal/internal/driver/redisv8/list.go:109.16,111.3 1 0
github.com/TykTechnologies/storage/temporal/internal/driver/redisv8/list.go:113.2,113.21 1 0
github.com/TykTechnologies/storage/temporal/internal/driver/redisv8/queue.go:26.72,28.2 1 0
github.com/TykTechnologies/storage/temporal/internal/driver/redisv8/queue.go:31.57,33.2 1 0
github.com/TykTechnologies/storage/temporal/internal/driver/redisv8/queue.go:36.40,37.22 1 0
github.com/TykTechnologies/storage/temporal/internal/driver/redisv8/queue.go:38.22,39.34 1 0
github.com/TykTechnologies/storage/temporal/internal/driver/redisv8/queue.go:40.27,41.39 1 0
github.com/TykTechnologies/storage/temporal/internal/driver/redisv8/queue.go:42.10,43.44 1 0
github.com/TykTechnologies/storage/temporal/internal/driver/redisv8/queue.go:48.52,49.29 1 0
github.com/TykTechnologies/storage/temporal/internal/driver/redisv8/queue.go:50.22,51.26 1 0
github.com/TykTechnologies/storage/temporal/internal/driver/redisv8/queue.go:52.27,53.26 1 0
github.com/TykTechnologies/storage/temporal/internal/driver/redisv8/queue.go:54.10,55.40 1 0
github.com/TykTechnologies/storage/temporal/internal/driver/redisv8/queue.go:60.52,61.29 1 0
github.com/TykTechnologies/storage/temporal/internal/driver/redisv8/queue.go:62.22,63.26 1 0
github.com/TykTechnologies/storage/temporal/internal/driver/redisv8/queue.go:64.27,65.23 1 0
github.com/TykTechnologies/storage/temporal/internal/driver/redisv8/queue.go:66.10,67.40 1 0
github.com/TykTechnologies/storage/temporal/internal/driver/redisv8/queue.go:72.83,74.16 2 0
github.com/TykTechnologies/storage/temporal/internal/driver/redisv8/queue.go:74.16,75.38 1 0
github.com/TykTechnologies/storage/temporal/internal/driver/redisv8/queue.go:75.38,77.4 1 0
github.com/TykTechnologies/storage/temporal/internal/driver/redisv8/queue.go:79.3,79.18 1 0
github.com/TykTechnologies/storage/temporal/internal/driver/redisv8/queue.go:82.2,82.36 1 0
github.com/TykTechnologies/storage/temporal/internal/driver/redisv8/queue.go:86.45,88.2 1 0
github.com/TykTechnologies/storage/temporal/internal/driver/redisv8/queue.go:91.88,93.16 2 0
github.com/TykTechnologies/storage/temporal/internal/driver/redisv8/queue.go:93.16,94.38 1 0
github.com/TykTechnologies/storage/temporal/internal/driver/redisv8/queue.go:94.38,96.4 1 0
github.com/TykTechnologies/storage/temporal/internal/driver/redisv8/queue.go:99.2,99.17 1 0
github.com/TykTechnologies/storage/temporal/internal/driver/redisv8/queue.go:103.89,109.2 3 0
github.com/TykTechnologies/storage/temporal/internal/driver/redisv8/redisv8.go:25.68,27.30 2 1
github.com/TykTechnologies/storage/temporal/internal/driver/redisv8/redisv8.go:27.30,29.3 1 1
github.com/TykTechnologies/storage/temporal/internal/driver/redisv8/redisv8.go:31.2,32.17 2 1
github.com/TykTechnologies/storage/temporal/internal/driver/redisv8/redisv8.go:32.17,34.3 1 0
github.com/TykTechnologies/storage/temporal/internal/driver/redisv8/redisv8.go:37.2,38.24 2 1
github.com/TykTechnologies/storage/temporal/internal/driver/redisv8/redisv8.go:38.24,40.3 1 0
github.com/TykTechnologies/storage/temporal/internal/driver/redisv8/redisv8.go:42.2,43.23 2 1
github.com/TykTechnologies/storage/temporal/internal/driver/redisv8/redisv8.go:43.23,45.3 1 0
github.com/TykTechnologies/storage/temporal/internal/driver/redisv8/redisv8.go:47.2,48.17 2 1
github.com/TykTechnologies/storage/temporal/internal/driver/redisv8/redisv8.go:48.17,52.3 1 0
github.com/TykTechnologies/storage/temporal/internal/driver/redisv8/redisv8.go:53.2,72.35 4 1
github.com/TykTechnologies/storage/temporal/internal/driver/redisv8/redisv8.go:72.35,78.3 4 0
github.com/TykTechnologies/storage/temporal/internal/driver/redisv8/redisv8.go:80.2,80.33 1 1
github.com/TykTechnologies/storage/temporal/internal/driver/redisv8/redisv8.go:80.33,83.79 2 0
github.com/TykTechnologies/storage/temporal/internal/driver/redisv8/redisv8.go:83.79,85.4 1 0
github.com/TykTechnologies/storage/temporal/internal/driver/redisv8/redisv8.go:88.2,88.9 1 1
github.com/TykTechnologies/storage/temporal/internal/driver/redisv8/redisv8.go:89.29,90.61 1 0
github.com/TykTechnologies/storage/temporal/internal/driver/redisv8/redisv8.go:91.26,92.59 1 0
github.com/TykTechnologies/storage/temporal/internal/driver/redisv8/redisv8.go:93.10,94.51 1 1
github.com/TykTechnologies/storage/temporal/internal/driver/redisv8/redisv8.go:97.2,99.20 2 1
github.com/TykTechnologies/storage/temporal/internal/driver/redisv8/redisv8.go:103.71,105.38 2 1
github.com/TykTechnologies/storage/temporal/internal/driver/redisv8/redisv8.go:105.38,107.3 1 0
github.com/TykTechnologies/storage/temporal/internal/driver/redisv8/redisv8.go:109.2,109.55 1 1
github.com/TykTechnologies/storage/temporal/internal/driver/redisv8/set.go:10.78,11.15 1 0
github.com/TykTechnologies/storage/temporal/internal/driver/redisv8/set.go:11.15,13.3 1 0
github.com/TykTechnologies/storage/temporal/internal/driver/redisv8/set.go:15.2,15.45 1 0
github.com/TykTechnologies/storage/temporal/internal/driver/redisv8/set.go:22.76,23.15 1 0
github.com/TykTechnologies/storage/temporal/internal/driver/redisv8/set.go:23.15,25.3 1 0
github.com/TykTechnologies/storage/temporal/internal/driver/redisv8/set.go:27.2,27.46 1 0
github.com/TykTechnologies/storage/temporal/internal/driver/redisv8/set.go:33.79,34.15 1 0
github.com/TykTechnologies/storage/temporal/internal/driver/redisv8/set.go:34.15,36.3 1 0
github.com/TykTechnologies/storage/temporal/internal/driver/redisv8/set.go:38.2,38.46 1 0
github.com/TykTechnologies/storage/temporal/internal/driver/redisv8/set.go:42.83,43.15 1 0
github.com/TykTechnologies/storage/temporal/internal/driver/redisv8/set.go:43.15,45.3 1 0
github.com/TykTechnologies/storage/temporal/internal/driver/redisv8/set.go:47.2,47.54 1 0
github.com/TykTechnologies/storage/temporal/internal/driver/redisv8/sortedset.go:11.106,13.2 1 0
github.com/TykTechnologies/storage/temporal/internal/driver/redisv8/sortedset.go:18.119,20.16 2 0
github.com/TykTechnologies/storage/temporal/internal/driver/redisv8/sortedset.go:20.16,22.3 1 0
github.com/TykTechnologies/storage/temporal/internal/driver/redisv8/sortedset.go:24.2,27.28 3 0
github.com/TykTechnologies/storage/temporal/internal/driver/redisv8/sortedset.go:27.28,30.3 2 0
github.com/TykTechnologies/storage/temporal/internal/driver/redisv8/sortedset.go:32.2,32.29 1 0
github.com/TykTechnologies/storage/temporal/internal/driver/redisv8/sortedset.go:37.103,39.2 1 0
github.com/TykTechnologies/storage/temporal/internal/helper/redis.go:10.63,11.26 1 1
github.com/TykTechnologies/storage/temporal/internal/helper/redis.go:11.26,13.3 1 1
github.com/TykTechnologies/storage/temporal/internal/helper/redis.go:13.8,14.32 1 0
github.com/TykTechnologies/storage/temporal/internal/helper/redis.go:14.32,17.4 2 0
github.com/TykTechnologies/storage/temporal/internal/helper/redis.go:20.2,20.39 1 1
github.com/TykTechnologies/storage/temporal/internal/helper/redis.go:20.39,23.3 2 0
github.com/TykTechnologies/storage/temporal/internal/helper/redis.go:25.2,25.14 1 1
github.com/TykTechnologies/storage/temporal/internal/testutil/testutil.go:16.39,18.2 1 0
github.com/TykTechnologies/storage/temporal/internal/testutil/testutil.go:20.60,22.2 1 0
github.com/TykTechnologies/storage/temporal/internal/testutil/testutil.go:24.63,26.2 1 0
github.com/TykTechnologies/storage/temporal/internal/testutil/testutil.go:28.57,30.2 1 0
github.com/TykTechnologies/storage/temporal/internal/testutil/testutil.go:32.48,34.2 1 0
github.com/TykTechnologies/storage/temporal/internal/testutil/testutil.go:38.53,49.2 5 1
github.com/TykTechnologies/storage/temporal/internal/testutil/testutil.go:51.54,57.20 4 1
github.com/TykTechnologies/storage/temporal/internal/testutil/testutil.go:57.20,61.3 2 1
github.com/TykTechnologies/storage/temporal/internal/testutil/testutil.go:63.2,68.28 4 1
github.com/TykTechnologies/storage/temporal/internal/testutil/testutil.go:68.28,72.3 2 0
github.com/TykTechnologies/storage/temporal/internal/testutil/testutil.go:74.2,78.23 3 1
github.com/TykTechnologies/storage/temporal/internal/testutil/testutil.go:81.66,84.39 2 1
github.com/TykTechnologies/storage/temporal/internal/testutil/testutil.go:84.39,85.62 1 1
github.com/TykTechnologies/storage/temporal/internal/testutil/testutil.go:85.62,87.12 1 0
github.com/TykTechnologies/storage/temporal/internal/testutil/testutil.go:89.3,90.21 2 1
github.com/TykTechnologies/storage/temporal/model/options.go:13.40,15.2 1 1
github.com/TykTechnologies/storage/temporal/model/options.go:18.51,20.30 1 1
github.com/TykTechnologies/storage/temporal/model/options.go:20.30,22.4 1 1
github.com/TykTechnologies/storage/temporal/model/options.go:27.30,29.30 1 0
github.com/TykTechnologies/storage/temporal/model/options.go:29.31,31.4 0 0
github.com/TykTechnologies/storage/temporal/model/options.go:36.47,38.30 1 0
github.com/TykTechnologies/storage/temporal/model/options.go:38.30,40.4 1 0
github.com/TykTechnologies/storage/temporal/model/options.go:46.66,48.30 1 0
github.com/TykTechnologies/storage/temporal/model/options.go:48.30,50.4 1 0
github.com/TykTechnologies/storage/temporal/internal/helper/redis.go:10.63,11.26 1 1
github.com/TykTechnologies/storage/temporal/internal/helper/redis.go:11.26,13.3 1 1
github.com/TykTechnologies/storage/temporal/internal/helper/redis.go:13.8,14.32 1 1
github.com/TykTechnologies/storage/temporal/internal/helper/redis.go:14.32,17.4 2 1
github.com/TykTechnologies/storage/temporal/internal/helper/redis.go:20.2,20.39 1 1
github.com/TykTechnologies/storage/temporal/internal/helper/redis.go:20.39,23.3 2 1
github.com/TykTechnologies/storage/temporal/internal/helper/redis.go:25.2,25.14 1 1
github.com/TykTechnologies/storage/temporal/model/options.go:13.40,15.2 1 0
github.com/TykTechnologies/storage/temporal/model/options.go:18.51,20.30 1 0
github.com/TykTechnologies/storage/temporal/model/options.go:20.30,22.4 1 0
github.com/TykTechnologies/storage/temporal/model/options.go:27.30,29.30 1 0
github.com/TykTechnologies/storage/temporal/model/options.go:29.31,31.4 0 0
github.com/TykTechnologies/storage/temporal/model/options.go:36.47,38.30 1 0
github.com/TykTechnologies/storage/temporal/model/options.go:38.30,40.4 1 0
github.com/TykTechnologies/storage/temporal/model/options.go:46.66,48.30 1 0
github.com/TykTechnologies/storage/temporal/model/options.go:48.30,50.4 1 0
github.com/TykTechnologies/storage/temporal/connector/connector.go:14.86,15.18 1 0
github.com/TykTechnologies/storage/temporal/connector/connector.go:16.25,17.48 1 0
github.com/TykTechnologies/storage/temporal/connector/connector.go:18.10,19.41 1 0
github.com/TykTechnologies/storage/temporal/internal/driver/redisv8/connector.go:10.57,12.2 1 0
github.com/TykTechnologies/storage/temporal/internal/driver/redisv8/connector.go:14.51,16.2 1 0
github.com/TykTechnologies/storage/temporal/internal/driver/redisv8/connector.go:18.33,20.2 1 0
github.com/TykTechnologies/storage/temporal/internal/driver/redisv8/connector.go:25.42,26.45 1 0
github.com/TykTechnologies/storage/temporal/internal/driver/redisv8/connector.go:26.45,29.3 2 0
github.com/TykTechnologies/storage/temporal/internal/driver/redisv8/connector.go:31.2,31.14 1 0
github.com/TykTechnologies/storage/temporal/internal/driver/redisv8/flusher.go:10.55,11.35 1 0
github.com/TykTechnologies/storage/temporal/internal/driver/redisv8/flusher.go:12.28,13.94 1 0
github.com/TykTechnologies/storage/temporal/internal/driver/redisv8/flusher.go:13.94,15.4 1 0
github.com/TykTechnologies/storage/temporal/internal/driver/redisv8/flusher.go:16.21,17.38 1 0
github.com/TykTechnologies/storage/temporal/internal/driver/redisv8/flusher.go:18.10,19.36 1 0
github.com/TykTechnologies/storage/temporal/internal/driver/redisv8/keyvalue.go:16.72,17.15 1 0
github.com/TykTechnologies/storage/temporal/internal/driver/redisv8/keyvalue.go:17.15,19.3 1 0
github.com/TykTechnologies/storage/temporal/internal/driver/redisv8/keyvalue.go:21.2,22.16 2 0
github.com/TykTechnologies/storage/temporal/internal/driver/redisv8/keyvalue.go:22.16,23.32 1 0
github.com/TykTechnologies/storage/temporal/internal/driver/redisv8/keyvalue.go:23.32,25.4 1 0
github.com/TykTechnologies/storage/temporal/internal/driver/redisv8/keyvalue.go:27.3,27.17 1 0
github.com/TykTechnologies/storage/temporal/internal/driver/redisv8/keyvalue.go:30.2,30.20 1 0
github.com/TykTechnologies/storage/temporal/internal/driver/redisv8/keyvalue.go:34.95,35.15 1 0
github.com/TykTechnologies/storage/temporal/internal/driver/redisv8/keyvalue.go:35.15,37.3 1 0
github.com/TykTechnologies/storage/temporal/internal/driver/redisv8/keyvalue.go:39.2,39.56 1 0
github.com/TykTechnologies/storage/temporal/internal/driver/redisv8/keyvalue.go:43.65,44.15 1 0
github.com/TykTechnologies/storage/temporal/internal/driver/redisv8/keyvalue.go:44.15,46.3 1 0
github.com/TykTechnologies/storage/temporal/internal/driver/redisv8/keyvalue.go:48.2,50.12 2 0
github.com/TykTechnologies/storage/temporal/internal/driver/redisv8/keyvalue.go:54.77,55.15 1 0
github.com/TykTechnologies/storage/temporal/internal/driver/redisv8/keyvalue.go:55.15,57.3 1 0
github.com/TykTechnologies/storage/temporal/internal/driver/redisv8/keyvalue.go:59.2,60.97 2 0
github.com/TykTechnologies/storage/temporal/internal/driver/redisv8/keyvalue.go:60.97,62.3 1 0
github.com/TykTechnologies/storage/temporal/internal/driver/redisv8/keyvalue.go:64.2,64.17 1 0
github.com/TykTechnologies/storage/temporal/internal/driver/redisv8/keyvalue.go:68.77,69.15 1 0
github.com/TykTechnologies/storage/temporal/internal/driver/redisv8/keyvalue.go:69.15,71.3 1 0
github.com/TykTechnologies/storage/temporal/internal/driver/redisv8/keyvalue.go:73.2,74.97 2 0
github.com/TykTechnologies/storage/temporal/internal/driver/redisv8/keyvalue.go:74.97,76.3 1 0
github.com/TykTechnologies/storage/temporal/internal/driver/redisv8/keyvalue.go:78.2,78.17 1 0
github.com/TykTechnologies/storage/temporal/internal/driver/redisv8/keyvalue.go:82.73,83.15 1 0
github.com/TykTechnologies/storage/temporal/internal/driver/redisv8/keyvalue.go:83.15,85.3 1 0
github.com/TykTechnologies/storage/temporal/internal/driver/redisv8/keyvalue.go:87.2,89.24 2 0
github.com/TykTechnologies/storage/temporal/internal/driver/redisv8/keyvalue.go:93.91,94.15 1 0
github.com/TykTechnologies/storage/temporal/internal/driver/redisv8/keyvalue.go:94.15,96.3 1 0
github.com/TykTechnologies/storage/temporal/internal/driver/redisv8/keyvalue.go:98.2,98.52 1 0
github.com/TykTechnologies/storage/temporal/internal/driver/redisv8/keyvalue.go:102.71,103.15 1 0
github.com/TykTechnologies/storage/temporal/internal/driver/redisv8/keyvalue.go:103.15,105.3 1 0
github.com/TykTechnologies/storage/temporal/internal/driver/redisv8/keyvalue.go:107.2,108.16 2 0
github.com/TykTechnologies/storage/temporal/internal/driver/redisv8/keyvalue.go:108.16,110.3 1 0
github.com/TykTechnologies/storage/temporal/internal/driver/redisv8/keyvalue.go:112.2,112.39 1 0
github.com/TykTechnologies/storage/temporal/internal/driver/redisv8/keyvalue.go:116.81,117.20 1 0
github.com/TykTechnologies/storage/temporal/internal/driver/redisv8/keyvalue.go:117.20,119.3 1 0
github.com/TykTechnologies/storage/temporal/internal/driver/redisv8/keyvalue.go:121.2,121.30 1 0
github.com/TykTechnologies/storage/temporal/internal/driver/redisv8/keyvalue.go:122.28,123.43 1 0
github.com/TykTechnologies/storage/temporal/internal/driver/redisv8/keyvalue.go:124.21,125.38 1 0
github.com/TykTechnologies/storage/temporal/internal/driver/redisv8/keyvalue.go:126.10,127.39 1 0
github.com/TykTechnologies/storage/temporal/internal/driver/redisv8/keyvalue.go:132.118,135.27 2 0
github.com/TykTechnologies/storage/temporal/internal/driver/redisv8/keyvalue.go:135.27,139.54 2 0
github.com/TykTechnologies/storage/temporal/internal/driver/redisv8/keyvalue.go:139.54,141.4 1 0
github.com/TykTechnologies/storage/temporal/internal/driver/redisv8/keyvalue.go:144.3,145.17 2 0
github.com/TykTechnologies/storage/temporal/internal/driver/redisv8/keyvalue.go:145.17,147.4 1 0
github.com/TykTechnologies/storage/temporal/internal/driver/redisv8/keyvalue.go:149.3,149.26 1 0
github.com/TykTechnologies/storage/temporal/internal/driver/redisv8/keyvalue.go:152.2,152.26 1 0
github.com/TykTechnologies/storage/temporal/internal/driver/redisv8/keyvalue.go:156.87,159.35 2 0
github.com/TykTechnologies/storage/temporal/internal/driver/redisv8/keyvalue.go:160.28,161.90 1 0
github.com/TykTechnologies/storage/temporal/internal/driver/redisv8/keyvalue.go:161.90,163.18 2 0
github.com/TykTechnologies/storage/temporal/internal/driver/redisv8/keyvalue.go:163.18,165.5 1 0
github.com/TykTechnologies/storage/temporal/internal/driver/redisv8/keyvalue.go:167.4,168.14 2 0
github.com/TykTechnologies/storage/temporal/internal/driver/redisv8/keyvalue.go:170.3,170.17 1 0
github.com/TykTechnologies/storage/temporal/internal/driver/redisv8/keyvalue.go:170.17,172.4 1 0
github.com/TykTechnologies/storage/temporal/internal/driver/redisv8/keyvalue.go:174.21,178.17 3 0
github.com/TykTechnologies/storage/temporal/internal/driver/redisv8/keyvalue.go:178.17,180.4 1 0
github.com/TykTechnologies/storage/temporal/internal/driver/redisv8/keyvalue.go:182.10,183.50 1 0
github.com/TykTechnologies/storage/temporal/internal/driver/redisv8/keyvalue.go:186.2,186.26 1 0
github.com/TykTechnologies/storage/temporal/internal/driver/redisv8/keyvalue.go:190.119,197.16 5 0
github.com/TykTechnologies/storage/temporal/internal/driver/redisv8/keyvalue.go:197.16,199.3 1 0
github.com/TykTechnologies/storage/temporal/internal/driver/redisv8/keyvalue.go:201.2,201.19 1 0
github.com/TykTechnologies/storage/temporal/internal/driver/redisv8/keyvalue.go:201.19,203.17 2 0
github.com/TykTechnologies/storage/temporal/internal/driver/redisv8/keyvalue.go:203.17,205.4 1 0
github.com/TykTechnologies/storage/temporal/internal/driver/redisv8/keyvalue.go:207.3,207.25 1 0
github.com/TykTechnologies/storage/temporal/internal/driver/redisv8/keyvalue.go:210.2,210.28 1 0
github.com/TykTechnologies/storage/temporal/internal/driver/redisv8/keyvalue.go:214.79,217.35 2 0
github.com/TykTechnologies/storage/temporal/internal/driver/redisv8/keyvalue.go:218.28,219.90 1 0
github.com/TykTechnologies/storage/temporal/internal/driver/redisv8/keyvalue.go:219.90,221.18 2 0
github.com/TykTechnologies/storage/temporal/internal/driver/redisv8/keyvalue.go:221.18,223.5 1 0
github.com/TykTechnologies/storage/temporal/internal/driver/redisv8/keyvalue.go:225.4,226.14 2 0
github.com/TykTechnologies/storage/temporal/internal/driver/redisv8/keyvalue.go:228.3,228.17 1 0
github.com/TykTechnologies/storage/temporal/internal/driver/redisv8/keyvalue.go:228.17,230.4 1 0
github.com/TykTechnologies/storage/temporal/internal/driver/redisv8/keyvalue.go:232.21,234.17 2 0
github.com/TykTechnologies/storage/temporal/internal/driver/redisv8/keyvalue.go:234.17,236.4 1 0
github.com/TykTechnologies/storage/temporal/internal/driver/redisv8/keyvalue.go:238.3,238.25 1 0
github.com/TykTechnologies/storage/temporal/internal/driver/redisv8/keyvalue.go:240.10,241.41 1 0
github.com/TykTechnologies/storage/temporal/internal/driver/redisv8/keyvalue.go:244.2,244.22 1 0
github.com/TykTechnologies/storage/temporal/internal/driver/redisv8/keyvalue.go:248.82,251.35 2 0
github.com/TykTechnologies/storage/temporal/internal/driver/redisv8/keyvalue.go:252.28,256.28 3 0
github.com/TykTechnologies/storage/temporal/internal/driver/redisv8/keyvalue.go:256.28,258.4 1 0
github.com/TykTechnologies/storage/temporal/internal/driver/redisv8/keyvalue.go:259.3,260.37 2 0
github.com/TykTechnologies/storage/temporal/internal/driver/redisv8/keyvalue.go:260.37,262.4 1 0
github.com/TykTechnologies/storage/temporal/internal/driver/redisv8/keyvalue.go:263.3,263.31 1 0
github.com/TykTechnologies/storage/temporal/internal/driver/redisv8/keyvalue.go:263.31,265.4 1 0
github.com/TykTechnologies/storage/temporal/internal/driver/redisv8/keyvalue.go:267.3,267.21 1 0
github.com/TykTechnologies/storage/temporal/internal/driver/redisv8/keyvalue.go:269.21,271.17 2 0
github.com/TykTechnologies/storage/temporal/internal/driver/redisv8/keyvalue.go:271.17,273.4 1 0
github.com/TykTechnologies/storage/temporal/internal/driver/redisv8/keyvalue.go:274.3,274.30 1 0
github.com/TykTechnologies/storage/temporal/internal/driver/redisv8/keyvalue.go:274.30,276.25 2 0
github.com/TykTechnologies/storage/temporal/internal/driver/redisv8/keyvalue.go:276.25,278.5 1 0
github.com/TykTechnologies/storage/temporal/internal/driver/redisv8/keyvalue.go:279.4,279.35 1 0
github.com/TykTechnologies/storage/temporal/internal/driver/redisv8/keyvalue.go:281.3,281.21 1 0
github.com/TykTechnologies/storage/temporal/internal/driver/redisv8/keyvalue.go:282.10,283.41 1 0
github.com/TykTechnologies/storage/temporal/internal/driver/redisv8/keyvalue.go:290.30,292.16 2 0
github.com/TykTechnologies/storage/temporal/internal/driver/redisv8/keyvalue.go:292.16,294.3 1 0
github.com/TykTechnologies/storage/temporal/internal/driver/redisv8/keyvalue.go:296.2,298.20 2 0
github.com/TykTechnologies/storage/temporal/internal/driver/redisv8/keyvalue.go:298.20,300.3 1 0
github.com/TykTechnologies/storage/temporal/internal/driver/redisv8/keyvalue.go:302.2,303.16 2 0
github.com/TykTechnologies/storage/temporal/internal/driver/redisv8/keyvalue.go:303.16,305.3 1 0
github.com/TykTechnologies/storage/temporal/internal/driver/redisv8/keyvalue.go:307.2,307.27 1 0
github.com/TykTechnologies/storage/temporal/internal/driver/redisv8/keyvalue.go:307.27,309.3 1 0
github.com/TykTechnologies/storage/temporal/internal/driver/redisv8/keyvalue.go:311.2,311.20 1 0
github.com/TykTechnologies/storage/temporal/internal/driver/redisv8/keyvalue.go:319.33,322.35 2 0
github.com/TykTechnologies/storage/temporal/internal/driver/redisv8/keyvalue.go:323.28,324.90 1 0
github.com/TykTechnologies/storage/temporal/internal/driver/redisv8/keyvalue.go:324.90,326.18 2 0
github.com/TykTechnologies/storage/temporal/internal/driver/redisv8/keyvalue.go:326.18,328.5 1 0
github.com/TykTechnologies/storage/temporal/internal/driver/redisv8/keyvalue.go:330.4,332.14 3 0
github.com/TykTechnologies/storage/temporal/internal/driver/redisv8/keyvalue.go:334.3,334.17 1 0
github.com/TykTechnologies/storage/temporal/internal/driver/redisv8/keyvalue.go:334.17,335.39 1 0
github.com/TykTechnologies/storage/temporal/internal/driver/redisv8/keyvalue.go:335.39,337.5 1 0
github.com/TykTechnologies/storage/temporal/internal/driver/redisv8/keyvalue.go:339.4,339.22 1 0
github.com/TykTechnologies/storage/temporal/internal/driver/redisv8/keyvalue.go:342.21,346.17 3 0
github.com/TykTechnologies/storage/temporal/internal/driver/redisv8/keyvalue.go:346.17,347.39 1 0
github.com/TykTechnologies/storage/temporal/internal/driver/redisv8/keyvalue.go:347.39,349.5 1 0
github.com/TykTechnologies/storage/temporal/internal/driver/redisv8/keyvalue.go:351.4,351.22 1 0
github.com/TykTechnologies/storage/temporal/internal/driver/redisv8/keyvalue.go:354.10,355.44 1 0
github.com/TykTechnologies/storage/temporal/internal/driver/redisv8/keyvalue.go:358.2,358.20 1 0
github.com/TykTechnologies/storage/temporal/internal/driver/redisv8/keyvalue.go:367.33,374.35 4 0
github.com/TykTechnologies/storage/temporal/internal/driver/redisv8/keyvalue.go:374.35,376.3 1 0
github.com/TykTechnologies/storage/temporal/internal/driver/redisv8/keyvalue.go:378.2,380.20 2 0
github.com/TykTechnologies/storage/temporal/internal/driver/redisv8/list.go:15.108,17.2 1 0
github.com/TykTechnologies/storage/temporal/internal/driver/redisv8/list.go:23.95,25.2 1 0
github.com/TykTechnologies/storage/temporal/internal/driver/redisv8/list.go:31.74,33.2 1 0
github.com/TykTechnologies/storage/temporal/internal/driver/redisv8/list.go:39.100,40.15 1 0
github.com/TykTechnologies/storage/temporal/internal/driver/redisv8/list.go:40.15,44.32 3 0
github.com/TykTechnologies/storage/temporal/internal/driver/redisv8/list.go:44.32,46.4 1 0
github.com/TykTechnologies/storage/temporal/internal/driver/redisv8/list.go:48.3,50.13 2 0
github.com/TykTechnologies/storage/temporal/internal/driver/redisv8/list.go:53.2,53.31 1 0
github.com/TykTechnologies/storage/temporal/internal/driver/redisv8/list.go:53.31,54.63 1 0
github.com/TykTechnologies/storage/temporal/internal/driver/redisv8/list.go:54.63,56.4 1 0
github.com/TykTechnologies/storage/temporal/internal/driver/redisv8/list.go:59.2,59.12 1 0
github.com/TykTechnologies/storage/temporal/internal/driver/redisv8/list.go:66.99,67.15 1 0
github.com/TykTechnologies/storage/temporal/internal/driver/redisv8/list.go:67.15,71.32 3 0
github.com/TykTechnologies/storage/temporal/internal/driver/redisv8/list.go:71.32,73.4 1 0
github.com/TykTechnologies/storage/temporal/internal/driver/redisv8/list.go:75.3,77.13 2 0
github.com/TykTechnologies/storage/temporal/internal/driver/redisv8/list.go:80.2,80.31 1 0
github.com/TykTechnologies/storage/temporal/internal/driver/redisv8/list.go:80.31,81.63 1 0
github.com/TykTechnologies/storage/temporal/internal/driver/redisv8/list.go:81.63,83.4 1 0
github.com/TykTechnologies/storage/temporal/internal/driver/redisv8/list.go:86.2,86.12 1 0
github.com/TykTechnologies/storage/temporal/internal/driver/redisv8/list.go:91.86,94.71 2 0
github.com/TykTechnologies/storage/temporal/internal/driver/redisv8/list.go:94.71,96.17 2 0
github.com/TykTechnologies/storage/temporal/internal/driver/redisv8/list.go:96.17,98.4 1 0
github.com/TykTechnologies/storage/temporal/internal/driver/redisv8/list.go:99.3,101.17 2 0
github.com/TykTechnologies/storage/temporal/internal/driver/redisv8/list.go:101.17,103.4 1 0
github.com/TykTechnologies/storage/temporal/internal/driver/redisv8/list.go:103.9,105.4 1 0
github.com/TykTechnologies/storage/temporal/internal/driver/redisv8/list.go:107.3,107.13 1 0
github.com/TykTechnologies/storage/temporal/internal/driver/redisv8/list.go:109.2,109.16 1 0
github.com/TykTechnologies/storage/temporal/internal/driver/redisv8/list.go:109.16,111.3 1 0
github.com/TykTechnologies/storage/temporal/internal/driver/redisv8/list.go:113.2,113.21 1 0
github.com/TykTechnologies/storage/temporal/internal/driver/redisv8/queue.go:26.72,28.2 1 0
github.com/TykTechnologies/storage/temporal/internal/driver/redisv8/queue.go:31.57,33.2 1 0
github.com/TykTechnologies/storage/temporal/internal/driver/redisv8/queue.go:36.40,37.22 1 0
github.com/TykTechnologies/storage/temporal/internal/driver/redisv8/queue.go:38.22,39.34 1 0
github.com/TykTechnologies/storage/temporal/internal/driver/redisv8/queue.go:40.27,41.39 1 0
github.com/TykTechnologies/storage/temporal/internal/driver/redisv8/queue.go:42.10,43.44 1 0
github.com/TykTechnologies/storage/temporal/internal/driver/redisv8/queue.go:48.52,49.29 1 0
github.com/TykTechnologies/storage/temporal/internal/driver/redisv8/queue.go:50.22,51.26 1 0
github.com/TykTechnologies/storage/temporal/internal/driver/redisv8/queue.go:52.27,53.26 1 0
github.com/TykTechnologies/storage/temporal/internal/driver/redisv8/queue.go:54.10,55.40 1 0
github.com/TykTechnologies/storage/temporal/internal/driver/redisv8/queue.go:60.52,61.29 1 0
github.com/TykTechnologies/storage/temporal/internal/driver/redisv8/queue.go:62.22,63.26 1 0
github.com/TykTechnologies/storage/temporal/internal/driver/redisv8/queue.go:64.27,65.23 1 0
github.com/TykTechnologies/storage/temporal/internal/driver/redisv8/queue.go:66.10,67.40 1 0
github.com/TykTechnologies/storage/temporal/internal/driver/redisv8/queue.go:72.83,74.16 2 0
github.com/TykTechnologies/storage/temporal/internal/driver/redisv8/queue.go:74.16,75.38 1 0
github.com/TykTechnologies/storage/temporal/internal/driver/redisv8/queue.go:75.38,77.4 1 0
github.com/TykTechnologies/storage/temporal/internal/driver/redisv8/queue.go:79.3,79.18 1 0
github.com/TykTechnologies/storage/temporal/internal/driver/redisv8/queue.go:82.2,82.36 1 0
github.com/TykTechnologies/storage/temporal/internal/driver/redisv8/queue.go:86.45,88.2 1 0
github.com/TykTechnologies/storage/temporal/internal/driver/redisv8/queue.go:91.88,93.16 2 0
github.com/TykTechnologies/storage/temporal/internal/driver/redisv8/queue.go:93.16,94.38 1 0
github.com/TykTechnologies/storage/temporal/internal/driver/redisv8/queue.go:94.38,96.4 1 0
github.com/TykTechnologies/storage/temporal/internal/driver/redisv8/queue.go:99.2,99.17 1 0
github.com/TykTechnologies/storage/temporal/internal/driver/redisv8/queue.go:103.89,109.2 3 0
github.com/TykTechnologies/storage/temporal/internal/driver/redisv8/redisv8.go:25.68,27.30 2 0
github.com/TykTechnologies/storage/temporal/internal/driver/redisv8/redisv8.go:27.30,29.3 1 0
github.com/TykTechnologies/storage/temporal/internal/driver/redisv8/redisv8.go:31.2,32.17 2 0
github.com/TykTechnologies/storage/temporal/internal/driver/redisv8/redisv8.go:32.17,34.3 1 0
github.com/TykTechnologies/storage/temporal/internal/driver/redisv8/redisv8.go:37.2,38.24 2 0
github.com/TykTechnologies/storage/temporal/internal/driver/redisv8/redisv8.go:38.24,40.3 1 0
github.com/TykTechnologies/storage/temporal/internal/driver/redisv8/redisv8.go:42.2,43.23 2 0
github.com/TykTechnologies/storage/temporal/internal/driver/redisv8/redisv8.go:43.23,45.3 1 0
github.com/TykTechnologies/storage/temporal/internal/driver/redisv8/redisv8.go:47.2,48.17 2 0
github.com/TykTechnologies/storage/temporal/internal/driver/redisv8/redisv8.go:48.17,52.3 1 0
github.com/TykTechnologies/storage/temporal/internal/driver/redisv8/redisv8.go:53.2,72.35 4 0
github.com/TykTechnologies/storage/temporal/internal/driver/redisv8/redisv8.go:72.35,78.3 4 0
github.com/TykTechnologies/storage/temporal/internal/driver/redisv8/redisv8.go:80.2,80.33 1 0
github.com/TykTechnologies/storage/temporal/internal/driver/redisv8/redisv8.go:80.33,83.79 2 0
github.com/TykTechnologies/storage/temporal/internal/driver/redisv8/redisv8.go:83.79,85.4 1 0
github.com/TykTechnologies/storage/temporal/internal/driver/redisv8/redisv8.go:88.2,88.9 1 0
github.com/TykTechnologies/storage/temporal/internal/driver/redisv8/redisv8.go:89.29,90.61 1 0
github.com/TykTechnologies/storage/temporal/internal/driver/redisv8/redisv8.go:91.26,92.59 1 0
github.com/TykTechnologies/storage/temporal/internal/driver/redisv8/redisv8.go:93.10,94.51 1 0
github.com/TykTechnologies/storage/temporal/internal/driver/redisv8/redisv8.go:97.2,99.20 2 0
github.com/TykTechnologies/storage/temporal/internal/driver/redisv8/redisv8.go:103.71,105.38 2 0
github.com/TykTechnologies/storage/temporal/internal/driver/redisv8/redisv8.go:105.38,107.3 1 0
github.com/TykTechnologies/storage/temporal/internal/driver/redisv8/redisv8.go:109.2,109.55 1 0
github.com/TykTechnologies/storage/temporal/internal/driver/redisv8/set.go:10.78,11.15 1 0
github.com/TykTechnologies/storage/temporal/internal/driver/redisv8/set.go:11.15,13.3 1 0
github.com/TykTechnologies/storage/temporal/internal/driver/redisv8/set.go:15.2,15.45 1 0
github.com/TykTechnologies/storage/temporal/internal/driver/redisv8/set.go:22.76,23.15 1 0
github.com/TykTechnologies/storage/temporal/internal/driver/redisv8/set.go:23.15,25.3 1 0
github.com/TykTechnologies/storage/temporal/internal/driver/redisv8/set.go:27.2,27.46 1 0
github.com/TykTechnologies/storage/temporal/internal/driver/redisv8/set.go:33.79,34.15 1 0
github.com/TykTechnologies/storage/temporal/internal/driver/redisv8/set.go:34.15,36.3 1 0
github.com/TykTechnologies/storage/temporal/internal/driver/redisv8/set.go:38.2,38.46 1 0
github.com/TykTechnologies/storage/temporal/internal/driver/redisv8/set.go:42.83,43.15 1 0
github.com/TykTechnologies/storage/temporal/internal/driver/redisv8/set.go:43.15,45.3 1 0
github.com/TykTechnologies/storage/temporal/internal/driver/redisv8/set.go:47.2,47.54 1 0
github.com/TykTechnologies/storage/temporal/internal/driver/redisv8/sortedset.go:11.106,13.2 1 0
github.com/TykTechnologies/storage/temporal/internal/driver/redisv8/sortedset.go:18.119,20.16 2 0
github.com/TykTechnologies/storage/temporal/internal/driver/redisv8/sortedset.go:20.16,22.3 1 0
github.com/TykTechnologies/storage/temporal/internal/driver/redisv8/sortedset.go:24.2,27.28 3 0
github.com/TykTechnologies/storage/temporal/internal/driver/redisv8/sortedset.go:27.28,30.3 2 0
github.com/TykTechnologies/storage/temporal/internal/driver/redisv8/sortedset.go:32.2,32.29 1 0
github.com/TykTechnologies/storage/temporal/internal/driver/redisv8/sortedset.go:37.103,39.2 1 0
github.com/TykTechnologies/storage/temporal/internal/helper/redis.go:10.63,11.26 1 0
github.com/TykTechnologies/storage/temporal/internal/helper/redis.go:11.26,13.3 1 0
github.com/TykTechnologies/storage/temporal/internal/helper/redis.go:13.8,14.32 1 0
github.com/TykTechnologies/storage/temporal/internal/helper/redis.go:14.32,17.4 2 0
github.com/TykTechnologies/storage/temporal/internal/helper/redis.go:20.2,20.39 1 0
github.com/TykTechnologies/storage/temporal/internal/helper/redis.go:20.39,23.3 2 0
github.com/TykTechnologies/storage/temporal/internal/helper/redis.go:25.2,25.14 1 0
github.com/TykTechnologies/storage/temporal/internal/testutil/testutil.go:16.39,18.2 1 1
github.com/TykTechnologies/storage/temporal/internal/testutil/testutil.go:20.60,22.2 1 1
github.com/TykTechnologies/storage/temporal/internal/testutil/testutil.go:24.63,26.2 1 1
github.com/TykTechnologies/storage/temporal/internal/testutil/testutil.go:28.57,30.2 1 1
github.com/TykTechnologies/storage/temporal/internal/testutil/testutil.go:32.48,34.2 1 1
github.com/TykTechnologies/storage/temporal/internal/testutil/testutil.go:38.53,49.2 5 0
github.com/TykTechnologies/storage/temporal/internal/testutil/testutil.go:51.54,57.20 4 0
github.com/TykTechnologies/storage/temporal/internal/testutil/testutil.go:57.20,61.3 2 0
github.com/TykTechnologies/storage/temporal/internal/testutil/testutil.go:63.2,68.28 4 0
github.com/TykTechnologies/storage/temporal/internal/testutil/testutil.go:68.28,72.3 2 0
github.com/TykTechnologies/storage/temporal/internal/testutil/testutil.go:74.2,78.23 3 0
github.com/TykTechnologies/storage/temporal/internal/testutil/testutil.go:81.66,84.39 2 0
github.com/TykTechnologies/storage/temporal/internal/testutil/testutil.go:84.39,85.62 1 0
github.com/TykTechnologies/storage/temporal/internal/testutil/testutil.go:85.62,87.12 1 0
github.com/TykTechnologies/storage/temporal/internal/testutil/testutil.go:89.3,90.21 2 0
github.com/TykTechnologies/storage/temporal/model/options.go:13.40,15.2 1 0
github.com/TykTechnologies/storage/temporal/model/options.go:18.51,20.30 1 0
github.com/TykTechnologies/storage/temporal/model/options.go:20.30,22.4 1 0
github.com/TykTechnologies/storage/temporal/model/options.go:27.30,29.30 1 0
github.com/TykTechnologies/storage/temporal/model/options.go:29.31,31.4 0 0
github.com/TykTechnologies/storage/temporal/model/options.go:36.47,38.30 1 0
github.com/TykTechnologies/storage/temporal/model/options.go:38.30,40.4 1 0
github.com/TykTechnologies/storage/temporal/model/options.go:46.66,48.30 1 0
github.com/TykTechnologies/storage/temporal/model/options.go:48.30,50.4 1 0
github.com/TykTechnologies/storage/temporal/connector/connector.go:14.86,15.18 1 1
github.com/TykTechnologies/storage/temporal/connector/connector.go:16.25,17.48 1 1
github.com/TykTechnologies/storage/temporal/connector/connector.go:18.10,19.41 1 0
github.com/TykTechnologies/storage/temporal/flusher/flusher.go:11.56,12.21 1 1
github.com/TykTechnologies/storage/temporal/flusher/flusher.go:13.25,14.48 1 1
github.com/TykTechnologies/storage/temporal/flusher/flusher.go:15.10,16.41 1 0
github.com/TykTechnologies/storage/temporal/internal/driver/redisv8/connector.go:10.57,12.2 1 1
github.com/TykTechnologies/storage/temporal/internal/driver/redisv8/connector.go:14.51,16.2 1 1
github.com/TykTechnologies/storage/temporal/internal/driver/redisv8/connector.go:18.33,20.2 1 1
github.com/TykTechnologies/storage/temporal/internal/driver/redisv8/connector.go:25.42,26.45 1 1
github.com/TykTechnologies/storage/temporal/internal/driver/redisv8/connector.go:26.45,29.3 2 1
github.com/TykTechnologies/storage/temporal/internal/driver/redisv8/connector.go:31.2,31.14 1 0
github.com/TykTechnologies/storage/temporal/internal/driver/redisv8/flusher.go:10.55,11.35 1 1
github.com/TykTechnologies/storage/temporal/internal/driver/redisv8/flusher.go:12.28,13.94 1 0
github.com/TykTechnologies/storage/temporal/internal/driver/redisv8/flusher.go:13.94,15.4 1 0
github.com/TykTechnologies/storage/temporal/internal/driver/redisv8/flusher.go:16.21,17.38 1 1
github.com/TykTechnologies/storage/temporal/internal/driver/redisv8/flusher.go:18.10,19.36 1 0
github.com/TykTechnologies/storage/temporal/internal/driver/redisv8/keyvalue.go:16.72,17.15 1 1
github.com/TykTechnologies/storage/temporal/internal/driver/redisv8/keyvalue.go:17.15,19.3 1 1
github.com/TykTechnologies/storage/temporal/internal/driver/redisv8/keyvalue.go:21.2,22.16 2 1
github.com/TykTechnologies/storage/temporal/internal/driver/redisv8/keyvalue.go:22.16,23.32 1 1
github.com/TykTechnologies/storage/temporal/internal/driver/redisv8/keyvalue.go:23.32,25.4 1 1
github.com/TykTechnologies/storage/temporal/internal/driver/redisv8/keyvalue.go:27.3,27.17 1 0
github.com/TykTechnologies/storage/temporal/internal/driver/redisv8/keyvalue.go:30.2,30.20 1 1
github.com/TykTechnologies/storage/temporal/internal/driver/redisv8/keyvalue.go:34.95,35.15 1 1
github.com/TykTechnologies/storage/temporal/internal/driver/redisv8/keyvalue.go:35.15,37.3 1 1
github.com/TykTechnologies/storage/temporal/internal/driver/redisv8/keyvalue.go:39.2,39.56 1 1
github.com/TykTechnologies/storage/temporal/internal/driver/redisv8/keyvalue.go:43.65,44.15 1 1
github.com/TykTechnologies/storage/temporal/internal/driver/redisv8/keyvalue.go:44.15,46.3 1 1
github.com/TykTechnologies/storage/temporal/internal/driver/redisv8/keyvalue.go:48.2,50.12 2 1
github.com/TykTechnologies/storage/temporal/internal/driver/redisv8/keyvalue.go:54.77,55.15 1 1
github.com/TykTechnologies/storage/temporal/internal/driver/redisv8/keyvalue.go:55.15,57.3 1 1
github.com/TykTechnologies/storage/temporal/internal/driver/redisv8/keyvalue.go:59.2,60.97 2 1
github.com/TykTechnologies/storage/temporal/internal/driver/redisv8/keyvalue.go:60.97,62.3 1 1
github.com/TykTechnologies/storage/temporal/internal/driver/redisv8/keyvalue.go:64.2,64.17 1 1
github.com/TykTechnologies/storage/temporal/internal/driver/redisv8/keyvalue.go:68.77,69.15 1 1
github.com/TykTechnologies/storage/temporal/internal/driver/redisv8/keyvalue.go:69.15,71.3 1 1
github.com/TykTechnologies/storage/temporal/internal/driver/redisv8/keyvalue.go:73.2,74.97 2 1
github.com/TykTechnologies/storage/temporal/internal/driver/redisv8/keyvalue.go:74.97,76.3 1 1
github.com/TykTechnologies/storage/temporal/internal/driver/redisv8/keyvalue.go:78.2,78.17 1 1
github.com/TykTechnologies/storage/temporal/internal/driver/redisv8/keyvalue.go:82.73,83.15 1 1
github.com/TykTechnologies/storage/temporal/internal/driver/redisv8/keyvalue.go:83.15,85.3 1 1
github.com/TykTechnologies/storage/temporal/internal/driver/redisv8/keyvalue.go:87.2,89.24 2 1
github.com/TykTechnologies/storage/temporal/internal/driver/redisv8/keyvalue.go:93.91,94.15 1 1
github.com/TykTechnologies/storage/temporal/internal/driver/redisv8/keyvalue.go:94.15,96.3 1 1
github.com/TykTechnologies/storage/temporal/internal/driver/redisv8/keyvalue.go:98.2,98.52 1 1
github.com/TykTechnologies/storage/temporal/internal/driver/redisv8/keyvalue.go:102.71,103.15 1 1
github.com/TykTechnologies/storage/temporal/internal/driver/redisv8/keyvalue.go:103.15,105.3 1 1
github.com/TykTechnologies/storage/temporal/internal/driver/redisv8/keyvalue.go:107.2,108.16 2 1
github.com/TykTechnologies/storage/temporal/internal/driver/redisv8/keyvalue.go:108.16,110.3 1 0
github.com/TykTechnologies/storage/temporal/internal/driver/redisv8/keyvalue.go:112.2,112.39 1 1
github.com/TykTechnologies/storage/temporal/internal/driver/redisv8/keyvalue.go:116.81,117.20 1 1
github.com/TykTechnologies/storage/temporal/internal/driver/redisv8/keyvalue.go:117.20,119.3 1 1
github.com/TykTechnologies/storage/temporal/internal/driver/redisv8/keyvalue.go:121.2,121.30 1 1
github.com/TykTechnologies/storage/temporal/internal/driver/redisv8/keyvalue.go:122.28,123.43 1 0
github.com/TykTechnologies/storage/temporal/internal/driver/redisv8/keyvalue.go:124.21,125.38 1 1
github.com/TykTechnologies/storage/temporal/internal/driver/redisv8/keyvalue.go:126.10,127.39 1 0
github.com/TykTechnologies/storage/temporal/internal/driver/redisv8/keyvalue.go:132.118,135.27 2 0
github.com/TykTechnologies/storage/temporal/internal/driver/redisv8/keyvalue.go:135.27,139.54 2 0
github.com/TykTechnologies/storage/temporal/internal/driver/redisv8/keyvalue.go:139.54,141.4 1 0
github.com/TykTechnologies/storage/temporal/internal/driver/redisv8/keyvalue.go:144.3,145.17 2 0
github.com/TykTechnologies/storage/temporal/internal/driver/redisv8/keyvalue.go:145.17,147.4 1 0
github.com/TykTechnologies/storage/temporal/internal/driver/redisv8/keyvalue.go:149.3,149.26 1 0
github.com/TykTechnologies/storage/temporal/internal/driver/redisv8/keyvalue.go:152.2,152.26 1 0
github.com/TykTechnologies/storage/temporal/internal/driver/redisv8/keyvalue.go:156.87,159.35 2 1
github.com/TykTechnologies/storage/temporal/internal/driver/redisv8/keyvalue.go:160.28,161.90 1 0
github.com/TykTechnologies/storage/temporal/internal/driver/redisv8/keyvalue.go:161.90,163.18 2 0
github.com/TykTechnologies/storage/temporal/internal/driver/redisv8/keyvalue.go:163.18,165.5 1 0
[...]
github.com/TykTechnologies/storage/temporal/internal/driver/redisv8/keyvalue.go:121.2,121.30 1 0
github.com/TykTechnologies/storage/temporal/internal/driver/redisv8/keyvalue.go:122.28,123.43 1 0
github.com/TykTechnologies/storage/temporal/internal/driver/redisv8/keyvalue.go:124.21,125.38 1 0
github.com/TykTechnologies/storage/temporal/internal/driver/redisv8/keyvalue.go:126.10,127.39 1 0
github.com/TykTechnologies/storage/temporal/internal/driver/redisv8/keyvalue.go:132.118,135.27 2 0
github.com/TykTechnologies/storage/temporal/internal/driver/redisv8/keyvalue.go:135.27,139.54 2 0
github.com/TykTechnologies/storage/temporal/internal/driver/redisv8/keyvalue.go:139.54,141.4 1 0
github.com/TykTechnologies/storage/temporal/internal/driver/redisv8/keyvalue.go:144.3,145.17 2 0
github.com/TykTechnologies/storage/temporal/internal/driver/redisv8/keyvalue.go:145.17,147.4 1 0
github.com/TykTechnologies/storage/temporal/internal/driver/redisv8/keyvalue.go:149.3,149.26 1 0
github.com/TykTechnologies/storage/temporal/internal/driver/redisv8/keyvalue.go:152.2,152.26 1 0
github.com/TykTechnologies/storage/temporal/internal/driver/redisv8/keyvalue.go:156.87,159.35 2 0
github.com/TykTechnologies/storage/temporal/internal/driver/redisv8/keyvalue.go:160.28,161.90 1 0
github.com/TykTechnologies/storage/temporal/internal/driver/redisv8/keyvalue.go:161.90,163.18 2 0
github.com/TykTechnologies/storage/temporal/internal/driver/redisv8/keyvalue.go:163.18,165.5 1 0
github.com/TykTechnologies/storage/temporal/internal/driver/redisv8/keyvalue.go:167.4,168.14 2 0
github.com/TykTechnologies/storage/temporal/internal/driver/redisv8/keyvalue.go:170.3,170.17 1 0
github.com/TykTechnologies/storage/temporal/internal/driver/redisv8/keyvalue.go:170.17,172.4 1 0
github.com/TykTechnologies/storage/temporal/internal/driver/redisv8/keyvalue.go:174.21,178.17 3 0
github.com/TykTechnologies/storage/temporal/internal/driver/redisv8/keyvalue.go:178.17,180.4 1 0
github.com/TykTechnologies/storage/temporal/internal/driver/redisv8/keyvalue.go:182.10,183.50 1 0
github.com/TykTechnologies/storage/temporal/internal/driver/redisv8/keyvalue.go:186.2,186.26 1 0
github.com/TykTechnologies/storage/temporal/internal/driver/redisv8/keyvalue.go:190.119,197.16 5 0
github.com/TykTechnologies/storage/temporal/internal/driver/redisv8/keyvalue.go:197.16,199.3 1 0
github.com/TykTechnologies/storage/temporal/internal/driver/redisv8/keyvalue.go:201.2,201.19 1 0
github.com/TykTechnologies/storage/temporal/internal/driver/redisv8/keyvalue.go:201.19,203.17 2 0
github.com/TykTechnologies/storage/temporal/internal/driver/redisv8/keyvalue.go:203.17,205.4 1 0
github.com/TykTechnologies/storage/temporal/internal/driver/redisv8/keyvalue.go:207.3,207.25 1 0
github.com/TykTechnologies/storage/temporal/internal/driver/redisv8/keyvalue.go:210.2,210.28 1 0
github.com/TykTechnologies/storage/temporal/internal/driver/redisv8/keyvalue.go:214.79,217.35 2 0
github.com/TykTechnologies/storage/temporal/internal/driver/redisv8/keyvalue.go:218.28,219.90 1 0
github.com/TykTechnologies/storage/temporal/internal/driver/redisv8/keyvalue.go:219.90,221.18 2 0
github.com/TykTechnologies/storage/temporal/internal/driver/redisv8/keyvalue.go:221.18,223.5 1 0
github.com/TykTechnologies/storage/temporal/internal/driver/redisv8/keyvalue.go:225.4,226.14 2 0
github.com/TykTechnologies/storage/temporal/internal/driver/redisv8/keyvalue.go:228.3,228.17 1 0
github.com/TykTechnologies/storage/temporal/internal/driver/redisv8/keyvalue.go:228.17,230.4 1 0
github.com/TykTechnologies/storage/temporal/internal/driver/redisv8/keyvalue.go:232.21,234.17 2 0
github.com/TykTechnologies/storage/temporal/internal/driver/redisv8/keyvalue.go:234.17,236.4 1 0
github.com/TykTechnologies/storage/temporal/internal/driver/redisv8/keyvalue.go:238.3,238.25 1 0
github.com/TykTechnologies/storage/temporal/internal/driver/redisv8/keyvalue.go:240.10,241.41 1 0
github.com/TykTechnologies/storage/temporal/internal/driver/redisv8/keyvalue.go:244.2,244.22 1 0
github.com/TykTechnologies/storage/temporal/internal/driver/redisv8/keyvalue.go:248.82,251.35 2 0
github.com/TykTechnologies/storage/temporal/internal/driver/redisv8/keyvalue.go:252.28,256.28 3 0
github.com/TykTechnologies/storage/temporal/internal/driver/redisv8/keyvalue.go:256.28,258.4 1 0
github.com/TykTechnologies/storage/temporal/internal/driver/redisv8/keyvalue.go:259.3,260.37 2 0
github.com/TykTechnologies/storage/temporal/internal/driver/redisv8/keyvalue.go:260.37,262.4 1 0
github.com/TykTechnologies/storage/temporal/internal/driver/redisv8/keyvalue.go:263.3,263.31 1 0
github.com/TykTechnologies/storage/temporal/internal/driver/redisv8/keyvalue.go:263.31,265.4 1 0
github.com/TykTechnologies/storage/temporal/internal/driver/redisv8/keyvalue.go:267.3,267.21 1 0
github.com/TykTechnologies/storage/temporal/internal/driver/redisv8/keyvalue.go:269.21,271.17 2 0
github.com/TykTechnologies/storage/temporal/internal/driver/redisv8/keyvalue.go:271.17,273.4 1 0
github.com/TykTechnologies/storage/temporal/internal/driver/redisv8/keyvalue.go:274.3,274.30 1 0
github.com/TykTechnologies/storage/temporal/internal/driver/redisv8/keyvalue.go:274.30,276.25 2 0
github.com/TykTechnologies/storage/temporal/internal/driver/redisv8/keyvalue.go:276.25,278.5 1 0
github.com/TykTechnologies/storage/temporal/internal/driver/redisv8/keyvalue.go:279.4,279.35 1 0
github.com/TykTechnologies/storage/temporal/internal/driver/redisv8/keyvalue.go:281.3,281.21 1 0
github.com/TykTechnologies/storage/temporal/internal/driver/redisv8/keyvalue.go:282.10,283.41 1 0
github.com/TykTechnologies/storage/temporal/internal/driver/redisv8/keyvalue.go:290.30,292.16 2 0
github.com/TykTechnologies/storage/temporal/internal/driver/redisv8/keyvalue.go:292.16,294.3 1 0
github.com/TykTechnologies/storage/temporal/internal/driver/redisv8/keyvalue.go:296.2,298.20 2 0
github.com/TykTechnologies/storage/temporal/internal/driver/redisv8/keyvalue.go:298.20,300.3 1 0
github.com/TykTechnologies/storage/temporal/internal/driver/redisv8/keyvalue.go:302.2,303.16 2 0
github.com/TykTechnologies/storage/temporal/internal/driver/redisv8/keyvalue.go:303.16,305.3 1 0
github.com/TykTechnologies/storage/temporal/internal/driver/redisv8/keyvalue.go:307.2,307.27 1 0
github.com/TykTechnologies/storage/temporal/internal/driver/redisv8/keyvalue.go:307.27,309.3 1 0
github.com/TykTechnologies/storage/temporal/internal/driver/redisv8/keyvalue.go:311.2,311.20 1 0
github.com/TykTechnologies/storage/temporal/internal/driver/redisv8/keyvalue.go:319.33,322.35 2 0
github.com/TykTechnologies/storage/temporal/internal/driver/redisv8/keyvalue.go:323.28,324.90 1 0
github.com/TykTechnologies/storage/temporal/internal/driver/redisv8/keyvalue.go:324.90,326.18 2 0
github.com/TykTechnologies/storage/temporal/internal/driver/redisv8/keyvalue.go:326.18,328.5 1 0
github.com/TykTechnologies/storage/temporal/internal/driver/redisv8/keyvalue.go:330.4,332.14 3 0
github.com/TykTechnologies/storage/temporal/internal/driver/redisv8/keyvalue.go:334.3,334.17 1 0
github.com/TykTechnologies/storage/temporal/internal/driver/redisv8/keyvalue.go:334.17,335.39 1 0
github.com/TykTechnologies/storage/temporal/internal/driver/redisv8/keyvalue.go:335.39,337.5 1 0
github.com/TykTechnologies/storage/temporal/internal/driver/redisv8/keyvalue.go:339.4,339.22 1 0
github.com/TykTechnologies/storage/temporal/internal/driver/redisv8/keyvalue.go:342.21,346.17 3 0
github.com/TykTechnologies/storage/temporal/internal/driver/redisv8/keyvalue.go:346.17,347.39 1 0
github.com/TykTechnologies/storage/temporal/internal/driver/redisv8/keyvalue.go:347.39,349.5 1 0
github.com/TykTechnologies/storage/temporal/internal/driver/redisv8/keyvalue.go:351.4,351.22 1 0
github.com/TykTechnologies/storage/temporal/internal/driver/redisv8/keyvalue.go:354.10,355.44 1 0
github.com/TykTechnologies/storage/temporal/internal/driver/redisv8/keyvalue.go:358.2,358.20 1 0
github.com/TykTechnologies/storage/temporal/internal/driver/redisv8/keyvalue.go:367.33,374.35 4 0
github.com/TykTechnologies/storage/temporal/internal/driver/redisv8/keyvalue.go:374.35,376.3 1 0
github.com/TykTechnologies/storage/temporal/internal/driver/redisv8/keyvalue.go:378.2,380.20 2 0
github.com/TykTechnologies/storage/temporal/internal/driver/redisv8/list.go:15.108,17.2 1 0
github.com/TykTechnologies/storage/temporal/internal/driver/redisv8/list.go:23.95,25.2 1 0
github.com/TykTechnologies/storage/temporal/internal/driver/redisv8/list.go:31.74,33.2 1 0
github.com/TykTechnologies/storage/temporal/internal/driver/redisv8/list.go:39.100,40.15 1 0
github.com/TykTechnologies/storage/temporal/internal/driver/redisv8/list.go:40.15,44.32 3 0
github.com/TykTechnologies/storage/temporal/internal/driver/redisv8/list.go:44.32,46.4 1 0
github.com/TykTechnologies/storage/temporal/internal/driver/redisv8/list.go:48.3,50.13 2 0
github.com/TykTechnologies/storage/temporal/internal/driver/redisv8/list.go:53.2,53.31 1 0
github.com/TykTechnologies/storage/temporal/internal/driver/redisv8/list.go:53.31,54.63 1 0
github.com/TykTechnologies/storage/temporal/internal/driver/redisv8/list.go:54.63,56.4 1 0
github.com/TykTechnologies/storage/temporal/internal/driver/redisv8/list.go:59.2,59.12 1 0
github.com/TykTechnologies/storage/temporal/internal/driver/redisv8/list.go:66.99,67.15 1 0
github.com/TykTechnologies/storage/temporal/internal/driver/redisv8/list.go:67.15,71.32 3 0
github.com/TykTechnologies/storage/temporal/internal/driver/redisv8/list.go:71.32,73.4 1 0
github.com/TykTechnologies/storage/temporal/internal/driver/redisv8/list.go:75.3,77.13 2 0
github.com/TykTechnologies/storage/temporal/internal/driver/redisv8/list.go:80.2,80.31 1 0
github.com/TykTechnologies/storage/temporal/internal/driver/redisv8/list.go:80.31,81.63 1 0
github.com/TykTechnologies/storage/temporal/internal/driver/redisv8/list.go:81.63,83.4 1 0
github.com/TykTechnologies/storage/temporal/internal/driver/redisv8/list.go:86.2,86.12 1 0
github.com/TykTechnologies/storage/temporal/internal/driver/redisv8/list.go:91.86,94.71 2 0
github.com/TykTechnologies/storage/temporal/internal/driver/redisv8/list.go:94.71,96.17 2 0
github.com/TykTechnologies/storage/temporal/internal/driver/redisv8/list.go:96.17,98.4 1 0
github.com/TykTechnologies/storage/temporal/internal/driver/redisv8/list.go:99.3,101.17 2 0
github.com/TykTechnologies/storage/temporal/internal/driver/redisv8/list.go:101.17,103.4 1 0
github.com/TykTechnologies/storage/temporal/internal/driver/redisv8/list.go:103.9,105.4 1 0
github.com/TykTechnologies/storage/temporal/internal/driver/redisv8/list.go:107.3,107.13 1 0
github.com/TykTechnologies/storage/temporal/internal/driver/redisv8/list.go:109.2,109.16 1 0
github.com/TykTechnologies/storage/temporal/internal/driver/redisv8/list.go:109.16,111.3 1 0
github.com/TykTechnologies/storage/temporal/internal/driver/redisv8/list.go:113.2,113.21 1 0
github.com/TykTechnologies/storage/temporal/internal/driver/redisv8/queue.go:26.72,28.2 1 0
github.com/TykTechnologies/storage/temporal/internal/driver/redisv8/queue.go:31.57,33.2 1 0
github.com/TykTechnologies/storage/temporal/internal/driver/redisv8/queue.go:36.40,37.22 1 0
github.com/TykTechnologies/storage/temporal/internal/driver/redisv8/queue.go:38.22,39.34 1 0
github.com/TykTechnologies/storage/temporal/internal/driver/redisv8/queue.go:40.27,41.39 1 0
github.com/TykTechnologies/storage/temporal/internal/driver/redisv8/queue.go:42.10,43.44 1 0
github.com/TykTechnologies/storage/temporal/internal/driver/redisv8/queue.go:48.52,49.29 1 0
github.com/TykTechnologies/storage/temporal/internal/driver/redisv8/queue.go:50.22,51.26 1 0
github.com/TykTechnologies/storage/temporal/internal/driver/redisv8/queue.go:52.27,53.26 1 0
github.com/TykTechnologies/storage/temporal/internal/driver/redisv8/queue.go:54.10,55.40 1 0
github.com/TykTechnologies/storage/temporal/internal/driver/redisv8/queue.go:60.52,61.29 1 0
github.com/TykTechnologies/storage/temporal/internal/driver/redisv8/queue.go:62.22,63.26 1 0
github.com/TykTechnologies/storage/temporal/internal/driver/redisv8/queue.go:64.27,65.23 1 0
github.com/TykTechnologies/storage/temporal/internal/driver/redisv8/queue.go:66.10,67.40 1 0
github.com/TykTechnologies/storage/temporal/internal/driver/redisv8/queue.go:72.83,74.16 2 0
github.com/TykTechnologies/storage/temporal/internal/driver/redisv8/queue.go:74.16,75.38 1 0
github.com/TykTechnologies/storage/temporal/internal/driver/redisv8/queue.go:75.38,77.4 1 0
github.com/TykTechnologies/storage/temporal/internal/driver/redisv8/queue.go:79.3,79.18 1 0
github.com/TykTechnologies/storage/temporal/internal/driver/redisv8/queue.go:82.2,82.36 1 0
github.com/TykTechnologies/storage/temporal/internal/driver/redisv8/queue.go:86.45,88.2 1 0
github.com/TykTechnologies/storage/temporal/internal/driver/redisv8/queue.go:91.88,93.16 2 0
github.com/TykTechnologies/storage/temporal/internal/driver/redisv8/queue.go:93.16,94.38 1 0
github.com/TykTechnologies/storage/temporal/internal/driver/redisv8/queue.go:94.38,96.4 1 0
github.com/TykTechnologies/storage/temporal/internal/driver/redisv8/queue.go:99.2,99.17 1 0
github.com/TykTechnologies/storage/temporal/internal/driver/redisv8/queue.go:103.89,109.2 3 0
github.com/TykTechnologies/storage/temporal/internal/driver/redisv8/redisv8.go:25.68,27.30 2 1
github.com/TykTechnologies/storage/temporal/internal/driver/redisv8/redisv8.go:27.30,29.3 1 1
github.com/TykTechnologies/storage/temporal/internal/driver/redisv8/redisv8.go:31.2,32.17 2 1
github.com/TykTechnologies/storage/temporal/internal/driver/redisv8/redisv8.go:32.17,34.3 1 0
github.com/TykTechnologies/storage/temporal/internal/driver/redisv8/redisv8.go:37.2,38.24 2 1
github.com/TykTechnologies/storage/temporal/internal/driver/redisv8/redisv8.go:38.24,40.3 1 0
github.com/TykTechnologies/storage/temporal/internal/driver/redisv8/redisv8.go:42.2,43.23 2 1
github.com/TykTechnologies/storage/temporal/internal/driver/redisv8/redisv8.go:43.23,45.3 1 0
github.com/TykTechnologies/storage/temporal/internal/driver/redisv8/redisv8.go:47.2,48.17 2 1
github.com/TykTechnologies/storage/temporal/internal/driver/redisv8/redisv8.go:48.17,52.3 1 0
github.com/TykTechnologies/storage/temporal/internal/driver/redisv8/redisv8.go:53.2,72.35 4 1
github.com/TykTechnologies/storage/temporal/internal/driver/redisv8/redisv8.go:72.35,78.3 4 0
github.com/TykTechnologies/storage/temporal/internal/driver/redisv8/redisv8.go:80.2,80.33 1 1
github.com/TykTechnologies/storage/temporal/internal/driver/redisv8/redisv8.go:80.33,83.79 2 0
github.com/TykTechnologies/storage/temporal/internal/driver/redisv8/redisv8.go:83.79,85.4 1 0
github.com/TykTechnologies/storage/temporal/internal/driver/redisv8/redisv8.go:88.2,88.9 1 1
github.com/TykTechnologies/storage/temporal/internal/driver/redisv8/redisv8.go:89.29,90.61 1 0
github.com/TykTechnologies/storage/temporal/internal/driver/redisv8/redisv8.go:91.26,92.59 1 0
github.com/TykTechnologies/storage/temporal/internal/driver/redisv8/redisv8.go:93.10,94.51 1 1
github.com/TykTechnologies/storage/temporal/internal/driver/redisv8/redisv8.go:97.2,99.20 2 1
github.com/TykTechnologies/storage/temporal/internal/driver/redisv8/redisv8.go:103.71,105.38 2 1
github.com/TykTechnologies/storage/temporal/internal/driver/redisv8/redisv8.go:105.38,107.3 1 0
github.com/TykTechnologies/storage/temporal/internal/driver/redisv8/redisv8.go:109.2,109.55 1 1
github.com/TykTechnologies/storage/temporal/internal/driver/redisv8/set.go:10.78,11.15 1 0
github.com/TykTechnologies/storage/temporal/internal/driver/redisv8/set.go:11.15,13.3 1 0
github.com/TykTechnologies/storage/temporal/internal/driver/redisv8/set.go:15.2,15.45 1 0
github.com/TykTechnologies/storage/temporal/internal/driver/redisv8/set.go:22.76,23.15 1 0
github.com/TykTechnologies/storage/temporal/internal/driver/redisv8/set.go:23.15,25.3 1 0
github.com/TykTechnologies/storage/temporal/internal/driver/redisv8/set.go:27.2,27.46 1 0
github.com/TykTechnologies/storage/temporal/internal/driver/redisv8/set.go:33.79,34.15 1 0
github.com/TykTechnologies/storage/temporal/internal/driver/redisv8/set.go:34.15,36.3 1 0
github.com/TykTechnologies/storage/temporal/internal/driver/redisv8/set.go:38.2,38.46 1 0
github.com/TykTechnologies/storage/temporal/internal/driver/redisv8/set.go:42.83,43.15 1 0
github.com/TykTechnologies/storage/temporal/internal/driver/redisv8/set.go:43.15,45.3 1 0
github.com/TykTechnologies/storage/temporal/internal/driver/redisv8/set.go:47.2,47.54 1 0
github.com/TykTechnologies/storage/temporal/internal/driver/redisv8/sortedset.go:11.106,13.2 1 1
github.com/TykTechnologies/storage/temporal/internal/driver/redisv8/sortedset.go:18.119,20.16 2 1
github.com/TykTechnologies/storage/temporal/internal/driver/redisv8/sortedset.go:20.16,22.3 1 1
github.com/TykTechnologies/storage/temporal/internal/driver/redisv8/sortedset.go:24.2,27.28 3 1
github.com/TykTechnologies/storage/temporal/internal/driver/redisv8/sortedset.go:27.28,30.3 2 1
github.com/TykTechnologies/storage/temporal/internal/driver/redisv8/sortedset.go:32.2,32.29 1 1
github.com/TykTechnologies/storage/temporal/internal/driver/redisv8/sortedset.go:37.103,39.2 1 1
github.com/TykTechnologies/storage/temporal/internal/helper/redis.go:10.63,11.26 1 1
github.com/TykTechnologies/storage/temporal/internal/helper/redis.go:11.26,13.3 1 1
github.com/TykTechnologies/storage/temporal/internal/helper/redis.go:13.8,14.32 1 0
github.com/TykTechnologies/storage/temporal/internal/helper/redis.go:14.32,17.4 2 0
github.com/TykTechnologies/storage/temporal/internal/helper/redis.go:20.2,20.39 1 1
github.com/TykTechnologies/storage/temporal/internal/helper/redis.go:20.39,23.3 2 0
github.com/TykTechnologies/storage/temporal/internal/helper/redis.go:25.2,25.14 1 1
github.com/TykTechnologies/storage/temporal/internal/testutil/testutil.go:16.39,18.2 1 0
github.com/TykTechnologies/storage/temporal/internal/testutil/testutil.go:20.60,22.2 1 0
github.com/TykTechnologies/storage/temporal/internal/testutil/testutil.go:24.63,26.2 1 0
github.com/TykTechnologies/storage/temporal/internal/testutil/testutil.go:28.57,30.2 1 0
github.com/TykTechnologies/storage/temporal/internal/testutil/testutil.go:32.48,34.2 1 0
github.com/TykTechnologies/storage/temporal/internal/testutil/testutil.go:38.53,49.2 5 1
github.com/TykTechnologies/storage/temporal/internal/testutil/testutil.go:51.54,57.20 4 1
github.com/TykTechnologies/storage/temporal/internal/testutil/testutil.go:57.20,61.3 2 1
github.com/TykTechnologies/storage/temporal/internal/testutil/testutil.go:63.2,68.28 4 1
github.com/TykTechnologies/storage/temporal/internal/testutil/testutil.go:68.28,72.3 2 0
github.com/TykTechnologies/storage/temporal/internal/testutil/testutil.go:74.2,78.23 3 1
github.com/TykTechnologies/storage/temporal/internal/testutil/testutil.go:81.66,84.39 2 1
github.com/TykTechnologies/storage/temporal/internal/testutil/testutil.go:84.39,85.62 1 1
github.com/TykTechnologies/storage/temporal/internal/testutil/testutil.go:85.62,87.12 1 0
github.com/TykTechnologies/storage/temporal/internal/testutil/testutil.go:89.3,90.21 2 1
github.com/TykTechnologies/storage/temporal/model/options.go:13.40,15.2 1 1
github.com/TykTechnologies/storage/temporal/model/options.go:18.51,20.30 1 1
github.com/TykTechnologies/storage/temporal/model/options.go:20.30,22.4 1 1
github.com/TykTechnologies/storage/temporal/model/options.go:27.30,29.30 1 0
github.com/TykTechnologies/storage/temporal/model/options.go:29.31,31.4 0 0
github.com/TykTechnologies/storage/temporal/model/options.go:36.47,38.30 1 0
github.com/TykTechnologies/storage/temporal/model/options.go:38.30,40.4 1 0
github.com/TykTechnologies/storage/temporal/model/options.go:46.66,48.30 1 0
github.com/TykTechnologies/storage/temporal/model/options.go:48.30,50.4 1 0
github.com/TykTechnologies/storage/temporal/sortedset/sortedset.go:13.60,14.21 1 1
github.com/TykTechnologies/storage/temporal/sortedset/sortedset.go:15.25,16.48 1 1
github.com/TykTechnologies/storage/temporal/sortedset/sortedset.go:17.10,18.41 1 0
